260221 162746.297|CONFIG|qtp325333723-33|log|Now logging to C:\Users\Shahd\git\2shahds_WCF_2026\logs directory.
260221 162746.298|INFO|qtp325333723-33|log|
260221 162746.298|INFO|qtp325333723-33|log|Version 9.10.0 () Java ver 21.0.8 build 7065 Windows 11 10.0 (amd64) 
260221 162746.298|INFO|qtp325333723-33|log|Login: admin (aka root)
260221 162746.299|INFO|qtp325333723-33|log|Working directory is C:\Users\Shahd\git\2shahds_WCF_2026
260221 162746.300|INFO|qtp325333723-33|log|Process id is 31612@DESKTOP-5EPLK95
260221 162746.302|INFO|qtp325333723-33|log|Contacting server at localhost:50002 as ADMINISTRATOR0 @ site 0
260221 162746.303|INFO|qtp325333723-33|log|sendLoginRequest start - sending from ADMINISTRATOR0 @ site 0
260221 162746.303|INFO|qtp325333723-33|log|Sending packet to server Packet[LOGIN_REQUEST] #6 ADMINISTRATOR0 @ site 0 -> SERVER0 @ site 0
260221 162746.303|INFO|Thread-40|log|receiveUnencrypted(TransportWrapper, ConnectionHandlerID=Socket[addr=localhost/127.0.0.1,port=50002,localport=58947]--453266446075429163)
260221 162746.303|INFO|qtp325333723-33|log|Sent    packet to server Packet[LOGIN_REQUEST] #6 ADMINISTRATOR0 @ site 0 -> SERVER0 @ site 0
260221 162746.303|INFO|qtp325333723-33|log|sendLoginRequest end - packet sent.
260221 162746.304|INFO|Thread-41|log|send(Serializable)
260221 162756.443|INFO|qtp325333723-33|log|Login failed - timed out, server at localhost:50002 as ADMINISTRATOR0 @ site 0
260221 163750.982|CONFIG|qtp325333723-35|log|Now logging to C:\Users\Shahd\git\2shahds_WCF_2026\logs directory.
260221 163750.984|INFO|qtp325333723-35|log|
260221 163750.984|INFO|qtp325333723-35|log|Version 9.10.0 () Java ver 21.0.8 build 7065 Windows 11 10.0 (amd64) 
260221 163750.984|INFO|qtp325333723-35|log|Login: admin (aka root)
260221 163750.985|INFO|qtp325333723-35|log|Working directory is C:\Users\Shahd\git\2shahds_WCF_2026
260221 163750.985|INFO|qtp325333723-35|log|Process id is 11424@DESKTOP-5EPLK95
260221 163750.985|INFO|qtp325333723-35|log|Contacting server at localhost:50002 as ADMINISTRATOR0 @ site 0
260221 163750.985|INFO|qtp325333723-35|log|sendLoginRequest start - sending from ADMINISTRATOR0 @ site 0
260221 163750.986|INFO|qtp325333723-35|log|Sending packet to server Packet[LOGIN_REQUEST] #4 ADMINISTRATOR0 @ site 0 -> SERVER0 @ site 0
260221 163750.986|INFO|qtp325333723-35|log|Sent    packet to server Packet[LOGIN_REQUEST] #4 ADMINISTRATOR0 @ site 0 -> SERVER0 @ site 0
260221 163750.986|INFO|qtp325333723-35|log|sendLoginRequest end - packet sent.
260221 163750.986|INFO|Thread-31|log|send(Serializable)
260221 163750.987|INFO|Thread-30|log|receiveUnencrypted(TransportWrapper, ConnectionHandlerID=Socket[addr=localhost/127.0.0.1,port=50002,localport=63356]--4512044598639516393)
260221 163750.992|INFO|Thread-30|log|receiveUnencrypted Made a secret key for Socket[addr=localhost/127.0.0.1,port=50002,localport=63356]--4512044598639516393 key is com.sun.crypto.provider.DESKey@1853f
260221 163750.992|INFO|Thread-30|log|Generating Unencrypted Public Key Packet
260221 163750.993|INFO|Thread-30|log|checking key:= SunJCE Diffie-Hellman Public Key:
y:
    9ef70a27 da55b21f 66e30077 608b5ed9 2334cf8b 53fb3276 0e92b1d9 cc4f2740
    0fe3b93d 9958f38f d88cb489 c38ec0b4 81dcc525 8ddb4e40 36f33d01 01751a18
    0dc37e12 8517c58c 102fbdc4 73b86791 ac502dff 8fde12e7 3096d11f 121a72aa
    71ebfe73 f39022d8 1d5ce222 bc5af835 20e25050 6b9e053b 4720a6e9 9ff8a4ee
p:
    f488fd58 4e49dbcd 20b49de4 9107366b 336c380d 451d0f7c 88b31c7c 5b2d8ef6
    f3c923c0 43f0a55b 188d8ebb 558cb85d 38d334fd 7c175743 a31d186c de33212c
    b52aff3c e1b12940 18118d7c 84a70a72 d686c403 19c80729 7aca950c d9969fab
    d00a509b 0246d308 3d66a45d 419f9c7c bd894b22 1926baab a25ec355 e92f78c7
g:
    02
l:
    512
260221 163750.993|INFO|Thread-30|log|packet:= edu.csus.ecs.pc2.core.transport.TransportWrapper@74d20c0c
260221 163751.013|INFO|Thread-30|log|public void receive(SealedObject TransportPacket, ConnectionHandlerID connectionHandlerID)
260221 163751.015|INFO|Thread-32|log| receiveObject(S) start got Packet[LOGIN_FAILED] #8 SERVER0 @ site 1 -> ADMINISTRATOR0 @ site 0
260221 163751.016|INFO|Thread-32|log|Packet LOGIN_FAILED (Seq #8, o#8 ) recieveObject
260221 163751.016|INFO|Thread-32|log|  From: SERVER0 @ site 1, oSERVER0 @ site 1 (DESKTOP-5EPLK95 @ 192.168.0.1) (Contest Id: Default--8496739082754078555)
260221 163751.016|INFO|Thread-32|log|    To: ADMINISTRATOR0 @ site 0
260221 163751.016|INFO|Thread-32|log|   key: MESSAGE_STRING is: java.lang.String No such account
260221 163751.016|INFO|Thread-32|log|handlePacket start Packet[LOGIN_FAILED] #8 SERVER0 @ site 1 -> ADMINISTRATOR0 @ site 0
260221 163751.017|INFO|Thread-32|log|Packet LOGIN_FAILED (Seq #8, o#8 ) handlePacket
260221 163751.017|INFO|Thread-32|log|  From: SERVER0 @ site 1, oSERVER0 @ site 1 (DESKTOP-5EPLK95 @ 192.168.0.1) (Contest Id: Default--8496739082754078555)
260221 163751.017|INFO|Thread-32|log|    To: ADMINISTRATOR0 @ site 0
260221 163751.017|INFO|Thread-32|log|   key: MESSAGE_STRING is: java.lang.String No such account
260221 163751.018|INFO|Thread-32|log| receiveObject(S) end   got Packet[LOGIN_FAILED] #8 SERVER0 @ site 1 -> ADMINISTRATOR0 @ site 0
260221 164330.372|INFO|Thread-30|log|connectionDropped(ConnectionHandlerID myConnectionID) 
