260224 214317.058|CONFIG|qtp38997010-23|log|Now logging to C:\Users\Lenovo\git\2shahds_WCF_2026\logs directory.
260224 214317.059|INFO|qtp38997010-23|log|
260224 214317.062|INFO|qtp38997010-23|log|Version 9.10.0 () Java ver 1.8.0_51 build 7065 Windows 8.1 6.3 (amd64) 
260224 214317.062|INFO|qtp38997010-23|log|Working directory is C:\Users\Lenovo\git\2shahds_WCF_2026
260224 214317.070|INFO|qtp38997010-23|log|Process id is 11584@lilsaados
260224 214317.071|INFO|qtp38997010-23|log|Starting ConnectionManager...
260224 214317.773|INFO|qtp38997010-23|log|Started ConnectionManager
260224 214317.785|SEVERE|qtp38997010-23|log|Cannot start PC^2, pc2v9.ini file not found in C:\Users\Lenovo\git\2shahds_WCF_2026
260224 214317.785|INFO|qtp38997010-23|log|Contacting server at localhost:50002
260224 214317.787|INFO|qtp38997010-23|log|Connecting to localhost:50002
260224 214330.098|INFO|Thread-14|log|EOFException in receive for Socket[addr=localhost/127.0.0.1,port=50002,localport=49773]--8739018803924034811
|java.io.EOFException: null
|    at java.io.ObjectInputStream$BlockDataInputStream.peekByte (Unknown Source)
|    at java.io.ObjectInputStream.readObject0 (Unknown Source)
|    at java.io.ObjectInputStream.readObject (Unknown Source)
|    at edu.csus.ecs.pc2.core.transport.ConnectionHandlerThread.receive (ConnectionHandlerThread.java:152)
|    at edu.csus.ecs.pc2.core.transport.ConnectionHandlerClientThread.run (ConnectionHandlerClientThread.java:66)
260224 214330.101|FINER|Thread-14|run|THROW
|edu.csus.ecs.pc2.core.transport.TransportException: null
|    at edu.csus.ecs.pc2.core.transport.ConnectionHandlerThread.receive (ConnectionHandlerThread.java:159)
|    at edu.csus.ecs.pc2.core.transport.ConnectionHandlerClientThread.run (ConnectionHandlerClientThread.java:66)
260224 214330.101|FINER|Thread-14|run - e.getmessage is null()|THROW
|edu.csus.ecs.pc2.core.transport.TransportException: null
|    at edu.csus.ecs.pc2.core.transport.ConnectionHandlerThread.receive (ConnectionHandlerThread.java:159)
|    at edu.csus.ecs.pc2.core.transport.ConnectionHandlerClientThread.run (ConnectionHandlerClientThread.java:66)
