260224 213556.733|CONFIG|qtp38997010-22|log|Now logging to C:\Users\Lenovo\git\2shahds_WCF_2026\logs directory.
260224 213556.734|INFO|qtp38997010-22|log|
260224 213556.736|INFO|qtp38997010-22|log|Version 9.10.0 () Java ver 1.8.0_51 build 7065 Windows 8.1 6.3 (amd64) 
260224 213556.737|INFO|qtp38997010-22|log|Working directory is C:\Users\Lenovo\git\2shahds_WCF_2026
260224 213556.746|INFO|qtp38997010-22|log|Process id is 10084@lilsaados
260224 213556.747|INFO|qtp38997010-22|log|Starting ConnectionManager...
260224 213557.442|INFO|qtp38997010-22|log|Started ConnectionManager
260224 213557.453|SEVERE|qtp38997010-22|log|Cannot start PC^2, pc2v9.ini file not found in C:\Users\Lenovo\git\2shahds_WCF_2026
260224 213557.453|INFO|qtp38997010-22|log|Contacting server at localhost:50002
260224 213557.454|INFO|qtp38997010-22|log|Connecting to localhost:50002
260224 213635.516|INFO|Thread-14|log|EOFException in receive for Socket[addr=localhost/127.0.0.1,port=50002,localport=49501]--1124054902572346251
|java.io.EOFException: null
|    at java.io.ObjectInputStream$BlockDataInputStream.peekByte (Unknown Source)
|    at java.io.ObjectInputStream.readObject0 (Unknown Source)
|    at java.io.ObjectInputStream.readObject (Unknown Source)
|    at edu.csus.ecs.pc2.core.transport.ConnectionHandlerThread.receive (ConnectionHandlerThread.java:152)
|    at edu.csus.ecs.pc2.core.transport.ConnectionHandlerClientThread.run (ConnectionHandlerClientThread.java:66)
260224 213635.518|FINER|Thread-14|run|THROW
|edu.csus.ecs.pc2.core.transport.TransportException: null
|    at edu.csus.ecs.pc2.core.transport.ConnectionHandlerThread.receive (ConnectionHandlerThread.java:159)
|    at edu.csus.ecs.pc2.core.transport.ConnectionHandlerClientThread.run (ConnectionHandlerClientThread.java:66)
260224 213635.519|FINER|Thread-14|run - e.getmessage is null()|THROW
|edu.csus.ecs.pc2.core.transport.TransportException: null
|    at edu.csus.ecs.pc2.core.transport.ConnectionHandlerThread.receive (ConnectionHandlerThread.java:159)
|    at edu.csus.ecs.pc2.core.transport.ConnectionHandlerClientThread.run (ConnectionHandlerClientThread.java:66)
