260223 224939.255|CONFIG|qtp38997010-22|log|Now logging to C:\Users\Lenovo\git\2shahds_WCF_2026\logs directory.
260223 224939.258|INFO|qtp38997010-22|log|
260223 224939.262|INFO|qtp38997010-22|log|Version 9.10.0 () Java ver 1.8.0_51 build 7065 Windows 8.1 6.3 (amd64) 
260223 224939.263|INFO|qtp38997010-22|log|Working directory is C:\Users\Lenovo\git\2shahds_WCF_2026
260223 224939.277|INFO|qtp38997010-22|log|Process id is 12576@lilsaados
260223 224939.277|INFO|qtp38997010-22|log|Starting ConnectionManager...
260223 224940.533|INFO|qtp38997010-22|log|Started ConnectionManager
260223 224940.570|SEVERE|qtp38997010-22|log|Cannot start PC^2, pc2v9.ini file not found in C:\Users\Lenovo\git\2shahds_WCF_2026
260223 224940.571|INFO|qtp38997010-22|log|Contacting server at localhost:50002
260223 224940.572|INFO|qtp38997010-22|log|Connecting to localhost:50002
260223 230128.162|INFO|Thread-14|log|EOFException in receive for Socket[addr=localhost/127.0.0.1,port=50002,localport=54338]--1287548308405867985
|java.io.EOFException: null
|    at java.io.ObjectInputStream$BlockDataInputStream.peekByte (Unknown Source)
|    at java.io.ObjectInputStream.readObject0 (Unknown Source)
|    at java.io.ObjectInputStream.readObject (Unknown Source)
|    at edu.csus.ecs.pc2.core.transport.ConnectionHandlerThread.receive (ConnectionHandlerThread.java:152)
|    at edu.csus.ecs.pc2.core.transport.ConnectionHandlerClientThread.run (ConnectionHandlerClientThread.java:66)
260223 230128.173|FINER|Thread-14|run|THROW
|edu.csus.ecs.pc2.core.transport.TransportException: null
|    at edu.csus.ecs.pc2.core.transport.ConnectionHandlerThread.receive (ConnectionHandlerThread.java:159)
|    at edu.csus.ecs.pc2.core.transport.ConnectionHandlerClientThread.run (ConnectionHandlerClientThread.java:66)
260223 230128.173|FINER|Thread-14|run - e.getmessage is null()|THROW
|edu.csus.ecs.pc2.core.transport.TransportException: null
|    at edu.csus.ecs.pc2.core.transport.ConnectionHandlerThread.receive (ConnectionHandlerThread.java:159)
|    at edu.csus.ecs.pc2.core.transport.ConnectionHandlerClientThread.run (ConnectionHandlerClientThread.java:66)
