260302 235817.439|CONFIG|qtp477289012-37|log|Now logging to C:\Users\Shahd\git\2shahds_WCF_2026\logs directory.
260302 235817.441|INFO|qtp477289012-37|log|
260302 235817.443|INFO|qtp477289012-37|log|Version 9.10.0 () Java ver 21.0.8 build 7065 Windows 11 10.0 (amd64) 
260302 235817.444|INFO|qtp477289012-37|log|Working directory is C:\Users\Shahd\git\2shahds_WCF_2026
260302 235817.450|INFO|qtp477289012-37|log|Process id is 26740@DESKTOP-5EPLK95
260302 235817.451|INFO|qtp477289012-37|log|Starting ConnectionManager...
260302 235817.469|INFO|qtp477289012-37|log|Started ConnectionManager
260302 235817.470|SEVERE|qtp477289012-37|log|Cannot start PC^2, pc2v9.ini file not found in C:\Users\Shahd\git\2shahds_WCF_2026
260302 235817.470|INFO|qtp477289012-37|log|Contacting server at localhost:50002
260302 235817.471|INFO|qtp477289012-37|log|Connecting to localhost:50002
260303 000057.343|INFO|Thread-18|log|SocketException in receive for Socket[addr=localhost/127.0.0.1,port=50002,localport=49891]-8093415343308958037
|java.net.SocketException: Connection reset
|    at sun.nio.ch.NioSocketImpl.implRead (NioSocketImpl.java:318)
|    at sun.nio.ch.NioSocketImpl.read (NioSocketImpl.java:346)
|    at sun.nio.ch.NioSocketImpl$1.read (NioSocketImpl.java:796)
|    at java.net.Socket$SocketInputStream.read (Socket.java:1099)
|    at java.net.Socket$SocketInputStream.read (Socket.java:1093)
|    at java.io.ObjectInputStream$PeekInputStream.peek (ObjectInputStream.java:2893)
|    at java.io.ObjectInputStream$BlockDataInputStream.peek (ObjectInputStream.java:3220)
|    at java.io.ObjectInputStream$BlockDataInputStream.peekByte (ObjectInputStream.java:3230)
|    at java.io.ObjectInputStream.readObject0 (ObjectInputStream.java:1713)
|    at java.io.ObjectInputStream.readObject (ObjectInputStream.java:540)
|    at java.io.ObjectInputStream.readObject (ObjectInputStream.java:498)
|    at edu.csus.ecs.pc2.core.transport.ConnectionHandlerThread.receive (ConnectionHandlerThread.java:152)
|    at edu.csus.ecs.pc2.core.transport.ConnectionHandlerClientThread.run (ConnectionHandlerClientThread.java:66)
260303 000057.344|FINER|Thread-18|run|THROW
|edu.csus.ecs.pc2.core.transport.TransportException: Connection reset
|    at edu.csus.ecs.pc2.core.transport.ConnectionHandlerThread.receive (ConnectionHandlerThread.java:156)
|    at edu.csus.ecs.pc2.core.transport.ConnectionHandlerClientThread.run (ConnectionHandlerClientThread.java:66)
