260217 204446.627|CONFIG|qtp1130478920-18|log|Now logging to /home/shahd/eclipse-workspace/wti1/logs directory.
260217 204446.628|INFO|qtp1130478920-18|log|
260217 204446.630|INFO|qtp1130478920-18|log|Version 9.10.0 () Java ver 11.0.30 build 7065 Linux 6.8.0-90-generic (amd64) 
260217 204446.631|INFO|qtp1130478920-18|log|Working directory is /home/shahd/eclipse-workspace/wti1
260217 204446.642|INFO|qtp1130478920-18|log|Process id is 69202@shahoda
260217 204446.643|INFO|qtp1130478920-18|log|Starting ConnectionManager...
260217 204446.733|INFO|qtp1130478920-18|log|Started ConnectionManager
260217 204446.734|SEVERE|qtp1130478920-18|log|Cannot start PC^2, pc2v9.ini file not found in /home/shahd/eclipse-workspace/wti1
260217 204446.735|INFO|qtp1130478920-18|log|Contacting server at localhost:50002
260217 204446.736|INFO|qtp1130478920-18|log|Connecting to localhost:50002
260217 204447.333|INFO|Thread-13|log|EOFException in receive for Socket[addr=localhost/127.0.0.1,port=50002,localport=59538]-3029091564551054888
|java.io.EOFException: null
|    at java.io.ObjectInputStream$BlockDataInputStream.peekByte (ObjectInputStream.java:3210)
|    at java.io.ObjectInputStream.readObject0 (ObjectInputStream.java:1638)
|    at java.io.ObjectInputStream.readObject (ObjectInputStream.java:489)
|    at java.io.ObjectInputStream.readObject (ObjectInputStream.java:447)
|    at edu.csus.ecs.pc2.core.transport.ConnectionHandlerThread.receive (ConnectionHandlerThread.java:152)
|    at edu.csus.ecs.pc2.core.transport.ConnectionHandlerClientThread.run (ConnectionHandlerClientThread.java:66)
260217 204447.343|FINER|Thread-13|run|THROW
|edu.csus.ecs.pc2.core.transport.TransportException: null
|    at edu.csus.ecs.pc2.core.transport.ConnectionHandlerThread.receive (ConnectionHandlerThread.java:159)
|    at edu.csus.ecs.pc2.core.transport.ConnectionHandlerClientThread.run (ConnectionHandlerClientThread.java:66)
260217 204447.343|FINER|Thread-13|run - e.getmessage is null()|THROW
|edu.csus.ecs.pc2.core.transport.TransportException: null
|    at edu.csus.ecs.pc2.core.transport.ConnectionHandlerThread.receive (ConnectionHandlerThread.java:159)
|    at edu.csus.ecs.pc2.core.transport.ConnectionHandlerClientThread.run (ConnectionHandlerClientThread.java:66)
