260224 211848.281|CONFIG|qtp38997010-15|log|Now logging to C:\Users\Lenovo\git\2shahds_WCF_2026\logs directory.
260224 211848.281|INFO|qtp38997010-15|log|
260224 211848.281|INFO|qtp38997010-15|log|Version 9.10.0 () Java ver 1.8.0_51 build 7065 Windows 8.1 6.3 (amd64) 
260224 211848.282|INFO|qtp38997010-15|log|Working directory is C:\Users\Lenovo\git\2shahds_WCF_2026
260224 211848.283|INFO|qtp38997010-15|log|Process id is 23624@lilsaados
260224 211848.283|INFO|qtp38997010-15|log|Starting ConnectionManager...
260224 211848.285|INFO|qtp38997010-15|log|Started ConnectionManager
260224 211848.286|SEVERE|qtp38997010-15|log|Cannot start PC^2, pc2v9.ini file not found in C:\Users\Lenovo\git\2shahds_WCF_2026
260224 211848.286|INFO|qtp38997010-15|log|Contacting server at localhost:50002
260224 211848.286|INFO|qtp38997010-15|log|Connecting to localhost:50002
260224 211848.291|INFO|Thread-18|log|receiveUnencrypted(TransportWrapper, ConnectionHandlerID=Socket[addr=localhost/127.0.0.1,port=50002,localport=49207]-2578173013319062553)
260224 211904.423|INFO|Thread-18|log|EOFException in receive for Socket[addr=localhost/127.0.0.1,port=50002,localport=49207]-2578173013319062553
|java.io.EOFException: null
|    at java.io.ObjectInputStream$BlockDataInputStream.peekByte (Unknown Source)
|    at java.io.ObjectInputStream.readObject0 (Unknown Source)
|    at java.io.ObjectInputStream.readObject (Unknown Source)
|    at edu.csus.ecs.pc2.core.transport.ConnectionHandlerThread.receive (ConnectionHandlerThread.java:152)
|    at edu.csus.ecs.pc2.core.transport.ConnectionHandlerClientThread.run (ConnectionHandlerClientThread.java:66)
260224 211904.423|FINER|Thread-18|run|THROW
|edu.csus.ecs.pc2.core.transport.TransportException: null
|    at edu.csus.ecs.pc2.core.transport.ConnectionHandlerThread.receive (ConnectionHandlerThread.java:159)
|    at edu.csus.ecs.pc2.core.transport.ConnectionHandlerClientThread.run (ConnectionHandlerClientThread.java:66)
260224 211904.423|FINER|Thread-18|run - e.getmessage is null()|THROW
|edu.csus.ecs.pc2.core.transport.TransportException: null
|    at edu.csus.ecs.pc2.core.transport.ConnectionHandlerThread.receive (ConnectionHandlerThread.java:159)
|    at edu.csus.ecs.pc2.core.transport.ConnectionHandlerClientThread.run (ConnectionHandlerClientThread.java:66)
