260224 212622.932|CONFIG|qtp38997010-17|log|Now logging to C:\Users\Lenovo\git\2shahds_WCF_2026\logs directory.
260224 212622.933|INFO|qtp38997010-17|log|
260224 212622.935|INFO|qtp38997010-17|log|Version 9.10.0 () Java ver 1.8.0_51 build 7065 Windows 8.1 6.3 (amd64) 
260224 212622.935|INFO|qtp38997010-17|log|Working directory is C:\Users\Lenovo\git\2shahds_WCF_2026
260224 212622.944|INFO|qtp38997010-17|log|Process id is 19300@lilsaados
260224 212622.945|INFO|qtp38997010-17|log|Starting ConnectionManager...
260224 212623.619|INFO|qtp38997010-17|log|Started ConnectionManager
260224 212623.620|SEVERE|qtp38997010-17|log|Cannot start PC^2, pc2v9.ini file not found in C:\Users\Lenovo\git\2shahds_WCF_2026
260224 212623.620|INFO|qtp38997010-17|log|Contacting server at localhost:50002
260224 212623.621|INFO|qtp38997010-17|log|Connecting to localhost:50002
260224 212953.555|INFO|Thread-14|log|EOFException in receive for Socket[addr=localhost/127.0.0.1,port=50002,localport=51111]-9083396559548907786
|java.io.EOFException: null
|    at java.io.ObjectInputStream$BlockDataInputStream.peekByte (Unknown Source)
|    at java.io.ObjectInputStream.readObject0 (Unknown Source)
|    at java.io.ObjectInputStream.readObject (Unknown Source)
|    at edu.csus.ecs.pc2.core.transport.ConnectionHandlerThread.receive (ConnectionHandlerThread.java:152)
|    at edu.csus.ecs.pc2.core.transport.ConnectionHandlerClientThread.run (ConnectionHandlerClientThread.java:66)
260224 212953.556|FINER|Thread-14|run|THROW
|edu.csus.ecs.pc2.core.transport.TransportException: null
|    at edu.csus.ecs.pc2.core.transport.ConnectionHandlerThread.receive (ConnectionHandlerThread.java:159)
|    at edu.csus.ecs.pc2.core.transport.ConnectionHandlerClientThread.run (ConnectionHandlerClientThread.java:66)
260224 212953.556|FINER|Thread-14|run - e.getmessage is null()|THROW
|edu.csus.ecs.pc2.core.transport.TransportException: null
|    at edu.csus.ecs.pc2.core.transport.ConnectionHandlerThread.receive (ConnectionHandlerThread.java:159)
|    at edu.csus.ecs.pc2.core.transport.ConnectionHandlerClientThread.run (ConnectionHandlerClientThread.java:66)
