260224 000113.727|CONFIG|qtp38997010-23|log|Now logging to C:\Users\Lenovo\git\2shahds_WCF_2026\logs directory.
260224 000113.729|INFO|qtp38997010-23|log|
260224 000113.732|INFO|qtp38997010-23|log|Version 9.10.0 () Java ver 1.8.0_51 build 7065 Windows 8.1 6.3 (amd64) 
260224 000113.732|INFO|qtp38997010-23|log|Working directory is C:\Users\Lenovo\git\2shahds_WCF_2026
260224 000113.743|INFO|qtp38997010-23|log|Process id is 10288@lilsaados
260224 000113.744|INFO|qtp38997010-23|log|Starting ConnectionManager...
260224 000114.521|INFO|qtp38997010-23|log|Started ConnectionManager
260224 000114.533|SEVERE|qtp38997010-23|log|Cannot start PC^2, pc2v9.ini file not found in C:\Users\Lenovo\git\2shahds_WCF_2026
260224 000114.533|INFO|qtp38997010-23|log|Contacting server at localhost:50002
260224 000114.534|INFO|qtp38997010-23|log|Connecting to localhost:50002
260224 000450.209|INFO|Thread-14|log|SocketException in receive for Socket[addr=localhost/127.0.0.1,port=50002,localport=53031]-484375624278374604
|java.net.SocketException: Connection reset
|    at java.net.SocketInputStream.read (Unknown Source)
|    at java.net.SocketInputStream.read (Unknown Source)
|    at java.net.SocketInputStream.read (Unknown Source)
|    at java.io.ObjectInputStream$PeekInputStream.peek (Unknown Source)
|    at java.io.ObjectInputStream$BlockDataInputStream.peek (Unknown Source)
|    at java.io.ObjectInputStream$BlockDataInputStream.peekByte (Unknown Source)
|    at java.io.ObjectInputStream.readObject0 (Unknown Source)
|    at java.io.ObjectInputStream.readObject (Unknown Source)
|    at edu.csus.ecs.pc2.core.transport.ConnectionHandlerThread.receive (ConnectionHandlerThread.java:152)
|    at edu.csus.ecs.pc2.core.transport.ConnectionHandlerClientThread.run (ConnectionHandlerClientThread.java:66)
260224 000450.211|FINER|Thread-14|run|THROW
|edu.csus.ecs.pc2.core.transport.TransportException: Connection reset
|    at edu.csus.ecs.pc2.core.transport.ConnectionHandlerThread.receive (ConnectionHandlerThread.java:156)
|    at edu.csus.ecs.pc2.core.transport.ConnectionHandlerClientThread.run (ConnectionHandlerClientThread.java:66)
