260221 163825.251|CONFIG|qtp325333723-52|log|Now logging to C:\Users\Shahd\git\2shahds_WCF_2026\logs directory.
260221 163825.253|INFO|qtp325333723-52|log|
260221 163825.260|INFO|qtp325333723-52|log|Version 9.10.0 () Java ver 21.0.8 build 7065 Windows 11 10.0 (amd64) 
260221 163825.261|INFO|qtp325333723-52|log|Working directory is C:\Users\Shahd\git\2shahds_WCF_2026
260221 163825.263|INFO|qtp325333723-52|log|Process id is 11424@DESKTOP-5EPLK95
260221 163825.263|INFO|qtp325333723-52|log|Starting ConnectionManager...
260221 163825.266|INFO|qtp325333723-52|log|Started ConnectionManager
260221 163825.272|SEVERE|qtp325333723-52|log|Cannot start PC^2, pc2v9.ini file not found in C:\Users\Shahd\git\2shahds_WCF_2026
260221 163825.272|INFO|qtp325333723-52|log|Contacting server at localhost:50002
260221 163825.272|INFO|qtp325333723-52|log|Connecting to localhost:50002
260221 163825.280|INFO|Thread-35|log|receiveUnencrypted(TransportWrapper, ConnectionHandlerID=Socket[addr=localhost/127.0.0.1,port=50002,localport=61455]--3489909163893568818)
260221 164330.370|INFO|Thread-35|log|SocketException in receive for Socket[addr=localhost/127.0.0.1,port=50002,localport=61455]--3489909163893568818
|java.net.SocketException: Connection reset
|    at sun.nio.ch.NioSocketImpl.implRead (NioSocketImpl.java:318)
|    at sun.nio.ch.NioSocketImpl.read (NioSocketImpl.java:346)
|    at sun.nio.ch.NioSocketImpl$1.read (NioSocketImpl.java:796)
|    at java.net.Socket$SocketInputStream.read (Socket.java:1099)
|    at java.net.Socket$SocketInputStream.read (Socket.java:1093)
|    at java.io.ObjectInputStream$PeekInputStream.peek (ObjectInputStream.java:2893)
|    at java.io.ObjectInputStream$BlockDataInputStream.peek (ObjectInputStream.java:3220)
|    at java.io.ObjectInputStream$BlockDataInputStream.peekByte (ObjectInputStream.java:3230)
|    at java.io.ObjectInputStream.readObject0 (ObjectInputStream.java:1713)
|    at java.io.ObjectInputStream.readObject (ObjectInputStream.java:540)
|    at java.io.ObjectInputStream.readObject (ObjectInputStream.java:498)
|    at edu.csus.ecs.pc2.core.transport.ConnectionHandlerThread.receive (ConnectionHandlerThread.java:152)
|    at edu.csus.ecs.pc2.core.transport.ConnectionHandlerClientThread.run (ConnectionHandlerClientThread.java:66)
260221 164330.372|FINER|Thread-35|run|THROW
|edu.csus.ecs.pc2.core.transport.TransportException: Connection reset
|    at edu.csus.ecs.pc2.core.transport.ConnectionHandlerThread.receive (ConnectionHandlerThread.java:156)
|    at edu.csus.ecs.pc2.core.transport.ConnectionHandlerClientThread.run (ConnectionHandlerClientThread.java:66)
