260224 212216.398|CONFIG|qtp38997010-18|log|Now logging to C:\Users\Lenovo\git\2shahds_WCF_2026\logs directory.
260224 212216.399|INFO|qtp38997010-18|log|
260224 212216.399|INFO|qtp38997010-18|log|Version 9.10.0 () Java ver 1.8.0_51 build 7065 Windows 8.1 6.3 (amd64) 
260224 212216.399|INFO|qtp38997010-18|log|Login: team1 (aka team1)
260224 212216.399|INFO|qtp38997010-18|log|Working directory is C:\Users\Lenovo\git\2shahds_WCF_2026
260224 212216.399|INFO|qtp38997010-18|log|Process id is 23624@lilsaados
260224 212216.399|INFO|qtp38997010-18|log|Contacting server at localhost:50002 as TEAM1 @ site 0
260224 212216.400|INFO|Thread-46|log|receiveUnencrypted(TransportWrapper, ConnectionHandlerID=Socket[addr=localhost/127.0.0.1,port=50002,localport=49258]--2512376172105638515)
260224 212216.400|INFO|qtp38997010-18|log|sendLoginRequest start - sending from TEAM1 @ site 0
260224 212216.401|INFO|qtp38997010-18|log|Sending packet to server Packet[LOGIN_REQUEST] #9 TEAM1 @ site 0 -> SERVER0 @ site 0
260224 212216.401|INFO|qtp38997010-18|log|Sent    packet to server Packet[LOGIN_REQUEST] #9 TEAM1 @ site 0 -> SERVER0 @ site 0
260224 212216.401|INFO|Thread-47|log|send(Serializable)
260224 212216.401|INFO|qtp38997010-18|log|sendLoginRequest end - packet sent.
260224 212216.404|INFO|Thread-46|log|receiveUnencrypted Made a secret key for Socket[addr=localhost/127.0.0.1,port=50002,localport=49258]--2512376172105638515 key is com.sun.crypto.provider.DESKey@1869b
260224 212216.404|INFO|Thread-46|log|Generating Unencrypted Public Key Packet
260224 212216.404|INFO|Thread-46|log|checking key:= SunJCE Diffie-Hellman Public Key:
y:
    431ef047 ffd63912 6dab263a e00144ef 796632e5 6fa76603 80df6583 dfb217f1
    35809d6c a8423a24 5cbdc9b8 41ee7c96 8d701905 4c005b40 0dd4e10f 92dde1b1
    00e6393b a92d73bc 5ad14c5a c7e577c7 07fa98a9 927993cd 4e0af8d6 27ea05d6
    3bed0e93 d15adc0e 5bf0744e 1082a0ea fc49e01c 20c566b1 5de63b41 4025d629
p:
    f488fd58 4e49dbcd 20b49de4 9107366b 336c380d 451d0f7c 88b31c7c 5b2d8ef6
    f3c923c0 43f0a55b 188d8ebb 558cb85d 38d334fd 7c175743 a31d186c de33212c
    b52aff3c e1b12940 18118d7c 84a70a72 d686c403 19c80729 7aca950c d9969fab
    d00a509b 0246d308 3d66a45d 419f9c7c bd894b22 1926baab a25ec355 e92f78c7
g:
    02
l:
    512
260224 212216.404|INFO|Thread-46|log|packet:= edu.csus.ecs.pc2.core.transport.TransportWrapper@2e7efaa5
260224 212216.418|INFO|Thread-46|log|public void receive(SealedObject TransportPacket, ConnectionHandlerID connectionHandlerID)
260224 212216.423|INFO|Thread-48|log| receiveObject(S) start got Packet[LOGIN_SUCCESS] #47 SERVER0 @ site 1 -> TEAM1 @ site 1
260224 212216.423|INFO|Thread-48|log|Packet LOGIN_SUCCESS (Seq #47, o#47 ) recieveObject
260224 212216.423|INFO|Thread-48|log|  From: SERVER0 @ site 1, oSERVER0 @ site 1 (lilsaados @ 169.254.83.107) (Contest Id: Default--8030075252927918473)
260224 212216.423|INFO|Thread-48|log|    To: TEAM1 @ site 1
260224 212216.423|INFO|Thread-48|log|   key: ACCOUNT_ARRAY is: [Ledu.csus.ecs.pc2.core.model.Account; [Ledu.csus.ecs.pc2.core.model.Account;@7146b772
260224 212216.423|INFO|Thread-48|log|   key: GENERAL_PROBLEM is: edu.csus.ecs.pc2.core.model.Problem General
260224 212216.423|INFO|Thread-48|log|   key: SERVER_CLOCK_OFFSET is: java.util.GregorianCalendar java.util.GregorianCalendar[time=1771960936413,areFieldsSet=true,areAllFieldsSet=false,lenient=true,zone=sun.util.calendar.ZoneInfo[id="GMT",offset=0,dstSavings=0,useDaylight=false,transitions=0,lastRule=null],firstDayOfWeek=1,minimalDaysInFirstWeek=1,ERA=1,YEAR=2026,MONTH=1,WEEK_OF_YEAR=9,WEEK_OF_MONTH=4,DAY_OF_MONTH=24,DAY_OF_YEAR=55,DAY_OF_WEEK=3,DAY_OF_WEEK_IN_MONTH=4,AM_PM=1,HOUR=7,HOUR_OF_DAY=19,MINUTE=22,SECOND=16,MILLISECOND=413,ZONE_OFFSET=0,DST_OFFSET=0]
260224 212216.423|INFO|Thread-48|log|   key: JUDGEMENT_LIST is: [Ledu.csus.ecs.pc2.core.model.Judgement; [Ledu.csus.ecs.pc2.core.model.Judgement;@7f81472a
260224 212216.423|INFO|Thread-48|log|   key: PROBLEM_DATA_FILES is: [Ledu.csus.ecs.pc2.core.model.ProblemDataFiles; [Ledu.csus.ecs.pc2.core.model.ProblemDataFiles;@7bbedc02
260224 212216.423|INFO|Thread-48|log|   key: LANGUAGE_LIST is: [Ledu.csus.ecs.pc2.core.model.Language; [Ledu.csus.ecs.pc2.core.model.Language;@3ebc4d11
260224 212216.423|INFO|Thread-48|log|   key: PROFILE is: edu.csus.ecs.pc2.core.model.Profile Default-917756220166097124
260224 212216.423|INFO|Thread-48|log|   key: BALLOON_SETTINGS_LIST is: [Ledu.csus.ecs.pc2.core.model.BalloonSettings; [Ledu.csus.ecs.pc2.core.model.BalloonSettings;@7a058093
260224 212216.423|INFO|Thread-48|log|   key: REMOTE_LOGGED_IN_USERS is: [Ledu.csus.ecs.pc2.core.model.ClientId; [Ledu.csus.ecs.pc2.core.model.ClientId;@f4830ee
260224 212216.423|INFO|Thread-48|log|   key: CLARIFICATION_LIST is: [Ledu.csus.ecs.pc2.core.model.Clarification; [Ledu.csus.ecs.pc2.core.model.Clarification;@21ba3c9
260224 212216.423|INFO|Thread-48|log|   key: CONTEST_IDENTIFIER is: java.lang.String Default--8030075252927918473
260224 212216.423|INFO|Thread-48|log|   key: PROBLEM_LIST is: [Ledu.csus.ecs.pc2.core.model.Problem; [Ledu.csus.ecs.pc2.core.model.Problem;@5e93b25e
260224 212216.423|INFO|Thread-48|log|   key: SITE_NUMBER is: java.lang.Integer 1
260224 212216.423|INFO|Thread-48|log|   key: CATEGORY_LIST is: [Ledu.csus.ecs.pc2.core.model.Category; [Ledu.csus.ecs.pc2.core.model.Category;@844a007
260224 212216.423|INFO|Thread-48|log|   key: CLIENT_SETTINGS_LIST is: [Ledu.csus.ecs.pc2.core.model.ClientSettings; [Ledu.csus.ecs.pc2.core.model.ClientSettings;@46c53ea1
260224 212216.423|INFO|Thread-48|log|   key: LOCAL_LOGGED_IN_USERS is: [Ledu.csus.ecs.pc2.core.model.ClientId; [Ledu.csus.ecs.pc2.core.model.ClientId;@191fc85b
260224 212216.423|INFO|Thread-48|log|   key: CLIENT_ID is: edu.csus.ecs.pc2.core.model.ClientId TEAM1 @ site 1
260224 212216.423|INFO|Thread-48|log|   key: GROUP_LIST is: [Ledu.csus.ecs.pc2.core.model.Group; [Ledu.csus.ecs.pc2.core.model.Group;@5add8864
260224 212216.424|INFO|Thread-48|log|   key: CONNECTION_HANDLE_ID_LIST is: [Ledu.csus.ecs.pc2.core.transport.ConnectionHandlerID; [Ledu.csus.ecs.pc2.core.transport.ConnectionHandlerID;@77344fa0
260224 212216.424|INFO|Thread-48|log|   key: CONTEST_TIME is: edu.csus.ecs.pc2.core.model.ContestTime edu.csus.ecs.pc2.core.model.ContestTime@18eb47d1
260224 212216.424|INFO|Thread-48|log|   key: PROFILE_LIST is: [Ledu.csus.ecs.pc2.core.model.Profile; [Ledu.csus.ecs.pc2.core.model.Profile;@7f511987
260224 212216.424|INFO|Thread-48|log|   key: CONTEST_TIME_LIST is: [Ledu.csus.ecs.pc2.core.model.ContestTime; [Ledu.csus.ecs.pc2.core.model.ContestTime;@49f920a1
260224 212216.424|INFO|Thread-48|log|   key: CONTEST_INFORMATION is: edu.csus.ecs.pc2.core.model.ContestInformation edu.csus.ecs.pc2.core.model.ContestInformation@1c652f71
260224 212216.424|INFO|Thread-48|log|   key: SITE_LIST is: [Ledu.csus.ecs.pc2.core.model.Site; [Ledu.csus.ecs.pc2.core.model.Site;@5e7226e3
260224 212216.424|INFO|Thread-48|log|   key: RUN_LIST is: [Ledu.csus.ecs.pc2.core.model.Run; [Ledu.csus.ecs.pc2.core.model.Run;@2918918b
260224 212216.424|INFO|Thread-48|log|handlePacket start Packet[LOGIN_SUCCESS] #47 SERVER0 @ site 1 -> TEAM1 @ site 1
260224 212216.424|INFO|Thread-48|log|Packet LOGIN_SUCCESS (Seq #47, o#47 ) handlePacket
260224 212216.424|INFO|Thread-48|log|  From: SERVER0 @ site 1, oSERVER0 @ site 1 (lilsaados @ 169.254.83.107) (Contest Id: Default--8030075252927918473)
260224 212216.424|INFO|Thread-48|log|    To: TEAM1 @ site 1
260224 212216.424|INFO|Thread-48|log|   key: ACCOUNT_ARRAY is: [Ledu.csus.ecs.pc2.core.model.Account; [Ledu.csus.ecs.pc2.core.model.Account;@7146b772
260224 212216.424|INFO|Thread-48|log|   key: GENERAL_PROBLEM is: edu.csus.ecs.pc2.core.model.Problem General
260224 212216.424|INFO|Thread-48|log|   key: SERVER_CLOCK_OFFSET is: java.util.GregorianCalendar java.util.GregorianCalendar[time=1771960936413,areFieldsSet=true,areAllFieldsSet=false,lenient=true,zone=sun.util.calendar.ZoneInfo[id="GMT",offset=0,dstSavings=0,useDaylight=false,transitions=0,lastRule=null],firstDayOfWeek=1,minimalDaysInFirstWeek=1,ERA=1,YEAR=2026,MONTH=1,WEEK_OF_YEAR=9,WEEK_OF_MONTH=4,DAY_OF_MONTH=24,DAY_OF_YEAR=55,DAY_OF_WEEK=3,DAY_OF_WEEK_IN_MONTH=4,AM_PM=1,HOUR=7,HOUR_OF_DAY=19,MINUTE=22,SECOND=16,MILLISECOND=413,ZONE_OFFSET=0,DST_OFFSET=0]
260224 212216.424|INFO|Thread-48|log|   key: JUDGEMENT_LIST is: [Ledu.csus.ecs.pc2.core.model.Judgement; [Ledu.csus.ecs.pc2.core.model.Judgement;@7f81472a
260224 212216.424|INFO|Thread-48|log|   key: PROBLEM_DATA_FILES is: [Ledu.csus.ecs.pc2.core.model.ProblemDataFiles; [Ledu.csus.ecs.pc2.core.model.ProblemDataFiles;@7bbedc02
260224 212216.424|INFO|Thread-48|log|   key: LANGUAGE_LIST is: [Ledu.csus.ecs.pc2.core.model.Language; [Ledu.csus.ecs.pc2.core.model.Language;@3ebc4d11
260224 212216.425|INFO|Thread-48|log|   key: PROFILE is: edu.csus.ecs.pc2.core.model.Profile Default-917756220166097124
260224 212216.425|INFO|Thread-48|log|   key: BALLOON_SETTINGS_LIST is: [Ledu.csus.ecs.pc2.core.model.BalloonSettings; [Ledu.csus.ecs.pc2.core.model.BalloonSettings;@7a058093
260224 212216.425|INFO|Thread-48|log|   key: REMOTE_LOGGED_IN_USERS is: [Ledu.csus.ecs.pc2.core.model.ClientId; [Ledu.csus.ecs.pc2.core.model.ClientId;@f4830ee
260224 212216.425|INFO|Thread-48|log|   key: CLARIFICATION_LIST is: [Ledu.csus.ecs.pc2.core.model.Clarification; [Ledu.csus.ecs.pc2.core.model.Clarification;@21ba3c9
260224 212216.425|INFO|Thread-48|log|   key: CONTEST_IDENTIFIER is: java.lang.String Default--8030075252927918473
260224 212216.425|INFO|Thread-48|log|   key: PROBLEM_LIST is: [Ledu.csus.ecs.pc2.core.model.Problem; [Ledu.csus.ecs.pc2.core.model.Problem;@5e93b25e
260224 212216.425|INFO|Thread-48|log|   key: SITE_NUMBER is: java.lang.Integer 1
260224 212216.425|INFO|Thread-48|log|   key: CATEGORY_LIST is: [Ledu.csus.ecs.pc2.core.model.Category; [Ledu.csus.ecs.pc2.core.model.Category;@844a007
260224 212216.425|INFO|Thread-48|log|   key: CLIENT_SETTINGS_LIST is: [Ledu.csus.ecs.pc2.core.model.ClientSettings; [Ledu.csus.ecs.pc2.core.model.ClientSettings;@46c53ea1
260224 212216.425|INFO|Thread-48|log|   key: LOCAL_LOGGED_IN_USERS is: [Ledu.csus.ecs.pc2.core.model.ClientId; [Ledu.csus.ecs.pc2.core.model.ClientId;@191fc85b
260224 212216.425|INFO|Thread-48|log|   key: CLIENT_ID is: edu.csus.ecs.pc2.core.model.ClientId TEAM1 @ site 1
260224 212216.425|INFO|Thread-48|log|   key: GROUP_LIST is: [Ledu.csus.ecs.pc2.core.model.Group; [Ledu.csus.ecs.pc2.core.model.Group;@5add8864
260224 212216.425|INFO|Thread-48|log|   key: CONNECTION_HANDLE_ID_LIST is: [Ledu.csus.ecs.pc2.core.transport.ConnectionHandlerID; [Ledu.csus.ecs.pc2.core.transport.ConnectionHandlerID;@77344fa0
260224 212216.425|INFO|Thread-48|log|   key: CONTEST_TIME is: edu.csus.ecs.pc2.core.model.ContestTime edu.csus.ecs.pc2.core.model.ContestTime@18eb47d1
260224 212216.425|INFO|Thread-48|log|   key: PROFILE_LIST is: [Ledu.csus.ecs.pc2.core.model.Profile; [Ledu.csus.ecs.pc2.core.model.Profile;@7f511987
260224 212216.425|INFO|Thread-48|log|   key: CONTEST_TIME_LIST is: [Ledu.csus.ecs.pc2.core.model.ContestTime; [Ledu.csus.ecs.pc2.core.model.ContestTime;@49f920a1
260224 212216.425|INFO|Thread-48|log|   key: CONTEST_INFORMATION is: edu.csus.ecs.pc2.core.model.ContestInformation edu.csus.ecs.pc2.core.model.ContestInformation@1c652f71
260224 212216.425|INFO|Thread-48|log|   key: SITE_LIST is: [Ledu.csus.ecs.pc2.core.model.Site; [Ledu.csus.ecs.pc2.core.model.Site;@5e7226e3
260224 212216.425|INFO|Thread-48|log|   key: RUN_LIST is: [Ledu.csus.ecs.pc2.core.model.Run; [Ledu.csus.ecs.pc2.core.model.Run;@2918918b
