260302 220359.009|CONFIG|qtp477289012-62|log|Now logging to C:\Users\Shahd\git\2shahds_WCF_2026\logs directory.
260302 220359.016|INFO|qtp477289012-62|log|
260302 220359.016|INFO|qtp477289012-62|log|Version 9.10.0 () Java ver 21.0.8 build 7065 Windows 11 10.0 (amd64) 
260302 220359.017|INFO|qtp477289012-62|log|Login: team222 (aka team222)
260302 220359.017|INFO|qtp477289012-62|log|Working directory is C:\Users\Shahd\git\2shahds_WCF_2026
260302 220359.018|INFO|qtp477289012-62|log|Process id is 9536@DESKTOP-5EPLK95
260302 220359.018|INFO|qtp477289012-62|log|Contacting server at localhost:50002 as TEAM222 @ site 0
260302 220359.018|INFO|qtp477289012-62|log|sendLoginRequest start - sending from TEAM222 @ site 0
260302 220359.019|INFO|qtp477289012-62|log|Sending packet to server Packet[LOGIN_REQUEST] #2 TEAM222 @ site 0 -> SERVER0 @ site 0
260302 220359.019|INFO|qtp477289012-62|log|Sent    packet to server Packet[LOGIN_REQUEST] #2 TEAM222 @ site 0 -> SERVER0 @ site 0
260302 220359.019|INFO|Thread-24|log|send(Serializable)
260302 220359.019|INFO|qtp477289012-62|log|sendLoginRequest end - packet sent.
260302 220359.019|INFO|Thread-23|log|receiveUnencrypted(TransportWrapper, ConnectionHandlerID=Socket[addr=localhost/127.0.0.1,port=50002,localport=61706]-5570900569389208162)
260302 220359.024|INFO|Thread-23|log|receiveUnencrypted Made a secret key for Socket[addr=localhost/127.0.0.1,port=50002,localport=61706]-5570900569389208162 key is com.sun.crypto.provider.DESKey@fffe7b01
260302 220359.025|INFO|Thread-23|log|Generating Unencrypted Public Key Packet
260302 220359.025|INFO|Thread-23|log|checking key:= SunJCE Diffie-Hellman Public Key:
y:
    cea6e0ff 317e98d6 d4d4b53c ed503a52 91090f83 be5c3d73 5d853815 5ff39f3d
    797c4e28 1c9c7b17 7e220c3a 0d0ce192 3e4316ab b0d00df4 9cb41d1e 119ac227
    853bf88e 7d5bd059 7decebd6 4107384b b6c1809f e9eaf822 ca64f236 1624287f
    82ceb589 67e14ea3 048021e9 a609a74f 1e115837 19f4c71d 201e4ebb 74b1adcd
p:
    f488fd58 4e49dbcd 20b49de4 9107366b 336c380d 451d0f7c 88b31c7c 5b2d8ef6
    f3c923c0 43f0a55b 188d8ebb 558cb85d 38d334fd 7c175743 a31d186c de33212c
    b52aff3c e1b12940 18118d7c 84a70a72 d686c403 19c80729 7aca950c d9969fab
    d00a509b 0246d308 3d66a45d 419f9c7c bd894b22 1926baab a25ec355 e92f78c7
g:
    02
l:
    512
260302 220359.025|INFO|Thread-23|log|packet:= edu.csus.ecs.pc2.core.transport.TransportWrapper@e34f591
260302 220359.030|INFO|Thread-23|log|public void receive(SealedObject TransportPacket, ConnectionHandlerID connectionHandlerID)
260302 220359.030|INFO|Thread-25|log| receiveObject(S) start got Packet[LOGIN_FAILED] #8 SERVER0 @ site 1 -> TEAM222 @ site 0
260302 220359.030|INFO|Thread-25|log|Packet LOGIN_FAILED (Seq #8, o#8 ) recieveObject
260302 220359.030|INFO|Thread-25|log|  From: SERVER0 @ site 1, oSERVER0 @ site 1 (DESKTOP-5EPLK95 @ 192.168.0.1) (Contest Id: Default--8496739082754078555)
260302 220359.030|INFO|Thread-25|log|    To: TEAM222 @ site 0
260302 220359.030|INFO|Thread-25|log|   key: MESSAGE_STRING is: java.lang.String No such account
260302 220359.030|INFO|Thread-25|log|handlePacket start Packet[LOGIN_FAILED] #8 SERVER0 @ site 1 -> TEAM222 @ site 0
260302 220359.030|INFO|Thread-25|log|Packet LOGIN_FAILED (Seq #8, o#8 ) handlePacket
260302 220359.030|INFO|Thread-25|log|  From: SERVER0 @ site 1, oSERVER0 @ site 1 (DESKTOP-5EPLK95 @ 192.168.0.1) (Contest Id: Default--8496739082754078555)
260302 220359.030|INFO|Thread-25|log|    To: TEAM222 @ site 0
260302 220359.030|INFO|Thread-25|log|   key: MESSAGE_STRING is: java.lang.String No such account
260302 220359.030|INFO|Thread-25|log| receiveObject(S) end   got Packet[LOGIN_FAILED] #8 SERVER0 @ site 1 -> TEAM222 @ site 0
