<<<<<<< Updated upstream
260224 211956.543|CONFIG|Thread-32|log|Now logging to C:\Users\Lenovo\git\2shahds_WCF_2026\logs directory.
260224 211956.543|INFO|Thread-32|log|
260224 211956.543|INFO|Thread-32|log|Version 9.10.0 () Java ver 1.8.0_51 build 7065 Windows 8.1 6.3 (amd64) 
260224 211956.544|INFO|Thread-32|log|Login: team2 (aka team2)
260224 211956.544|INFO|Thread-32|log|Working directory is C:\Users\Lenovo\git\2shahds_WCF_2026
260224 211956.544|INFO|Thread-32|log|Process id is 23624@lilsaados
260224 211956.544|INFO|Thread-32|log| handlePacket original LOGIN_SUCCESS after -- all settings loaded 
260224 211956.544|INFO|Thread-32|log|handlePacket end Packet[LOGIN_SUCCESS] #23 SERVER0 @ site 1 -> TEAM2 @ site 1
260224 211956.545|INFO|Thread-32|log| receiveObject(S) end   got Packet[LOGIN_SUCCESS] #23 SERVER0 @ site 1 -> TEAM2 @ site 1
260224 212408.065|CONFIG|Thread-20|log|Now logging to C:\Users\Lenovo\git\2shahds_WCF_2026\logs directory.
260224 212408.066|INFO|Thread-20|log|
260224 212408.066|INFO|Thread-20|log|Version 9.10.0 () Java ver 1.8.0_51 build 7065 Windows 8.1 6.3 (amd64) 
260224 212408.066|INFO|Thread-20|log|Login: team2 (aka team2)
260224 212408.066|INFO|Thread-20|log|Working directory is C:\Users\Lenovo\git\2shahds_WCF_2026
260224 212408.066|INFO|Thread-20|log|Process id is 2836@lilsaados
260224 212408.066|INFO|Thread-20|log| handlePacket original LOGIN_SUCCESS after -- all settings loaded 
260224 212408.066|INFO|Thread-20|log|handlePacket end Packet[LOGIN_SUCCESS] #58 SERVER0 @ site 1 -> TEAM2 @ site 1
260224 212408.066|INFO|Thread-20|log| receiveObject(S) end   got Packet[LOGIN_SUCCESS] #58 SERVER0 @ site 1 -> TEAM2 @ site 1
260224 212623.907|CONFIG|Thread-16|log|Now logging to C:\Users\Lenovo\git\2shahds_WCF_2026\logs directory.
260224 212623.907|INFO|Thread-16|log|
260224 212623.908|INFO|Thread-16|log|Version 9.10.0 () Java ver 1.8.0_51 build 7065 Windows 8.1 6.3 (amd64) 
260224 212623.908|INFO|Thread-16|log|Login: team2 (aka team2)
260224 212623.908|INFO|Thread-16|log|Working directory is C:\Users\Lenovo\git\2shahds_WCF_2026
260224 212623.908|INFO|Thread-16|log|Process id is 19300@lilsaados
260224 212623.909|INFO|Thread-16|log| handlePacket original LOGIN_SUCCESS after -- all settings loaded 
260224 212623.909|INFO|Thread-16|log|handlePacket end Packet[LOGIN_SUCCESS] #5 SERVER0 @ site 1 -> TEAM2 @ site 1
260224 212623.909|INFO|Thread-16|log| receiveObject(S) end   got Packet[LOGIN_SUCCESS] #5 SERVER0 @ site 1 -> TEAM2 @ site 1
260224 213351.154|CONFIG|Thread-16|log|Now logging to C:\Users\Lenovo\git\2shahds_WCF_2026\logs directory.
260224 213351.154|INFO|Thread-16|log|
260224 213351.154|INFO|Thread-16|log|Version 9.10.0 () Java ver 1.8.0_51 build 7065 Windows 8.1 6.3 (amd64) 
260224 213351.154|INFO|Thread-16|log|Login: team2 (aka team2)
260224 213351.154|INFO|Thread-16|log|Working directory is C:\Users\Lenovo\git\2shahds_WCF_2026
260224 213351.155|INFO|Thread-16|log|Process id is 13332@lilsaados
260224 213351.155|INFO|Thread-16|log| handlePacket original LOGIN_SUCCESS after -- all settings loaded 
260224 213351.155|INFO|Thread-16|log|handlePacket end Packet[LOGIN_SUCCESS] #33 SERVER0 @ site 1 -> TEAM2 @ site 1
260224 213351.155|INFO|Thread-16|log| receiveObject(S) end   got Packet[LOGIN_SUCCESS] #33 SERVER0 @ site 1 -> TEAM2 @ site 1
260224 213752.692|CONFIG|Thread-24|log|Now logging to C:\Users\Lenovo\git\2shahds_WCF_2026\logs directory.
260224 213752.692|INFO|Thread-24|log|
260224 213752.692|INFO|Thread-24|log|Version 9.10.0 () Java ver 1.8.0_51 build 7065 Windows 8.1 6.3 (amd64) 
260224 213752.692|INFO|Thread-24|log|Login: team2 (aka team2)
260224 213752.692|INFO|Thread-24|log|Working directory is C:\Users\Lenovo\git\2shahds_WCF_2026
260224 213752.692|INFO|Thread-24|log|Process id is 10084@lilsaados
260224 213752.693|INFO|Thread-24|log| handlePacket original LOGIN_SUCCESS after -- all settings loaded 
260224 213752.693|INFO|Thread-24|log|handlePacket end Packet[LOGIN_SUCCESS] #58 SERVER0 @ site 1 -> TEAM2 @ site 1
260224 213752.693|INFO|Thread-24|log| receiveObject(S) end   got Packet[LOGIN_SUCCESS] #58 SERVER0 @ site 1 -> TEAM2 @ site 1
260224 220350.028|CONFIG|Thread-20|log|Now logging to C:\Users\Lenovo\git\2shahds_WCF_2026\logs directory.
260224 220350.028|INFO|Thread-20|log|
260224 220350.028|INFO|Thread-20|log|Version 9.10.0 () Java ver 1.8.0_51 build 7065 Windows 8.1 6.3 (amd64) 
260224 220350.028|INFO|Thread-20|log|Login: team2 (aka team2)
260224 220350.028|INFO|Thread-20|log|Working directory is C:\Users\Lenovo\git\2shahds_WCF_2026
260224 220350.028|INFO|Thread-20|log|Process id is 23652@lilsaados
260224 220350.029|INFO|Thread-20|log| handlePacket original LOGIN_SUCCESS after -- all settings loaded 
260224 220350.029|INFO|Thread-20|log|handlePacket end Packet[LOGIN_SUCCESS] #95 SERVER0 @ site 1 -> TEAM2 @ site 1
260224 220350.029|INFO|Thread-20|log| receiveObject(S) end   got Packet[LOGIN_SUCCESS] #95 SERVER0 @ site 1 -> TEAM2 @ site 1
=======
260224 232207.661|CONFIG|Thread-26|log|Now logging to C:\Users\Shahd\git\2shahds_WCF_2026\logs directory.
260224 232207.662|INFO|Thread-26|log|
260224 232207.665|INFO|Thread-26|log|Version 9.10.0 () Java ver 21.0.8 build 7065 Windows 11 10.0 (amd64) 
260224 232207.665|INFO|Thread-26|log|Login: team2 (aka team2)
260224 232207.668|INFO|Thread-26|log|Working directory is C:\Users\Shahd\git\2shahds_WCF_2026
260224 232207.668|INFO|Thread-26|log|Process id is 38324@DESKTOP-5EPLK95
260224 232207.669|INFO|Thread-26|log| handlePacket original LOGIN_SUCCESS after -- all settings loaded 
260224 232207.669|INFO|Thread-26|log|handlePacket end Packet[LOGIN_SUCCESS] #7 SERVER0 @ site 1 -> TEAM2 @ site 1
260224 232207.673|INFO|Thread-26|log| receiveObject(S) end   got Packet[LOGIN_SUCCESS] #7 SERVER0 @ site 1 -> TEAM2 @ site 1
>>>>>>> Stashed changes
