260224 213830.251|CONFIG|qtp38997010-23|log|Now logging to C:\Users\Lenovo\git\2shahds_WCF_2026\logs directory.
260224 213830.252|INFO|qtp38997010-23|log|
260224 213830.252|INFO|qtp38997010-23|log|Version 9.10.0 () Java ver 1.8.0_51 build 7065 Windows 8.1 6.3 (amd64) 
260224 213830.252|INFO|qtp38997010-23|log|Login: team3 (aka team3)
260224 213830.252|INFO|qtp38997010-23|log|Working directory is C:\Users\Lenovo\git\2shahds_WCF_2026
260224 213830.252|INFO|qtp38997010-23|log|Process id is 10084@lilsaados
260224 213830.253|INFO|qtp38997010-23|log|Contacting server at localhost:50002 as TEAM3 @ site 0
260224 213830.253|INFO|Thread-30|log|receiveUnencrypted(TransportWrapper, ConnectionHandlerID=Socket[addr=localhost/127.0.0.1,port=50002,localport=49524]--4835311351995106617)
260224 213830.253|INFO|qtp38997010-23|log|sendLoginRequest start - sending from TEAM3 @ site 0
260224 213830.254|INFO|qtp38997010-23|log|Sending packet to server Packet[LOGIN_REQUEST] #5 TEAM3 @ site 0 -> SERVER0 @ site 0
260224 213830.254|INFO|qtp38997010-23|log|Sent    packet to server Packet[LOGIN_REQUEST] #5 TEAM3 @ site 0 -> SERVER0 @ site 0
260224 213830.254|INFO|qtp38997010-23|log|sendLoginRequest end - packet sent.
260224 213830.254|INFO|Thread-31|log|send(Serializable)
260224 213830.256|INFO|Thread-30|log|receiveUnencrypted Made a secret key for Socket[addr=localhost/127.0.0.1,port=50002,localport=49524]--4835311351995106617 key is com.sun.crypto.provider.DESKey@18543
260224 213830.257|INFO|Thread-30|log|Generating Unencrypted Public Key Packet
260224 213830.257|INFO|Thread-30|log|checking key:= SunJCE Diffie-Hellman Public Key:
y:
    6fa24ad3 a06ada27 d9401225 fb29b64c d34c3feb fea0ff61 7a6aa8e3 97c5ef13
    0452e67a a96ebe83 c4e4b71c 12f1ddb6 691bab4d b1e15937 a3c92cb3 b4240c8b
    d7fe9699 c58be520 d67967fc 6fbafd15 36e64720 ab129e66 a71a7c71 e8ed1b4e
    57489b52 094185f9 87d5e5b0 1386d3a1 f510c3f6 68294e2f b7906da4 56e50246
p:
    f488fd58 4e49dbcd 20b49de4 9107366b 336c380d 451d0f7c 88b31c7c 5b2d8ef6
    f3c923c0 43f0a55b 188d8ebb 558cb85d 38d334fd 7c175743 a31d186c de33212c
    b52aff3c e1b12940 18118d7c 84a70a72 d686c403 19c80729 7aca950c d9969fab
    d00a509b 0246d308 3d66a45d 419f9c7c bd894b22 1926baab a25ec355 e92f78c7
g:
    02
l:
    512
260224 213830.257|INFO|Thread-30|log|packet:= edu.csus.ecs.pc2.core.transport.TransportWrapper@7d33e1b2
260224 213830.275|INFO|Thread-30|log|public void receive(SealedObject TransportPacket, ConnectionHandlerID connectionHandlerID)
260224 213830.281|INFO|Thread-32|log| receiveObject(S) start got Packet[LOGIN_SUCCESS] #67 SERVER0 @ site 1 -> TEAM3 @ site 1
260224 213830.283|INFO|Thread-32|log|Packet LOGIN_SUCCESS (Seq #67, o#67 ) recieveObject
260224 213830.283|INFO|Thread-32|log|  From: SERVER0 @ site 1, oSERVER0 @ site 1 (lilsaados @ 169.254.83.107) (Contest Id: Default--8030075252927918473)
260224 213830.283|INFO|Thread-32|log|    To: TEAM3 @ site 1
260224 213830.283|INFO|Thread-32|log|   key: ACCOUNT_ARRAY is: [Ledu.csus.ecs.pc2.core.model.Account; [Ledu.csus.ecs.pc2.core.model.Account;@46283600
260224 213830.283|INFO|Thread-32|log|   key: GENERAL_PROBLEM is: edu.csus.ecs.pc2.core.model.Problem General
260224 213830.283|INFO|Thread-32|log|   key: SERVER_CLOCK_OFFSET is: java.util.GregorianCalendar java.util.GregorianCalendar[time=1771961910270,areFieldsSet=true,areAllFieldsSet=false,lenient=true,zone=sun.util.calendar.ZoneInfo[id="GMT",offset=0,dstSavings=0,useDaylight=false,transitions=0,lastRule=null],firstDayOfWeek=1,minimalDaysInFirstWeek=1,ERA=1,YEAR=2026,MONTH=1,WEEK_OF_YEAR=9,WEEK_OF_MONTH=4,DAY_OF_MONTH=24,DAY_OF_YEAR=55,DAY_OF_WEEK=3,DAY_OF_WEEK_IN_MONTH=4,AM_PM=1,HOUR=7,HOUR_OF_DAY=19,MINUTE=38,SECOND=30,MILLISECOND=270,ZONE_OFFSET=0,DST_OFFSET=0]
260224 213830.283|INFO|Thread-32|log|   key: JUDGEMENT_LIST is: [Ledu.csus.ecs.pc2.core.model.Judgement; [Ledu.csus.ecs.pc2.core.model.Judgement;@48efd0b5
260224 213830.283|INFO|Thread-32|log|   key: PROBLEM_DATA_FILES is: [Ledu.csus.ecs.pc2.core.model.ProblemDataFiles; [Ledu.csus.ecs.pc2.core.model.ProblemDataFiles;@4cd05d70
260224 213830.283|INFO|Thread-32|log|   key: LANGUAGE_LIST is: [Ledu.csus.ecs.pc2.core.model.Language; [Ledu.csus.ecs.pc2.core.model.Language;@9d2da8e
260224 213830.283|INFO|Thread-32|log|   key: PROFILE is: edu.csus.ecs.pc2.core.model.Profile Default-917756220166097124
260224 213830.283|INFO|Thread-32|log|   key: BALLOON_SETTINGS_LIST is: [Ledu.csus.ecs.pc2.core.model.BalloonSettings; [Ledu.csus.ecs.pc2.core.model.BalloonSettings;@ecd7582
260224 213830.283|INFO|Thread-32|log|   key: REMOTE_LOGGED_IN_USERS is: [Ledu.csus.ecs.pc2.core.model.ClientId; [Ledu.csus.ecs.pc2.core.model.ClientId;@38917696
260224 213830.283|INFO|Thread-32|log|   key: CLARIFICATION_LIST is: [Ledu.csus.ecs.pc2.core.model.Clarification; [Ledu.csus.ecs.pc2.core.model.Clarification;@76648729
260224 213830.283|INFO|Thread-32|log|   key: CONTEST_IDENTIFIER is: java.lang.String Default--8030075252927918473
260224 213830.283|INFO|Thread-32|log|   key: PROBLEM_LIST is: [Ledu.csus.ecs.pc2.core.model.Problem; [Ledu.csus.ecs.pc2.core.model.Problem;@69fd25c1
260224 213830.283|INFO|Thread-32|log|   key: SITE_NUMBER is: java.lang.Integer 1
260224 213830.283|INFO|Thread-32|log|   key: CATEGORY_LIST is: [Ledu.csus.ecs.pc2.core.model.Category; [Ledu.csus.ecs.pc2.core.model.Category;@c793c19
260224 213830.283|INFO|Thread-32|log|   key: CLIENT_SETTINGS_LIST is: [Ledu.csus.ecs.pc2.core.model.ClientSettings; [Ledu.csus.ecs.pc2.core.model.ClientSettings;@3f6fdec6
260224 213830.283|INFO|Thread-32|log|   key: LOCAL_LOGGED_IN_USERS is: [Ledu.csus.ecs.pc2.core.model.ClientId; [Ledu.csus.ecs.pc2.core.model.ClientId;@6d604bcd
260224 213830.283|INFO|Thread-32|log|   key: CLIENT_ID is: edu.csus.ecs.pc2.core.model.ClientId TEAM3 @ site 1
260224 213830.283|INFO|Thread-32|log|   key: GROUP_LIST is: [Ledu.csus.ecs.pc2.core.model.Group; [Ledu.csus.ecs.pc2.core.model.Group;@6db3b88d
260224 213830.283|INFO|Thread-32|log|   key: CONNECTION_HANDLE_ID_LIST is: [Ledu.csus.ecs.pc2.core.transport.ConnectionHandlerID; [Ledu.csus.ecs.pc2.core.transport.ConnectionHandlerID;@28efd8d6
260224 213830.283|INFO|Thread-32|log|   key: CONTEST_TIME is: edu.csus.ecs.pc2.core.model.ContestTime edu.csus.ecs.pc2.core.model.ContestTime@6937bae3
260224 213830.283|INFO|Thread-32|log|   key: PROFILE_LIST is: [Ledu.csus.ecs.pc2.core.model.Profile; [Ledu.csus.ecs.pc2.core.model.Profile;@666ba2b
260224 213830.283|INFO|Thread-32|log|   key: CONTEST_TIME_LIST is: [Ledu.csus.ecs.pc2.core.model.ContestTime; [Ledu.csus.ecs.pc2.core.model.ContestTime;@76e10dba
260224 213830.284|INFO|Thread-32|log|   key: CONTEST_INFORMATION is: edu.csus.ecs.pc2.core.model.ContestInformation edu.csus.ecs.pc2.core.model.ContestInformation@201e42d8
260224 213830.284|INFO|Thread-32|log|   key: SITE_LIST is: [Ledu.csus.ecs.pc2.core.model.Site; [Ledu.csus.ecs.pc2.core.model.Site;@74aa149a
260224 213830.284|INFO|Thread-32|log|   key: RUN_LIST is: [Ledu.csus.ecs.pc2.core.model.Run; [Ledu.csus.ecs.pc2.core.model.Run;@47ae5fc6
260224 213830.284|INFO|Thread-32|log|handlePacket start Packet[LOGIN_SUCCESS] #67 SERVER0 @ site 1 -> TEAM3 @ site 1
260224 213830.284|INFO|Thread-32|log|Packet LOGIN_SUCCESS (Seq #67, o#67 ) handlePacket
260224 213830.284|INFO|Thread-32|log|  From: SERVER0 @ site 1, oSERVER0 @ site 1 (lilsaados @ 169.254.83.107) (Contest Id: Default--8030075252927918473)
260224 213830.284|INFO|Thread-32|log|    To: TEAM3 @ site 1
260224 213830.284|INFO|Thread-32|log|   key: ACCOUNT_ARRAY is: [Ledu.csus.ecs.pc2.core.model.Account; [Ledu.csus.ecs.pc2.core.model.Account;@46283600
260224 213830.284|INFO|Thread-32|log|   key: GENERAL_PROBLEM is: edu.csus.ecs.pc2.core.model.Problem General
260224 213830.284|INFO|Thread-32|log|   key: SERVER_CLOCK_OFFSET is: java.util.GregorianCalendar java.util.GregorianCalendar[time=1771961910270,areFieldsSet=true,areAllFieldsSet=false,lenient=true,zone=sun.util.calendar.ZoneInfo[id="GMT",offset=0,dstSavings=0,useDaylight=false,transitions=0,lastRule=null],firstDayOfWeek=1,minimalDaysInFirstWeek=1,ERA=1,YEAR=2026,MONTH=1,WEEK_OF_YEAR=9,WEEK_OF_MONTH=4,DAY_OF_MONTH=24,DAY_OF_YEAR=55,DAY_OF_WEEK=3,DAY_OF_WEEK_IN_MONTH=4,AM_PM=1,HOUR=7,HOUR_OF_DAY=19,MINUTE=38,SECOND=30,MILLISECOND=270,ZONE_OFFSET=0,DST_OFFSET=0]
260224 213830.284|INFO|Thread-32|log|   key: JUDGEMENT_LIST is: [Ledu.csus.ecs.pc2.core.model.Judgement; [Ledu.csus.ecs.pc2.core.model.Judgement;@48efd0b5
260224 213830.284|INFO|Thread-32|log|   key: PROBLEM_DATA_FILES is: [Ledu.csus.ecs.pc2.core.model.ProblemDataFiles; [Ledu.csus.ecs.pc2.core.model.ProblemDataFiles;@4cd05d70
260224 213830.284|INFO|Thread-32|log|   key: LANGUAGE_LIST is: [Ledu.csus.ecs.pc2.core.model.Language; [Ledu.csus.ecs.pc2.core.model.Language;@9d2da8e
260224 213830.284|INFO|Thread-32|log|   key: PROFILE is: edu.csus.ecs.pc2.core.model.Profile Default-917756220166097124
260224 213830.284|INFO|Thread-32|log|   key: BALLOON_SETTINGS_LIST is: [Ledu.csus.ecs.pc2.core.model.BalloonSettings; [Ledu.csus.ecs.pc2.core.model.BalloonSettings;@ecd7582
260224 213830.284|INFO|Thread-32|log|   key: REMOTE_LOGGED_IN_USERS is: [Ledu.csus.ecs.pc2.core.model.ClientId; [Ledu.csus.ecs.pc2.core.model.ClientId;@38917696
260224 213830.284|INFO|Thread-32|log|   key: CLARIFICATION_LIST is: [Ledu.csus.ecs.pc2.core.model.Clarification; [Ledu.csus.ecs.pc2.core.model.Clarification;@76648729
260224 213830.284|INFO|Thread-32|log|   key: CONTEST_IDENTIFIER is: java.lang.String Default--8030075252927918473
260224 213830.284|INFO|Thread-32|log|   key: PROBLEM_LIST is: [Ledu.csus.ecs.pc2.core.model.Problem; [Ledu.csus.ecs.pc2.core.model.Problem;@69fd25c1
260224 213830.284|INFO|Thread-32|log|   key: SITE_NUMBER is: java.lang.Integer 1
260224 213830.284|INFO|Thread-32|log|   key: CATEGORY_LIST is: [Ledu.csus.ecs.pc2.core.model.Category; [Ledu.csus.ecs.pc2.core.model.Category;@c793c19
260224 213830.284|INFO|Thread-32|log|   key: CLIENT_SETTINGS_LIST is: [Ledu.csus.ecs.pc2.core.model.ClientSettings; [Ledu.csus.ecs.pc2.core.model.ClientSettings;@3f6fdec6
260224 213830.284|INFO|Thread-32|log|   key: LOCAL_LOGGED_IN_USERS is: [Ledu.csus.ecs.pc2.core.model.ClientId; [Ledu.csus.ecs.pc2.core.model.ClientId;@6d604bcd
260224 213830.284|INFO|Thread-32|log|   key: CLIENT_ID is: edu.csus.ecs.pc2.core.model.ClientId TEAM3 @ site 1
260224 213830.284|INFO|Thread-32|log|   key: GROUP_LIST is: [Ledu.csus.ecs.pc2.core.model.Group; [Ledu.csus.ecs.pc2.core.model.Group;@6db3b88d
260224 213830.284|INFO|Thread-32|log|   key: CONNECTION_HANDLE_ID_LIST is: [Ledu.csus.ecs.pc2.core.transport.ConnectionHandlerID; [Ledu.csus.ecs.pc2.core.transport.ConnectionHandlerID;@28efd8d6
260224 213830.285|INFO|Thread-32|log|   key: CONTEST_TIME is: edu.csus.ecs.pc2.core.model.ContestTime edu.csus.ecs.pc2.core.model.ContestTime@6937bae3
260224 213830.285|INFO|Thread-32|log|   key: PROFILE_LIST is: [Ledu.csus.ecs.pc2.core.model.Profile; [Ledu.csus.ecs.pc2.core.model.Profile;@666ba2b
260224 213830.285|INFO|Thread-32|log|   key: CONTEST_TIME_LIST is: [Ledu.csus.ecs.pc2.core.model.ContestTime; [Ledu.csus.ecs.pc2.core.model.ContestTime;@76e10dba
260224 213830.285|INFO|Thread-32|log|   key: CONTEST_INFORMATION is: edu.csus.ecs.pc2.core.model.ContestInformation edu.csus.ecs.pc2.core.model.ContestInformation@201e42d8
260224 213830.285|INFO|Thread-32|log|   key: SITE_LIST is: [Ledu.csus.ecs.pc2.core.model.Site; [Ledu.csus.ecs.pc2.core.model.Site;@74aa149a
260224 213830.285|INFO|Thread-32|log|   key: RUN_LIST is: [Ledu.csus.ecs.pc2.core.model.Run; [Ledu.csus.ecs.pc2.core.model.Run;@47ae5fc6
