260217 210346.601|CONFIG|Thread-18|log|Now logging to /home/shahd/eclipse-workspace/wti1/logs directory.
260217 210346.601|INFO|Thread-18|log|
260217 210346.601|INFO|Thread-18|log|Version 9.10.0 () Java ver 11.0.30 build 7065 Linux 6.8.0-90-generic (amd64) 
260217 210346.602|INFO|Thread-18|log|Login: team1 (aka team1)
260217 210346.602|INFO|Thread-18|log|Working directory is /home/shahd/eclipse-workspace/wti1
260217 210346.602|INFO|Thread-18|log|Process id is 71985@shahoda
260217 210346.603|INFO|Thread-18|log| handlePacket original LOGIN_SUCCESS after -- all settings loaded 
260217 210346.603|INFO|Thread-18|log|handlePacket end Packet[LOGIN_SUCCESS] #31 SERVER0 @ site 1 -> TEAM1 @ site 1
260217 210346.603|INFO|Thread-18|log| receiveObject(S) end   got Packet[LOGIN_SUCCESS] #31 SERVER0 @ site 1 -> TEAM1 @ site 1
260217 210346.939|INFO|qtp1130478920-23|log|Sending packet to server Packet[LOGOUT] #4 TEAM1 @ site 1 -> SERVER0 @ site 1
260217 210346.941|INFO|qtp1130478920-23|log|Sent    packet to server Packet[LOGOUT] #4 TEAM1 @ site 1 -> SERVER0 @ site 1
260221 232141.923|CONFIG|Thread-17|log|Now logging to /home/shahd/eclipse-workspace/wti1/logs directory.
260221 232141.923|INFO|Thread-17|log|
260221 232141.923|INFO|Thread-17|log|Version 9.10.0 () Java ver 11.0.30 build 7065 Linux 6.8.0-94-generic (amd64) 
260221 232141.924|INFO|Thread-17|log|Login: team1 (aka team1)
260221 232141.924|INFO|Thread-17|log|Working directory is /home/shahd/eclipse-workspace/wti1
260221 232141.924|INFO|Thread-17|log|Process id is 39643@shahoda
260221 232141.925|INFO|Thread-17|log| handlePacket original LOGIN_SUCCESS after -- all settings loaded 
260221 232141.926|INFO|Thread-17|log|handlePacket end Packet[LOGIN_SUCCESS] #26 SERVER0 @ site 1 -> TEAM1 @ site 1
260221 232141.926|INFO|Thread-17|log| receiveObject(S) end   got Packet[LOGIN_SUCCESS] #26 SERVER0 @ site 1 -> TEAM1 @ site 1
260221 235533.671|CONFIG|Thread-17|log|Now logging to /home/shahd/eclipse-workspace/wti1/logs directory.
260221 235533.672|INFO|Thread-17|log|
260221 235533.672|INFO|Thread-17|log|Version 9.10.0 () Java ver 11.0.30 build 7065 Linux 6.8.0-94-generic (amd64) 
260221 235533.672|INFO|Thread-17|log|Login: team1 (aka team1)
260221 235533.673|INFO|Thread-17|log|Working directory is /home/shahd/eclipse-workspace/wti1
260221 235533.673|INFO|Thread-17|log|Process id is 43835@shahoda
260221 235533.675|INFO|Thread-17|log| handlePacket original LOGIN_SUCCESS after -- all settings loaded 
260221 235533.676|INFO|Thread-17|log|handlePacket end Packet[LOGIN_SUCCESS] #58 SERVER0 @ site 1 -> TEAM1 @ site 1
260221 235533.676|INFO|Thread-17|log| receiveObject(S) end   got Packet[LOGIN_SUCCESS] #58 SERVER0 @ site 1 -> TEAM1 @ site 1
260222 012842.892|CONFIG|Thread-26|log|Now logging to C:\Users\Shahd\git\2shahds_WCF_2026\logs directory.
260222 012842.892|INFO|Thread-26|log|
260222 012842.893|INFO|Thread-26|log|Version 9.10.0 () Java ver 21.0.8 build 7065 Windows 11 10.0 (amd64) 
260222 012842.893|INFO|Thread-26|log|Login: team1 (aka team1)
260222 012842.893|INFO|Thread-26|log|Working directory is C:\Users\Shahd\git\2shahds_WCF_2026
260222 012842.893|INFO|Thread-26|log|Process id is 31660@DESKTOP-5EPLK95
260222 012842.894|INFO|Thread-26|log| handlePacket original LOGIN_SUCCESS after -- all settings loaded 
260222 012842.894|INFO|Thread-26|log|handlePacket end Packet[LOGIN_SUCCESS] #11 SERVER0 @ site 1 -> TEAM1 @ site 1
260222 012842.894|INFO|Thread-26|log| receiveObject(S) end   got Packet[LOGIN_SUCCESS] #11 SERVER0 @ site 1 -> TEAM1 @ site 1
260222 015326.856|CONFIG|Thread-29|log|Now logging to C:\Users\Shahd\git\2shahds_WCF_2026\logs directory.
260222 015326.857|INFO|Thread-29|log|
260222 015326.857|INFO|Thread-29|log|Version 9.10.0 () Java ver 21.0.8 build 7065 Windows 11 10.0 (amd64) 
260222 015326.858|INFO|Thread-29|log|Login: team1 (aka team1)
260222 015326.859|INFO|Thread-29|log|Working directory is C:\Users\Shahd\git\2shahds_WCF_2026
260222 015326.860|INFO|Thread-29|log|Process id is 7032@DESKTOP-5EPLK95
260222 015326.860|INFO|Thread-29|log| handlePacket original LOGIN_SUCCESS after -- all settings loaded 
260222 015326.860|INFO|Thread-29|log|handlePacket end Packet[LOGIN_SUCCESS] #43 SERVER0 @ site 1 -> TEAM1 @ site 1
260222 015326.860|INFO|Thread-29|log| receiveObject(S) end   got Packet[LOGIN_SUCCESS] #43 SERVER0 @ site 1 -> TEAM1 @ site 1
260223 230128.282|CONFIG|Thread-35|log|Now logging to C:\Users\Lenovo\git\2shahds_WCF_2026\logs directory.
260223 230128.284|INFO|Thread-35|log|
260223 230128.284|INFO|Thread-35|log|Version 9.10.0 () Java ver 1.8.0_51 build 7065 Windows 8.1 6.3 (amd64) 
260223 230128.284|INFO|Thread-35|log|Login: team1 (aka team1)
260223 230128.284|INFO|Thread-35|log|Working directory is C:\Users\Lenovo\git\2shahds_WCF_2026
260223 230128.285|INFO|Thread-35|log|Process id is 12576@lilsaados
260223 230128.285|INFO|Thread-35|log| handlePacket original LOGIN_SUCCESS after -- all settings loaded 
260223 230128.285|INFO|Thread-35|log|handlePacket end Packet[LOGIN_SUCCESS] #19 SERVER0 @ site 1 -> TEAM1 @ site 1
260223 230128.285|INFO|Thread-35|log| receiveObject(S) end   got Packet[LOGIN_SUCCESS] #19 SERVER0 @ site 1 -> TEAM1 @ site 1
260224 211848.367|CONFIG|Thread-20|log|Now logging to C:\Users\Lenovo\git\2shahds_WCF_2026\logs directory.
260224 211848.367|INFO|Thread-20|log|
260224 211848.368|INFO|Thread-20|log|Version 9.10.0 () Java ver 1.8.0_51 build 7065 Windows 8.1 6.3 (amd64) 
260224 211848.368|INFO|Thread-20|log|Login: team1 (aka team1)
260224 211848.368|INFO|Thread-20|log|Working directory is C:\Users\Lenovo\git\2shahds_WCF_2026
260224 211848.368|INFO|Thread-20|log|Process id is 23624@lilsaados
260224 211848.369|INFO|Thread-20|log| handlePacket original LOGIN_SUCCESS after -- all settings loaded 
260224 211848.369|INFO|Thread-20|log|handlePacket end Packet[LOGIN_SUCCESS] #11 SERVER0 @ site 1 -> TEAM1 @ site 1
260224 211848.369|INFO|Thread-20|log| receiveObject(S) end   got Packet[LOGIN_SUCCESS] #11 SERVER0 @ site 1 -> TEAM1 @ site 1
260224 212910.302|CONFIG|Thread-29|log|Now logging to C:\Users\Lenovo\git\2shahds_WCF_2026\logs directory.
260224 212910.303|INFO|Thread-29|log|
260224 212910.303|INFO|Thread-29|log|Version 9.10.0 () Java ver 1.8.0_51 build 7065 Windows 8.1 6.3 (amd64) 
260224 212910.303|INFO|Thread-29|log|Login: team1 (aka team1)
260224 212910.303|INFO|Thread-29|log|Working directory is C:\Users\Lenovo\git\2shahds_WCF_2026
260224 212910.303|INFO|Thread-29|log|Process id is 19300@lilsaados
260224 212910.303|INFO|Thread-29|log| handlePacket original LOGIN_SUCCESS after -- all settings loaded 
260224 212910.303|INFO|Thread-29|log|handlePacket end Packet[LOGIN_SUCCESS] #18 SERVER0 @ site 1 -> TEAM1 @ site 1
260224 212910.303|INFO|Thread-29|log| receiveObject(S) end   got Packet[LOGIN_SUCCESS] #18 SERVER0 @ site 1 -> TEAM1 @ site 1
260224 213435.791|CONFIG|Thread-24|log|Now logging to C:\Users\Lenovo\git\2shahds_WCF_2026\logs directory.
260224 213435.791|INFO|Thread-24|log|
260224 213435.792|INFO|Thread-24|log|Version 9.10.0 () Java ver 1.8.0_51 build 7065 Windows 8.1 6.3 (amd64) 
260224 213435.794|INFO|Thread-24|log|Login: team1 (aka team1)
260224 213435.794|INFO|Thread-24|log|Working directory is C:\Users\Lenovo\git\2shahds_WCF_2026
260224 213435.794|INFO|Thread-24|log|Process id is 13332@lilsaados
260224 213435.794|INFO|Thread-24|log| handlePacket original LOGIN_SUCCESS after -- all settings loaded 
260224 213435.794|INFO|Thread-24|log|handlePacket end Packet[LOGIN_SUCCESS] #42 SERVER0 @ site 1 -> TEAM1 @ site 1
260224 213435.794|INFO|Thread-24|log| receiveObject(S) end   got Packet[LOGIN_SUCCESS] #42 SERVER0 @ site 1 -> TEAM1 @ site 1
260224 213635.556|CONFIG|Thread-20|log|Now logging to C:\Users\Lenovo\git\2shahds_WCF_2026\logs directory.
260224 213635.557|INFO|Thread-20|log|
260224 213635.557|INFO|Thread-20|log|Version 9.10.0 () Java ver 1.8.0_51 build 7065 Windows 8.1 6.3 (amd64) 
260224 213635.557|INFO|Thread-20|log|Login: team1 (aka team1)
260224 213635.557|INFO|Thread-20|log|Working directory is C:\Users\Lenovo\git\2shahds_WCF_2026
260224 213635.557|INFO|Thread-20|log|Process id is 10084@lilsaados
260224 213635.559|INFO|Thread-20|log| handlePacket original LOGIN_SUCCESS after -- all settings loaded 
260224 213635.559|INFO|Thread-20|log|handlePacket end Packet[LOGIN_SUCCESS] #55 SERVER0 @ site 1 -> TEAM1 @ site 1
260224 213635.559|INFO|Thread-20|log| receiveObject(S) end   got Packet[LOGIN_SUCCESS] #55 SERVER0 @ site 1 -> TEAM1 @ site 1
260224 214330.127|CONFIG|Thread-20|log|Now logging to C:\Users\Lenovo\git\2shahds_WCF_2026\logs directory.
260224 214330.127|INFO|Thread-20|log|
260224 214330.127|INFO|Thread-20|log|Version 9.10.0 () Java ver 1.8.0_51 build 7065 Windows 8.1 6.3 (amd64) 
260224 214330.127|INFO|Thread-20|log|Login: team1 (aka team1)
260224 214330.127|INFO|Thread-20|log|Working directory is C:\Users\Lenovo\git\2shahds_WCF_2026
260224 214330.128|INFO|Thread-20|log|Process id is 11584@lilsaados
260224 214330.128|INFO|Thread-20|log| handlePacket original LOGIN_SUCCESS after -- all settings loaded 
260224 214330.128|INFO|Thread-20|log|handlePacket end Packet[LOGIN_SUCCESS] #87 SERVER0 @ site 1 -> TEAM1 @ site 1
260224 214330.128|INFO|Thread-20|log| receiveObject(S) end   got Packet[LOGIN_SUCCESS] #87 SERVER0 @ site 1 -> TEAM1 @ site 1
260302 220420.387|CONFIG|Thread-34|log|Now logging to C:\Users\Shahd\git\2shahds_WCF_2026\logs directory.
260302 220420.387|INFO|Thread-34|log|
260302 220420.387|INFO|Thread-34|log|Version 9.10.0 () Java ver 21.0.8 build 7065 Windows 11 10.0 (amd64) 
260302 220420.387|INFO|Thread-34|log|Login: team1 (aka team1)
260302 220420.387|INFO|Thread-34|log|Working directory is C:\Users\Shahd\git\2shahds_WCF_2026
260302 220420.389|INFO|Thread-34|log|Process id is 9536@DESKTOP-5EPLK95
260302 220420.389|INFO|Thread-34|log| handlePacket original LOGIN_SUCCESS after -- all settings loaded 
260302 220420.389|INFO|Thread-34|log|handlePacket end Packet[LOGIN_SUCCESS] #15 SERVER0 @ site 1 -> TEAM1 @ site 1
260302 220420.389|INFO|Thread-34|log| receiveObject(S) end   got Packet[LOGIN_SUCCESS] #15 SERVER0 @ site 1 -> TEAM1 @ site 1
260302 225433.925|CONFIG|Thread-29|log|Now logging to C:\Users\Shahd\git\2shahds_WCF_2026\logs directory.
260302 225433.925|INFO|Thread-29|log|
260302 225433.926|INFO|Thread-29|log|Version 9.10.0 () Java ver 21.0.8 build 7065 Windows 11 10.0 (amd64) 
260302 225433.926|INFO|Thread-29|log|Login: team1 (aka team1)
260302 225433.927|INFO|Thread-29|log|Working directory is C:\Users\Shahd\git\2shahds_WCF_2026
260302 225433.927|INFO|Thread-29|log|Process id is 10724@DESKTOP-5EPLK95
260302 225433.928|INFO|Thread-29|log| handlePacket original LOGIN_SUCCESS after -- all settings loaded 
260302 225433.928|INFO|Thread-29|log|handlePacket end Packet[LOGIN_SUCCESS] #41 SERVER0 @ site 1 -> TEAM1 @ site 1
260302 225433.928|INFO|Thread-29|log| receiveObject(S) end   got Packet[LOGIN_SUCCESS] #41 SERVER0 @ site 1 -> TEAM1 @ site 1
