260224 212152.030|CONFIG|qtp38997010-11|log|Now logging to C:\Users\Lenovo\git\2shahds_WCF_2026\logs directory.
260224 212152.031|INFO|qtp38997010-11|log|
260224 212152.031|INFO|qtp38997010-11|log|Version 9.10.0 () Java ver 1.8.0_51 build 7065 Windows 8.1 6.3 (amd64) 
260224 212152.031|INFO|qtp38997010-11|log|Login: team1 (aka team1)
260224 212152.031|INFO|qtp38997010-11|log|Working directory is C:\Users\Lenovo\git\2shahds_WCF_2026
260224 212152.031|INFO|qtp38997010-11|log|Process id is 23624@lilsaados
260224 212152.032|INFO|qtp38997010-11|log|Contacting server at localhost:50002 as TEAM1 @ site 0
260224 212152.032|INFO|qtp38997010-11|log|sendLoginRequest start - sending from TEAM1 @ site 0
260224 212152.033|INFO|qtp38997010-11|log|Sending packet to server Packet[LOGIN_REQUEST] #8 TEAM1 @ site 0 -> SERVER0 @ site 0
260224 212152.033|INFO|Thread-42|log|receiveUnencrypted(TransportWrapper, ConnectionHandlerID=Socket[addr=localhost/127.0.0.1,port=50002,localport=49255]-735712908809833875)
260224 212152.034|INFO|qtp38997010-11|log|Sent    packet to server Packet[LOGIN_REQUEST] #8 TEAM1 @ site 0 -> SERVER0 @ site 0
260224 212152.034|INFO|Thread-43|log|send(Serializable)
260224 212152.034|INFO|qtp38997010-11|log|sendLoginRequest end - packet sent.
260224 212152.037|INFO|Thread-42|log|receiveUnencrypted Made a secret key for Socket[addr=localhost/127.0.0.1,port=50002,localport=49255]-735712908809833875 key is com.sun.crypto.provider.DESKey@18556
260224 212152.037|INFO|Thread-42|log|Generating Unencrypted Public Key Packet
260224 212152.038|INFO|Thread-42|log|checking key:= SunJCE Diffie-Hellman Public Key:
y:
    82e33c01 3ec6910e 47b6761b 46a4ee3a 1f55ddc2 9e0cc51b 61c39e6f 132218a5
    6f327554 c047730b 9629864f 0da88d58 6b1b4a9e ae7fe1aa 75263949 7ee40b7c
    8a12a5db 3c1eb090 88fe708f 25b45b4f aa0604b1 ab88f830 3c9adbc7 ac9a87cd
    aa4d5bd2 50c9815a 1eb98ff5 052342e1 32edb861 13142164 235bc13a f5203d69
p:
    f488fd58 4e49dbcd 20b49de4 9107366b 336c380d 451d0f7c 88b31c7c 5b2d8ef6
    f3c923c0 43f0a55b 188d8ebb 558cb85d 38d334fd 7c175743 a31d186c de33212c
    b52aff3c e1b12940 18118d7c 84a70a72 d686c403 19c80729 7aca950c d9969fab
    d00a509b 0246d308 3d66a45d 419f9c7c bd894b22 1926baab a25ec355 e92f78c7
g:
    02
l:
    512
260224 212152.038|INFO|Thread-42|log|packet:= edu.csus.ecs.pc2.core.transport.TransportWrapper@63dca83d
260224 212152.055|INFO|Thread-42|log|public void receive(SealedObject TransportPacket, ConnectionHandlerID connectionHandlerID)
260224 212152.059|INFO|Thread-44|log| receiveObject(S) start got Packet[LOGIN_SUCCESS] #41 SERVER0 @ site 1 -> TEAM1 @ site 1
260224 212152.059|INFO|Thread-44|log|Packet LOGIN_SUCCESS (Seq #41, o#41 ) recieveObject
260224 212152.059|INFO|Thread-44|log|  From: SERVER0 @ site 1, oSERVER0 @ site 1 (lilsaados @ 169.254.83.107) (Contest Id: Default--8030075252927918473)
260224 212152.059|INFO|Thread-44|log|    To: TEAM1 @ site 1
260224 212152.059|INFO|Thread-44|log|   key: ACCOUNT_ARRAY is: [Ledu.csus.ecs.pc2.core.model.Account; [Ledu.csus.ecs.pc2.core.model.Account;@af6fd1
260224 212152.059|INFO|Thread-44|log|   key: GENERAL_PROBLEM is: edu.csus.ecs.pc2.core.model.Problem General
260224 212152.059|INFO|Thread-44|log|   key: SERVER_CLOCK_OFFSET is: java.util.GregorianCalendar java.util.GregorianCalendar[time=1771960912049,areFieldsSet=true,areAllFieldsSet=false,lenient=true,zone=sun.util.calendar.ZoneInfo[id="GMT",offset=0,dstSavings=0,useDaylight=false,transitions=0,lastRule=null],firstDayOfWeek=1,minimalDaysInFirstWeek=1,ERA=1,YEAR=2026,MONTH=1,WEEK_OF_YEAR=9,WEEK_OF_MONTH=4,DAY_OF_MONTH=24,DAY_OF_YEAR=55,DAY_OF_WEEK=3,DAY_OF_WEEK_IN_MONTH=4,AM_PM=1,HOUR=7,HOUR_OF_DAY=19,MINUTE=21,SECOND=52,MILLISECOND=49,ZONE_OFFSET=0,DST_OFFSET=0]
260224 212152.059|INFO|Thread-44|log|   key: JUDGEMENT_LIST is: [Ledu.csus.ecs.pc2.core.model.Judgement; [Ledu.csus.ecs.pc2.core.model.Judgement;@e6881b4
260224 212152.059|INFO|Thread-44|log|   key: PROBLEM_DATA_FILES is: [Ledu.csus.ecs.pc2.core.model.ProblemDataFiles; [Ledu.csus.ecs.pc2.core.model.ProblemDataFiles;@a5704a1
260224 212152.061|INFO|Thread-44|log|   key: LANGUAGE_LIST is: [Ledu.csus.ecs.pc2.core.model.Language; [Ledu.csus.ecs.pc2.core.model.Language;@4f558b8f
260224 212152.061|INFO|Thread-44|log|   key: PROFILE is: edu.csus.ecs.pc2.core.model.Profile Default-917756220166097124
260224 212152.061|INFO|Thread-44|log|   key: BALLOON_SETTINGS_LIST is: [Ledu.csus.ecs.pc2.core.model.BalloonSettings; [Ledu.csus.ecs.pc2.core.model.BalloonSettings;@347fb453
260224 212152.061|INFO|Thread-44|log|   key: REMOTE_LOGGED_IN_USERS is: [Ledu.csus.ecs.pc2.core.model.ClientId; [Ledu.csus.ecs.pc2.core.model.ClientId;@7e50e649
260224 212152.061|INFO|Thread-44|log|   key: CLARIFICATION_LIST is: [Ledu.csus.ecs.pc2.core.model.Clarification; [Ledu.csus.ecs.pc2.core.model.Clarification;@4c90872e
260224 212152.061|INFO|Thread-44|log|   key: CONTEST_IDENTIFIER is: java.lang.String Default--8030075252927918473
260224 212152.061|INFO|Thread-44|log|   key: PROBLEM_LIST is: [Ledu.csus.ecs.pc2.core.model.Problem; [Ledu.csus.ecs.pc2.core.model.Problem;@2f7a74c0
260224 212152.061|INFO|Thread-44|log|   key: SITE_NUMBER is: java.lang.Integer 1
260224 212152.061|INFO|Thread-44|log|   key: CATEGORY_LIST is: [Ledu.csus.ecs.pc2.core.model.Category; [Ledu.csus.ecs.pc2.core.model.Category;@66ee9050
260224 212152.061|INFO|Thread-44|log|   key: CLIENT_SETTINGS_LIST is: [Ledu.csus.ecs.pc2.core.model.ClientSettings; [Ledu.csus.ecs.pc2.core.model.ClientSettings;@1ff5406a
260224 212152.061|INFO|Thread-44|log|   key: LOCAL_LOGGED_IN_USERS is: [Ledu.csus.ecs.pc2.core.model.ClientId; [Ledu.csus.ecs.pc2.core.model.ClientId;@57940d4d
260224 212152.061|INFO|Thread-44|log|   key: CLIENT_ID is: edu.csus.ecs.pc2.core.model.ClientId TEAM1 @ site 1
260224 212152.061|INFO|Thread-44|log|   key: GROUP_LIST is: [Ledu.csus.ecs.pc2.core.model.Group; [Ledu.csus.ecs.pc2.core.model.Group;@2b34af0b
260224 212152.061|INFO|Thread-44|log|   key: CONNECTION_HANDLE_ID_LIST is: [Ledu.csus.ecs.pc2.core.transport.ConnectionHandlerID; [Ledu.csus.ecs.pc2.core.transport.ConnectionHandlerID;@39cad62d
260224 212152.061|INFO|Thread-44|log|   key: CONTEST_TIME is: edu.csus.ecs.pc2.core.model.ContestTime edu.csus.ecs.pc2.core.model.ContestTime@c09276e
260224 212152.061|INFO|Thread-44|log|   key: PROFILE_LIST is: [Ledu.csus.ecs.pc2.core.model.Profile; [Ledu.csus.ecs.pc2.core.model.Profile;@7b00adc7
260224 212152.061|INFO|Thread-44|log|   key: CONTEST_TIME_LIST is: [Ledu.csus.ecs.pc2.core.model.ContestTime; [Ledu.csus.ecs.pc2.core.model.ContestTime;@75c2195b
260224 212152.061|INFO|Thread-44|log|   key: CONTEST_INFORMATION is: edu.csus.ecs.pc2.core.model.ContestInformation edu.csus.ecs.pc2.core.model.ContestInformation@1a56c270
260224 212152.061|INFO|Thread-44|log|   key: SITE_LIST is: [Ledu.csus.ecs.pc2.core.model.Site; [Ledu.csus.ecs.pc2.core.model.Site;@5fa1a403
260224 212152.061|INFO|Thread-44|log|   key: RUN_LIST is: [Ledu.csus.ecs.pc2.core.model.Run; [Ledu.csus.ecs.pc2.core.model.Run;@21b144a5
260224 212152.061|INFO|Thread-44|log|handlePacket start Packet[LOGIN_SUCCESS] #41 SERVER0 @ site 1 -> TEAM1 @ site 1
260224 212152.061|INFO|Thread-44|log|Packet LOGIN_SUCCESS (Seq #41, o#41 ) handlePacket
260224 212152.061|INFO|Thread-44|log|  From: SERVER0 @ site 1, oSERVER0 @ site 1 (lilsaados @ 169.254.83.107) (Contest Id: Default--8030075252927918473)
260224 212152.061|INFO|Thread-44|log|    To: TEAM1 @ site 1
260224 212152.061|INFO|Thread-44|log|   key: ACCOUNT_ARRAY is: [Ledu.csus.ecs.pc2.core.model.Account; [Ledu.csus.ecs.pc2.core.model.Account;@af6fd1
260224 212152.061|INFO|Thread-44|log|   key: GENERAL_PROBLEM is: edu.csus.ecs.pc2.core.model.Problem General
260224 212152.062|INFO|Thread-44|log|   key: SERVER_CLOCK_OFFSET is: java.util.GregorianCalendar java.util.GregorianCalendar[time=1771960912049,areFieldsSet=true,areAllFieldsSet=false,lenient=true,zone=sun.util.calendar.ZoneInfo[id="GMT",offset=0,dstSavings=0,useDaylight=false,transitions=0,lastRule=null],firstDayOfWeek=1,minimalDaysInFirstWeek=1,ERA=1,YEAR=2026,MONTH=1,WEEK_OF_YEAR=9,WEEK_OF_MONTH=4,DAY_OF_MONTH=24,DAY_OF_YEAR=55,DAY_OF_WEEK=3,DAY_OF_WEEK_IN_MONTH=4,AM_PM=1,HOUR=7,HOUR_OF_DAY=19,MINUTE=21,SECOND=52,MILLISECOND=49,ZONE_OFFSET=0,DST_OFFSET=0]
260224 212152.062|INFO|Thread-44|log|   key: JUDGEMENT_LIST is: [Ledu.csus.ecs.pc2.core.model.Judgement; [Ledu.csus.ecs.pc2.core.model.Judgement;@e6881b4
260224 212152.062|INFO|Thread-44|log|   key: PROBLEM_DATA_FILES is: [Ledu.csus.ecs.pc2.core.model.ProblemDataFiles; [Ledu.csus.ecs.pc2.core.model.ProblemDataFiles;@a5704a1
260224 212152.062|INFO|Thread-44|log|   key: LANGUAGE_LIST is: [Ledu.csus.ecs.pc2.core.model.Language; [Ledu.csus.ecs.pc2.core.model.Language;@4f558b8f
260224 212152.062|INFO|Thread-44|log|   key: PROFILE is: edu.csus.ecs.pc2.core.model.Profile Default-917756220166097124
260224 212152.062|INFO|Thread-44|log|   key: BALLOON_SETTINGS_LIST is: [Ledu.csus.ecs.pc2.core.model.BalloonSettings; [Ledu.csus.ecs.pc2.core.model.BalloonSettings;@347fb453
260224 212152.062|INFO|Thread-44|log|   key: REMOTE_LOGGED_IN_USERS is: [Ledu.csus.ecs.pc2.core.model.ClientId; [Ledu.csus.ecs.pc2.core.model.ClientId;@7e50e649
260224 212152.062|INFO|Thread-44|log|   key: CLARIFICATION_LIST is: [Ledu.csus.ecs.pc2.core.model.Clarification; [Ledu.csus.ecs.pc2.core.model.Clarification;@4c90872e
260224 212152.062|INFO|Thread-44|log|   key: CONTEST_IDENTIFIER is: java.lang.String Default--8030075252927918473
260224 212152.062|INFO|Thread-44|log|   key: PROBLEM_LIST is: [Ledu.csus.ecs.pc2.core.model.Problem; [Ledu.csus.ecs.pc2.core.model.Problem;@2f7a74c0
260224 212152.062|INFO|Thread-44|log|   key: SITE_NUMBER is: java.lang.Integer 1
260224 212152.062|INFO|Thread-44|log|   key: CATEGORY_LIST is: [Ledu.csus.ecs.pc2.core.model.Category; [Ledu.csus.ecs.pc2.core.model.Category;@66ee9050
260224 212152.062|INFO|Thread-44|log|   key: CLIENT_SETTINGS_LIST is: [Ledu.csus.ecs.pc2.core.model.ClientSettings; [Ledu.csus.ecs.pc2.core.model.ClientSettings;@1ff5406a
260224 212152.062|INFO|Thread-44|log|   key: LOCAL_LOGGED_IN_USERS is: [Ledu.csus.ecs.pc2.core.model.ClientId; [Ledu.csus.ecs.pc2.core.model.ClientId;@57940d4d
260224 212152.062|INFO|Thread-44|log|   key: CLIENT_ID is: edu.csus.ecs.pc2.core.model.ClientId TEAM1 @ site 1
260224 212152.062|INFO|Thread-44|log|   key: GROUP_LIST is: [Ledu.csus.ecs.pc2.core.model.Group; [Ledu.csus.ecs.pc2.core.model.Group;@2b34af0b
260224 212152.063|INFO|Thread-44|log|   key: CONNECTION_HANDLE_ID_LIST is: [Ledu.csus.ecs.pc2.core.transport.ConnectionHandlerID; [Ledu.csus.ecs.pc2.core.transport.ConnectionHandlerID;@39cad62d
260224 212152.063|INFO|Thread-44|log|   key: CONTEST_TIME is: edu.csus.ecs.pc2.core.model.ContestTime edu.csus.ecs.pc2.core.model.ContestTime@c09276e
260224 212152.063|INFO|Thread-44|log|   key: PROFILE_LIST is: [Ledu.csus.ecs.pc2.core.model.Profile; [Ledu.csus.ecs.pc2.core.model.Profile;@7b00adc7
260224 212152.063|INFO|Thread-44|log|   key: CONTEST_TIME_LIST is: [Ledu.csus.ecs.pc2.core.model.ContestTime; [Ledu.csus.ecs.pc2.core.model.ContestTime;@75c2195b
260224 212152.063|INFO|Thread-44|log|   key: CONTEST_INFORMATION is: edu.csus.ecs.pc2.core.model.ContestInformation edu.csus.ecs.pc2.core.model.ContestInformation@1a56c270
260224 212152.063|INFO|Thread-44|log|   key: SITE_LIST is: [Ledu.csus.ecs.pc2.core.model.Site; [Ledu.csus.ecs.pc2.core.model.Site;@5fa1a403
260224 212152.063|INFO|Thread-44|log|   key: RUN_LIST is: [Ledu.csus.ecs.pc2.core.model.Run; [Ledu.csus.ecs.pc2.core.model.Run;@21b144a5
260224 212216.411|INFO|Thread-42|log|connectionDropped(ConnectionHandlerID myConnectionID) 
