260222 012844.597|CONFIG|qtp477289012-58|log|Now logging to C:\Users\Shahd\git\2shahds_WCF_2026\logs directory.
260222 012844.598|INFO|qtp477289012-58|log|
260222 012844.598|INFO|qtp477289012-58|log|Version 9.10.0 () Java ver 21.0.8 build 7065 Windows 11 10.0 (amd64) 
260222 012844.598|INFO|qtp477289012-58|log|Login: team1 (aka team1)
260222 012844.598|INFO|qtp477289012-58|log|Working directory is C:\Users\Shahd\git\2shahds_WCF_2026
260222 012844.599|INFO|qtp477289012-58|log|Process id is 31660@DESKTOP-5EPLK95
260222 012844.599|INFO|qtp477289012-58|log|Contacting server at localhost:50002 as TEAM1 @ site 0
260222 012844.599|INFO|qtp477289012-58|log|sendLoginRequest start - sending from TEAM1 @ site 0
260222 012844.599|INFO|Thread-28|log|receiveUnencrypted(TransportWrapper, ConnectionHandlerID=Socket[addr=localhost/127.0.0.1,port=50002,localport=64129]--8475618748986685704)
260222 012844.600|INFO|qtp477289012-58|log|Sending packet to server Packet[LOGIN_REQUEST] #3 TEAM1 @ site 0 -> SERVER0 @ site 0
260222 012844.603|INFO|qtp477289012-58|log|Sent    packet to server Packet[LOGIN_REQUEST] #3 TEAM1 @ site 0 -> SERVER0 @ site 0
260222 012844.603|INFO|qtp477289012-58|log|sendLoginRequest end - packet sent.
260222 012844.603|INFO|Thread-29|log|send(Serializable)
260222 012844.604|INFO|Thread-28|log|receiveUnencrypted Made a secret key for Socket[addr=localhost/127.0.0.1,port=50002,localport=64129]--8475618748986685704 key is com.sun.crypto.provider.DESKey@18522
260222 012844.605|INFO|Thread-28|log|Generating Unencrypted Public Key Packet
260222 012844.606|INFO|Thread-28|log|checking key:= SunJCE Diffie-Hellman Public Key:
y:
    ce0b4045 9b3ce4bb 438fe83d 0421754f 571f5f1f aa9d87cb 9c8fcb80 5697ecb7
    38d7f08e 6724d0b0 4768c92d 3c39e10d 09f37413 c516c625 ca38708f 2a50fdcc
    2914e745 a00ccc73 eeee2e9a f4db492c 3de8dcad b2d65ca0 7a135b1b a8cb9336
    b1958d3c d7ea1b76 5a7f493b 49314434 a62d4ca5 21c25247 432aa927 cfd9465d
p:
    f488fd58 4e49dbcd 20b49de4 9107366b 336c380d 451d0f7c 88b31c7c 5b2d8ef6
    f3c923c0 43f0a55b 188d8ebb 558cb85d 38d334fd 7c175743 a31d186c de33212c
    b52aff3c e1b12940 18118d7c 84a70a72 d686c403 19c80729 7aca950c d9969fab
    d00a509b 0246d308 3d66a45d 419f9c7c bd894b22 1926baab a25ec355 e92f78c7
g:
    02
l:
    512
260222 012844.606|INFO|Thread-28|log|packet:= edu.csus.ecs.pc2.core.transport.TransportWrapper@786facd0
260222 012844.671|INFO|Thread-28|log|public void receive(SealedObject TransportPacket, ConnectionHandlerID connectionHandlerID)
260222 012844.690|INFO|Thread-30|log| receiveObject(S) start got Packet[LOGIN_SUCCESS] #17 SERVER0 @ site 1 -> TEAM1 @ site 1
260222 012844.691|INFO|Thread-30|log|Packet LOGIN_SUCCESS (Seq #17, o#17 ) recieveObject
260222 012844.695|INFO|Thread-30|log|  From: SERVER0 @ site 1, oSERVER0 @ site 1 (DESKTOP-5EPLK95 @ 192.168.0.1) (Contest Id: Default--8496739082754078555)
260222 012844.696|INFO|Thread-30|log|    To: TEAM1 @ site 1
260222 012844.696|INFO|Thread-30|log|   key: PROFILE_LIST is: [Ledu.csus.ecs.pc2.core.model.Profile; [Ledu.csus.ecs.pc2.core.model.Profile;@2bfd7aba
260222 012844.696|INFO|Thread-30|log|   key: GENERAL_PROBLEM is: edu.csus.ecs.pc2.core.model.Problem General
260222 012844.696|INFO|Thread-30|log|   key: CLIENT_SETTINGS_LIST is: [Ledu.csus.ecs.pc2.core.model.ClientSettings; [Ledu.csus.ecs.pc2.core.model.ClientSettings;@253a81b5
260222 012844.696|INFO|Thread-30|log|   key: CONTEST_TIME is: edu.csus.ecs.pc2.core.model.ContestTime edu.csus.ecs.pc2.core.model.ContestTime@210511ca
260222 012844.697|INFO|Thread-30|log|   key: CLARIFICATION_LIST is: [Ledu.csus.ecs.pc2.core.model.Clarification; [Ledu.csus.ecs.pc2.core.model.Clarification;@64078b8e
260222 012844.697|INFO|Thread-30|log|   key: CATEGORY_LIST is: [Ledu.csus.ecs.pc2.core.model.Category; [Ledu.csus.ecs.pc2.core.model.Category;@24ef151e
260222 012844.697|INFO|Thread-30|log|   key: LANGUAGE_LIST is: [Ledu.csus.ecs.pc2.core.model.Language; [Ledu.csus.ecs.pc2.core.model.Language;@55a90f1f
260222 012844.697|INFO|Thread-30|log|   key: REMOTE_LOGGED_IN_USERS is: [Ledu.csus.ecs.pc2.core.model.ClientId; [Ledu.csus.ecs.pc2.core.model.ClientId;@5cabcf21
260222 012844.697|INFO|Thread-30|log|   key: CONTEST_TIME_LIST is: [Ledu.csus.ecs.pc2.core.model.ContestTime; [Ledu.csus.ecs.pc2.core.model.ContestTime;@42874c1
260222 012844.698|INFO|Thread-30|log|   key: CONNECTION_HANDLE_ID_LIST is: [Ledu.csus.ecs.pc2.core.transport.ConnectionHandlerID; [Ledu.csus.ecs.pc2.core.transport.ConnectionHandlerID;@5833d6bf
260222 012844.698|INFO|Thread-30|log|   key: PROFILE is: edu.csus.ecs.pc2.core.model.Profile Default--2865323470823757023
260222 012844.698|INFO|Thread-30|log|   key: CLIENT_ID is: edu.csus.ecs.pc2.core.model.ClientId TEAM1 @ site 1
260222 012844.698|INFO|Thread-30|log|   key: SITE_NUMBER is: java.lang.Integer 1
260222 012844.699|INFO|Thread-30|log|   key: CONTEST_INFORMATION is: edu.csus.ecs.pc2.core.model.ContestInformation edu.csus.ecs.pc2.core.model.ContestInformation@45fffb51
260222 012844.699|INFO|Thread-30|log|   key: SITE_LIST is: [Ledu.csus.ecs.pc2.core.model.Site; [Ledu.csus.ecs.pc2.core.model.Site;@47afe608
260222 012844.699|INFO|Thread-30|log|   key: PROBLEM_DATA_FILES is: [Ledu.csus.ecs.pc2.core.model.ProblemDataFiles; [Ledu.csus.ecs.pc2.core.model.ProblemDataFiles;@660c40
260222 012844.699|INFO|Thread-30|log|   key: JUDGEMENT_LIST is: [Ledu.csus.ecs.pc2.core.model.Judgement; [Ledu.csus.ecs.pc2.core.model.Judgement;@4626b4dd
260222 012844.699|INFO|Thread-30|log|   key: PROBLEM_LIST is: [Ledu.csus.ecs.pc2.core.model.Problem; [Ledu.csus.ecs.pc2.core.model.Problem;@7cb9ea3b
260222 012844.699|INFO|Thread-30|log|   key: GROUP_LIST is: [Ledu.csus.ecs.pc2.core.model.Group; [Ledu.csus.ecs.pc2.core.model.Group;@449ecc02
260222 012844.700|INFO|Thread-30|log|   key: LOCAL_LOGGED_IN_USERS is: [Ledu.csus.ecs.pc2.core.model.ClientId; [Ledu.csus.ecs.pc2.core.model.ClientId;@742accdd
260222 012844.700|INFO|Thread-30|log|   key: SERVER_CLOCK_OFFSET is: java.util.GregorianCalendar java.util.GregorianCalendar[time=1771716524651,areFieldsSet=true,areAllFieldsSet=false,lenient=true,zone=sun.util.calendar.ZoneInfo[id="GMT",offset=0,dstSavings=0,useDaylight=false,transitions=0,lastRule=null],firstDayOfWeek=1,minimalDaysInFirstWeek=1,ERA=1,YEAR=2026,MONTH=1,WEEK_OF_YEAR=8,WEEK_OF_MONTH=3,DAY_OF_MONTH=21,DAY_OF_YEAR=52,DAY_OF_WEEK=7,DAY_OF_WEEK_IN_MONTH=3,AM_PM=1,HOUR=11,HOUR_OF_DAY=23,MINUTE=28,SECOND=44,MILLISECOND=651,ZONE_OFFSET=0,DST_OFFSET=0]
260222 012844.700|INFO|Thread-30|log|   key: CONTEST_IDENTIFIER is: java.lang.String Default--8496739082754078555
260222 012844.700|INFO|Thread-30|log|   key: BALLOON_SETTINGS_LIST is: [Ledu.csus.ecs.pc2.core.model.BalloonSettings; [Ledu.csus.ecs.pc2.core.model.BalloonSettings;@7d90ed9
260222 012844.700|INFO|Thread-30|log|   key: RUN_LIST is: [Ledu.csus.ecs.pc2.core.model.Run; [Ledu.csus.ecs.pc2.core.model.Run;@3402c42b
260222 012844.700|INFO|Thread-30|log|   key: ACCOUNT_ARRAY is: [Ledu.csus.ecs.pc2.core.model.Account; [Ledu.csus.ecs.pc2.core.model.Account;@64ef075
260222 012844.701|INFO|Thread-30|log|handlePacket start Packet[LOGIN_SUCCESS] #17 SERVER0 @ site 1 -> TEAM1 @ site 1
260222 012844.701|INFO|Thread-30|log|Packet LOGIN_SUCCESS (Seq #17, o#17 ) handlePacket
260222 012844.702|INFO|Thread-30|log|  From: SERVER0 @ site 1, oSERVER0 @ site 1 (DESKTOP-5EPLK95 @ 192.168.0.1) (Contest Id: Default--8496739082754078555)
260222 012844.702|INFO|Thread-30|log|    To: TEAM1 @ site 1
260222 012844.702|INFO|Thread-30|log|   key: PROFILE_LIST is: [Ledu.csus.ecs.pc2.core.model.Profile; [Ledu.csus.ecs.pc2.core.model.Profile;@2bfd7aba
260222 012844.702|INFO|Thread-30|log|   key: GENERAL_PROBLEM is: edu.csus.ecs.pc2.core.model.Problem General
260222 012844.703|INFO|Thread-30|log|   key: CLIENT_SETTINGS_LIST is: [Ledu.csus.ecs.pc2.core.model.ClientSettings; [Ledu.csus.ecs.pc2.core.model.ClientSettings;@253a81b5
260222 012844.703|INFO|Thread-30|log|   key: CONTEST_TIME is: edu.csus.ecs.pc2.core.model.ContestTime edu.csus.ecs.pc2.core.model.ContestTime@210511ca
260222 012844.703|INFO|Thread-30|log|   key: CLARIFICATION_LIST is: [Ledu.csus.ecs.pc2.core.model.Clarification; [Ledu.csus.ecs.pc2.core.model.Clarification;@64078b8e
260222 012844.703|INFO|Thread-30|log|   key: CATEGORY_LIST is: [Ledu.csus.ecs.pc2.core.model.Category; [Ledu.csus.ecs.pc2.core.model.Category;@24ef151e
260222 012844.703|INFO|Thread-30|log|   key: LANGUAGE_LIST is: [Ledu.csus.ecs.pc2.core.model.Language; [Ledu.csus.ecs.pc2.core.model.Language;@55a90f1f
260222 012844.703|INFO|Thread-30|log|   key: REMOTE_LOGGED_IN_USERS is: [Ledu.csus.ecs.pc2.core.model.ClientId; [Ledu.csus.ecs.pc2.core.model.ClientId;@5cabcf21
260222 012844.703|INFO|Thread-30|log|   key: CONTEST_TIME_LIST is: [Ledu.csus.ecs.pc2.core.model.ContestTime; [Ledu.csus.ecs.pc2.core.model.ContestTime;@42874c1
260222 012844.703|INFO|Thread-30|log|   key: CONNECTION_HANDLE_ID_LIST is: [Ledu.csus.ecs.pc2.core.transport.ConnectionHandlerID; [Ledu.csus.ecs.pc2.core.transport.ConnectionHandlerID;@5833d6bf
260222 012844.703|INFO|Thread-30|log|   key: PROFILE is: edu.csus.ecs.pc2.core.model.Profile Default--2865323470823757023
260222 012844.703|INFO|Thread-30|log|   key: CLIENT_ID is: edu.csus.ecs.pc2.core.model.ClientId TEAM1 @ site 1
260222 012844.703|INFO|Thread-30|log|   key: SITE_NUMBER is: java.lang.Integer 1
260222 012844.704|INFO|Thread-30|log|   key: CONTEST_INFORMATION is: edu.csus.ecs.pc2.core.model.ContestInformation edu.csus.ecs.pc2.core.model.ContestInformation@45fffb51
260222 012844.704|INFO|Thread-30|log|   key: SITE_LIST is: [Ledu.csus.ecs.pc2.core.model.Site; [Ledu.csus.ecs.pc2.core.model.Site;@47afe608
260222 012844.704|INFO|Thread-30|log|   key: PROBLEM_DATA_FILES is: [Ledu.csus.ecs.pc2.core.model.ProblemDataFiles; [Ledu.csus.ecs.pc2.core.model.ProblemDataFiles;@660c40
260222 012844.704|INFO|Thread-30|log|   key: JUDGEMENT_LIST is: [Ledu.csus.ecs.pc2.core.model.Judgement; [Ledu.csus.ecs.pc2.core.model.Judgement;@4626b4dd
260222 012844.704|INFO|Thread-30|log|   key: PROBLEM_LIST is: [Ledu.csus.ecs.pc2.core.model.Problem; [Ledu.csus.ecs.pc2.core.model.Problem;@7cb9ea3b
260222 012844.704|INFO|Thread-30|log|   key: GROUP_LIST is: [Ledu.csus.ecs.pc2.core.model.Group; [Ledu.csus.ecs.pc2.core.model.Group;@449ecc02
260222 012844.704|INFO|Thread-30|log|   key: LOCAL_LOGGED_IN_USERS is: [Ledu.csus.ecs.pc2.core.model.ClientId; [Ledu.csus.ecs.pc2.core.model.ClientId;@742accdd
260222 012844.704|INFO|Thread-30|log|   key: SERVER_CLOCK_OFFSET is: java.util.GregorianCalendar java.util.GregorianCalendar[time=1771716524651,areFieldsSet=true,areAllFieldsSet=false,lenient=true,zone=sun.util.calendar.ZoneInfo[id="GMT",offset=0,dstSavings=0,useDaylight=false,transitions=0,lastRule=null],firstDayOfWeek=1,minimalDaysInFirstWeek=1,ERA=1,YEAR=2026,MONTH=1,WEEK_OF_YEAR=8,WEEK_OF_MONTH=3,DAY_OF_MONTH=21,DAY_OF_YEAR=52,DAY_OF_WEEK=7,DAY_OF_WEEK_IN_MONTH=3,AM_PM=1,HOUR=11,HOUR_OF_DAY=23,MINUTE=28,SECOND=44,MILLISECOND=651,ZONE_OFFSET=0,DST_OFFSET=0]
260222 012844.704|INFO|Thread-30|log|   key: CONTEST_IDENTIFIER is: java.lang.String Default--8496739082754078555
260222 012844.704|INFO|Thread-30|log|   key: BALLOON_SETTINGS_LIST is: [Ledu.csus.ecs.pc2.core.model.BalloonSettings; [Ledu.csus.ecs.pc2.core.model.BalloonSettings;@7d90ed9
260222 012844.704|INFO|Thread-30|log|   key: RUN_LIST is: [Ledu.csus.ecs.pc2.core.model.Run; [Ledu.csus.ecs.pc2.core.model.Run;@3402c42b
260222 012844.704|INFO|Thread-30|log|   key: ACCOUNT_ARRAY is: [Ledu.csus.ecs.pc2.core.model.Account; [Ledu.csus.ecs.pc2.core.model.Account;@64ef075
260223 231330.202|CONFIG|qtp38997010-34|log|Now logging to C:\Users\Lenovo\git\2shahds_WCF_2026\logs directory.
260223 231330.203|INFO|qtp38997010-34|log|
260223 231330.203|INFO|qtp38997010-34|log|Version 9.10.0 () Java ver 1.8.0_51 build 7065 Windows 8.1 6.3 (amd64) 
260223 231330.204|INFO|qtp38997010-34|log|Login: team1 (aka team1)
260223 231330.204|INFO|qtp38997010-34|log|Working directory is C:\Users\Lenovo\git\2shahds_WCF_2026
260223 231330.204|INFO|qtp38997010-34|log|Process id is 12576@lilsaados
260223 231330.204|INFO|qtp38997010-34|log|Contacting server at localhost:50002 as TEAM1 @ site 0
260223 231330.206|INFO|qtp38997010-34|log|sendLoginRequest start - sending from TEAM1 @ site 0
260223 231330.206|INFO|Thread-49|log|receiveUnencrypted(TransportWrapper, ConnectionHandlerID=Socket[addr=localhost/127.0.0.1,port=50002,localport=54427]--3271917677086701026)
260223 231330.208|INFO|qtp38997010-34|log|Sending packet to server Packet[LOGIN_REQUEST] #6 TEAM1 @ site 0 -> SERVER0 @ site 0
260223 231330.211|INFO|qtp38997010-34|log|Sent    packet to server Packet[LOGIN_REQUEST] #6 TEAM1 @ site 0 -> SERVER0 @ site 0
260223 231330.213|INFO|Thread-50|log|send(Serializable)
260223 231330.213|INFO|qtp38997010-34|log|sendLoginRequest end - packet sent.
260223 231330.216|INFO|Thread-49|log|receiveUnencrypted Made a secret key for Socket[addr=localhost/127.0.0.1,port=50002,localport=54427]--3271917677086701026 key is com.sun.crypto.provider.DESKey@fffe7b8c
260223 231330.216|INFO|Thread-49|log|Generating Unencrypted Public Key Packet
260223 231330.218|INFO|Thread-49|log|checking key:= SunJCE Diffie-Hellman Public Key:
y:
    0df5118c 85ff4141 850c5a48 279db64c 27fa0f35 1f09c64a d4cc9a51 e5ed387d
    e7bea79d 80a7d9fb 7c37d9b6 f30fcbde e0c7f071 b8e288d2 48dc8599 374445c1
    352a6fc1 60d79ddc 2ee9eb03 39f0ccc6 f4c94f49 c4858088 59824d32 4264aa2c
    ec665147 fb4ada27 9a441fe3 860cfedf ab629002 c12a1a69 9f3ba80e 7641e60c
p:
    f488fd58 4e49dbcd 20b49de4 9107366b 336c380d 451d0f7c 88b31c7c 5b2d8ef6
    f3c923c0 43f0a55b 188d8ebb 558cb85d 38d334fd 7c175743 a31d186c de33212c
    b52aff3c e1b12940 18118d7c 84a70a72 d686c403 19c80729 7aca950c d9969fab
    d00a509b 0246d308 3d66a45d 419f9c7c bd894b22 1926baab a25ec355 e92f78c7
g:
    02
l:
    512
260223 231330.218|INFO|Thread-49|log|packet:= edu.csus.ecs.pc2.core.transport.TransportWrapper@73795f73
260223 231330.257|INFO|Thread-49|log|public void receive(SealedObject TransportPacket, ConnectionHandlerID connectionHandlerID)
260223 231330.275|INFO|Thread-51|log| receiveObject(S) start got Packet[LOGIN_SUCCESS] #29 SERVER0 @ site 1 -> TEAM1 @ site 1
260223 231330.278|INFO|Thread-51|log|Packet LOGIN_SUCCESS (Seq #29, o#29 ) recieveObject
260223 231330.278|INFO|Thread-51|log|  From: SERVER0 @ site 1, oSERVER0 @ site 1 (lilsaados @ 169.254.83.107) (Contest Id: Default--8030075252927918473)
260223 231330.279|INFO|Thread-51|log|    To: TEAM1 @ site 1
260223 231330.279|INFO|Thread-51|log|   key: ACCOUNT_ARRAY is: [Ledu.csus.ecs.pc2.core.model.Account; [Ledu.csus.ecs.pc2.core.model.Account;@103328c2
260223 231330.279|INFO|Thread-51|log|   key: GENERAL_PROBLEM is: edu.csus.ecs.pc2.core.model.Problem General
260223 231330.279|INFO|Thread-51|log|   key: SERVER_CLOCK_OFFSET is: java.util.GregorianCalendar java.util.GregorianCalendar[time=1771881210237,areFieldsSet=true,areAllFieldsSet=false,lenient=true,zone=sun.util.calendar.ZoneInfo[id="GMT",offset=0,dstSavings=0,useDaylight=false,transitions=0,lastRule=null],firstDayOfWeek=1,minimalDaysInFirstWeek=1,ERA=1,YEAR=2026,MONTH=1,WEEK_OF_YEAR=9,WEEK_OF_MONTH=4,DAY_OF_MONTH=23,DAY_OF_YEAR=54,DAY_OF_WEEK=2,DAY_OF_WEEK_IN_MONTH=4,AM_PM=1,HOUR=9,HOUR_OF_DAY=21,MINUTE=13,SECOND=30,MILLISECOND=237,ZONE_OFFSET=0,DST_OFFSET=0]
260223 231330.279|INFO|Thread-51|log|   key: JUDGEMENT_LIST is: [Ledu.csus.ecs.pc2.core.model.Judgement; [Ledu.csus.ecs.pc2.core.model.Judgement;@1ef4d4b4
260223 231330.279|INFO|Thread-51|log|   key: PROBLEM_DATA_FILES is: [Ledu.csus.ecs.pc2.core.model.ProblemDataFiles; [Ledu.csus.ecs.pc2.core.model.ProblemDataFiles;@1acb43b2
260223 231330.279|INFO|Thread-51|log|   key: LANGUAGE_LIST is: [Ledu.csus.ecs.pc2.core.model.Language; [Ledu.csus.ecs.pc2.core.model.Language;@5fc9de8f
260223 231330.279|INFO|Thread-51|log|   key: PROFILE is: edu.csus.ecs.pc2.core.model.Profile Default-917756220166097124
260223 231330.280|INFO|Thread-51|log|   key: BALLOON_SETTINGS_LIST is: [Ledu.csus.ecs.pc2.core.model.BalloonSettings; [Ledu.csus.ecs.pc2.core.model.BalloonSettings;@5635888c
260223 231330.280|INFO|Thread-51|log|   key: REMOTE_LOGGED_IN_USERS is: [Ledu.csus.ecs.pc2.core.model.ClientId; [Ledu.csus.ecs.pc2.core.model.ClientId;@6e5ca78a
260223 231330.280|INFO|Thread-51|log|   key: CLARIFICATION_LIST is: [Ledu.csus.ecs.pc2.core.model.Clarification; [Ledu.csus.ecs.pc2.core.model.Clarification;@2e4aaf20
260223 231330.280|INFO|Thread-51|log|   key: CONTEST_IDENTIFIER is: java.lang.String Default--8030075252927918473
260223 231330.280|INFO|Thread-51|log|   key: PROBLEM_LIST is: [Ledu.csus.ecs.pc2.core.model.Problem; [Ledu.csus.ecs.pc2.core.model.Problem;@3fe621c0
260223 231330.281|INFO|Thread-51|log|   key: SITE_NUMBER is: java.lang.Integer 1
260223 231330.281|INFO|Thread-51|log|   key: CATEGORY_LIST is: [Ledu.csus.ecs.pc2.core.model.Category; [Ledu.csus.ecs.pc2.core.model.Category;@456dbf58
260223 231330.281|INFO|Thread-51|log|   key: CLIENT_SETTINGS_LIST is: [Ledu.csus.ecs.pc2.core.model.ClientSettings; [Ledu.csus.ecs.pc2.core.model.ClientSettings;@4e863088
260223 231330.281|INFO|Thread-51|log|   key: LOCAL_LOGGED_IN_USERS is: [Ledu.csus.ecs.pc2.core.model.ClientId; [Ledu.csus.ecs.pc2.core.model.ClientId;@354ea5d7
260223 231330.281|INFO|Thread-51|log|   key: CLIENT_ID is: edu.csus.ecs.pc2.core.model.ClientId TEAM1 @ site 1
260223 231330.281|INFO|Thread-51|log|   key: GROUP_LIST is: [Ledu.csus.ecs.pc2.core.model.Group; [Ledu.csus.ecs.pc2.core.model.Group;@3ba87a9f
260223 231330.281|INFO|Thread-51|log|   key: CONNECTION_HANDLE_ID_LIST is: [Ledu.csus.ecs.pc2.core.transport.ConnectionHandlerID; [Ledu.csus.ecs.pc2.core.transport.ConnectionHandlerID;@139785cd
260223 231330.281|INFO|Thread-51|log|   key: CONTEST_TIME is: edu.csus.ecs.pc2.core.model.ContestTime edu.csus.ecs.pc2.core.model.ContestTime@6ceaf547
260223 231330.281|INFO|Thread-51|log|   key: PROFILE_LIST is: [Ledu.csus.ecs.pc2.core.model.Profile; [Ledu.csus.ecs.pc2.core.model.Profile;@2c4a8510
260223 231330.281|INFO|Thread-51|log|   key: CONTEST_TIME_LIST is: [Ledu.csus.ecs.pc2.core.model.ContestTime; [Ledu.csus.ecs.pc2.core.model.ContestTime;@54ce6e84
260223 231330.281|INFO|Thread-51|log|   key: CONTEST_INFORMATION is: edu.csus.ecs.pc2.core.model.ContestInformation edu.csus.ecs.pc2.core.model.ContestInformation@7bd8303d
260223 231330.281|INFO|Thread-51|log|   key: SITE_LIST is: [Ledu.csus.ecs.pc2.core.model.Site; [Ledu.csus.ecs.pc2.core.model.Site;@40a3a2cc
260223 231330.281|INFO|Thread-51|log|   key: RUN_LIST is: [Ledu.csus.ecs.pc2.core.model.Run; [Ledu.csus.ecs.pc2.core.model.Run;@3839ddcd
260223 231330.281|INFO|Thread-51|log|handlePacket start Packet[LOGIN_SUCCESS] #29 SERVER0 @ site 1 -> TEAM1 @ site 1
260223 231330.281|INFO|Thread-51|log|Packet LOGIN_SUCCESS (Seq #29, o#29 ) handlePacket
260223 231330.282|INFO|Thread-51|log|  From: SERVER0 @ site 1, oSERVER0 @ site 1 (lilsaados @ 169.254.83.107) (Contest Id: Default--8030075252927918473)
260223 231330.282|INFO|Thread-51|log|    To: TEAM1 @ site 1
260223 231330.282|INFO|Thread-51|log|   key: ACCOUNT_ARRAY is: [Ledu.csus.ecs.pc2.core.model.Account; [Ledu.csus.ecs.pc2.core.model.Account;@103328c2
260223 231330.285|INFO|Thread-51|log|   key: GENERAL_PROBLEM is: edu.csus.ecs.pc2.core.model.Problem General
260223 231330.285|INFO|Thread-51|log|   key: SERVER_CLOCK_OFFSET is: java.util.GregorianCalendar java.util.GregorianCalendar[time=1771881210237,areFieldsSet=true,areAllFieldsSet=false,lenient=true,zone=sun.util.calendar.ZoneInfo[id="GMT",offset=0,dstSavings=0,useDaylight=false,transitions=0,lastRule=null],firstDayOfWeek=1,minimalDaysInFirstWeek=1,ERA=1,YEAR=2026,MONTH=1,WEEK_OF_YEAR=9,WEEK_OF_MONTH=4,DAY_OF_MONTH=23,DAY_OF_YEAR=54,DAY_OF_WEEK=2,DAY_OF_WEEK_IN_MONTH=4,AM_PM=1,HOUR=9,HOUR_OF_DAY=21,MINUTE=13,SECOND=30,MILLISECOND=237,ZONE_OFFSET=0,DST_OFFSET=0]
260223 231330.286|INFO|Thread-51|log|   key: JUDGEMENT_LIST is: [Ledu.csus.ecs.pc2.core.model.Judgement; [Ledu.csus.ecs.pc2.core.model.Judgement;@1ef4d4b4
260223 231330.286|INFO|Thread-51|log|   key: PROBLEM_DATA_FILES is: [Ledu.csus.ecs.pc2.core.model.ProblemDataFiles; [Ledu.csus.ecs.pc2.core.model.ProblemDataFiles;@1acb43b2
260223 231330.286|INFO|Thread-51|log|   key: LANGUAGE_LIST is: [Ledu.csus.ecs.pc2.core.model.Language; [Ledu.csus.ecs.pc2.core.model.Language;@5fc9de8f
260223 231330.286|INFO|Thread-51|log|   key: PROFILE is: edu.csus.ecs.pc2.core.model.Profile Default-917756220166097124
260223 231330.286|INFO|Thread-51|log|   key: BALLOON_SETTINGS_LIST is: [Ledu.csus.ecs.pc2.core.model.BalloonSettings; [Ledu.csus.ecs.pc2.core.model.BalloonSettings;@5635888c
260223 231330.286|INFO|Thread-51|log|   key: REMOTE_LOGGED_IN_USERS is: [Ledu.csus.ecs.pc2.core.model.ClientId; [Ledu.csus.ecs.pc2.core.model.ClientId;@6e5ca78a
260223 231330.286|INFO|Thread-51|log|   key: CLARIFICATION_LIST is: [Ledu.csus.ecs.pc2.core.model.Clarification; [Ledu.csus.ecs.pc2.core.model.Clarification;@2e4aaf20
260223 231330.286|INFO|Thread-51|log|   key: CONTEST_IDENTIFIER is: java.lang.String Default--8030075252927918473
260223 231330.286|INFO|Thread-51|log|   key: PROBLEM_LIST is: [Ledu.csus.ecs.pc2.core.model.Problem; [Ledu.csus.ecs.pc2.core.model.Problem;@3fe621c0
260223 231330.286|INFO|Thread-51|log|   key: SITE_NUMBER is: java.lang.Integer 1
260223 231330.286|INFO|Thread-51|log|   key: CATEGORY_LIST is: [Ledu.csus.ecs.pc2.core.model.Category; [Ledu.csus.ecs.pc2.core.model.Category;@456dbf58
260223 231330.286|INFO|Thread-51|log|   key: CLIENT_SETTINGS_LIST is: [Ledu.csus.ecs.pc2.core.model.ClientSettings; [Ledu.csus.ecs.pc2.core.model.ClientSettings;@4e863088
260223 231330.286|INFO|Thread-51|log|   key: LOCAL_LOGGED_IN_USERS is: [Ledu.csus.ecs.pc2.core.model.ClientId; [Ledu.csus.ecs.pc2.core.model.ClientId;@354ea5d7
260223 231330.286|INFO|Thread-51|log|   key: CLIENT_ID is: edu.csus.ecs.pc2.core.model.ClientId TEAM1 @ site 1
260223 231330.286|INFO|Thread-51|log|   key: GROUP_LIST is: [Ledu.csus.ecs.pc2.core.model.Group; [Ledu.csus.ecs.pc2.core.model.Group;@3ba87a9f
260223 231330.287|INFO|Thread-51|log|   key: CONNECTION_HANDLE_ID_LIST is: [Ledu.csus.ecs.pc2.core.transport.ConnectionHandlerID; [Ledu.csus.ecs.pc2.core.transport.ConnectionHandlerID;@139785cd
260223 231330.287|INFO|Thread-51|log|   key: CONTEST_TIME is: edu.csus.ecs.pc2.core.model.ContestTime edu.csus.ecs.pc2.core.model.ContestTime@6ceaf547
260223 231330.287|INFO|Thread-51|log|   key: PROFILE_LIST is: [Ledu.csus.ecs.pc2.core.model.Profile; [Ledu.csus.ecs.pc2.core.model.Profile;@2c4a8510
260223 231330.287|INFO|Thread-51|log|   key: CONTEST_TIME_LIST is: [Ledu.csus.ecs.pc2.core.model.ContestTime; [Ledu.csus.ecs.pc2.core.model.ContestTime;@54ce6e84
260223 231330.287|INFO|Thread-51|log|   key: CONTEST_INFORMATION is: edu.csus.ecs.pc2.core.model.ContestInformation edu.csus.ecs.pc2.core.model.ContestInformation@7bd8303d
260223 231330.287|INFO|Thread-51|log|   key: SITE_LIST is: [Ledu.csus.ecs.pc2.core.model.Site; [Ledu.csus.ecs.pc2.core.model.Site;@40a3a2cc
260223 231330.289|INFO|Thread-51|log|   key: RUN_LIST is: [Ledu.csus.ecs.pc2.core.model.Run; [Ledu.csus.ecs.pc2.core.model.Run;@3839ddcd
260224 211904.406|CONFIG|qtp38997010-22|log|Now logging to C:\Users\Lenovo\git\2shahds_WCF_2026\logs directory.
260224 211904.408|INFO|qtp38997010-22|log|
260224 211904.409|INFO|qtp38997010-22|log|Version 9.10.0 () Java ver 1.8.0_51 build 7065 Windows 8.1 6.3 (amd64) 
260224 211904.409|INFO|qtp38997010-22|log|Login: team1 (aka team1)
260224 211904.409|INFO|qtp38997010-22|log|Working directory is C:\Users\Lenovo\git\2shahds_WCF_2026
260224 211904.409|INFO|qtp38997010-22|log|Process id is 23624@lilsaados
260224 211904.409|INFO|qtp38997010-22|log|Contacting server at localhost:50002 as TEAM1 @ site 0
260224 211904.410|INFO|qtp38997010-22|log|sendLoginRequest start - sending from TEAM1 @ site 0
260224 211904.410|INFO|qtp38997010-22|log|Sending packet to server Packet[LOGIN_REQUEST] #4 TEAM1 @ site 0 -> SERVER0 @ site 0
260224 211904.410|INFO|qtp38997010-22|log|Sent    packet to server Packet[LOGIN_REQUEST] #4 TEAM1 @ site 0 -> SERVER0 @ site 0
260224 211904.410|INFO|qtp38997010-22|log|sendLoginRequest end - packet sent.
260224 211904.410|INFO|Thread-27|log|send(Serializable)
260224 211904.412|INFO|Thread-26|log|receiveUnencrypted Made a secret key for Socket[addr=localhost/127.0.0.1,port=50002,localport=49211]--3199098369536803187 key is com.sun.crypto.provider.DESKey@1842d
260224 211904.412|INFO|Thread-26|log|Generating Unencrypted Public Key Packet
260224 211904.412|INFO|Thread-26|log|checking key:= SunJCE Diffie-Hellman Public Key:
y:
    efb7263c c314c2b1 098e9540 bb1c648c 79a059f8 aee14de3 2fd25df9 4e152951
    dbb11d81 3262a005 a99a20b0 27c73d30 4e6f8254 a45bf2d1 08964aa8 bc8d45f6
    ac164ce3 701e78fd 128c0a98 158eb874 841a625a 64e5b1f7 52933df6 73c9c2e3
    219db5f8 b481f58a f43ec844 b93de7d9 60970fd9 bf25df1a 5f45ab7e 62aa1499
p:
    f488fd58 4e49dbcd 20b49de4 9107366b 336c380d 451d0f7c 88b31c7c 5b2d8ef6
    f3c923c0 43f0a55b 188d8ebb 558cb85d 38d334fd 7c175743 a31d186c de33212c
    b52aff3c e1b12940 18118d7c 84a70a72 d686c403 19c80729 7aca950c d9969fab
    d00a509b 0246d308 3d66a45d 419f9c7c bd894b22 1926baab a25ec355 e92f78c7
g:
    02
l:
    512
260224 211904.413|INFO|Thread-26|log|packet:= edu.csus.ecs.pc2.core.transport.TransportWrapper@29116e5a
260224 211904.435|INFO|Thread-26|log|public void receive(SealedObject TransportPacket, ConnectionHandlerID connectionHandlerID)
260224 211904.441|INFO|Thread-28|log| receiveObject(S) start got Packet[LOGIN_SUCCESS] #19 SERVER0 @ site 1 -> TEAM1 @ site 1
260224 211904.441|INFO|Thread-28|log|Packet LOGIN_SUCCESS (Seq #19, o#19 ) recieveObject
260224 211904.441|INFO|Thread-28|log|  From: SERVER0 @ site 1, oSERVER0 @ site 1 (lilsaados @ 169.254.83.107) (Contest Id: Default--8030075252927918473)
260224 211904.441|INFO|Thread-28|log|    To: TEAM1 @ site 1
260224 211904.442|INFO|Thread-28|log|   key: ACCOUNT_ARRAY is: [Ledu.csus.ecs.pc2.core.model.Account; [Ledu.csus.ecs.pc2.core.model.Account;@4296d01
260224 211904.442|INFO|Thread-28|log|   key: GENERAL_PROBLEM is: edu.csus.ecs.pc2.core.model.Problem General
260224 211904.442|INFO|Thread-28|log|   key: SERVER_CLOCK_OFFSET is: java.util.GregorianCalendar java.util.GregorianCalendar[time=1771960744426,areFieldsSet=true,areAllFieldsSet=false,lenient=true,zone=sun.util.calendar.ZoneInfo[id="GMT",offset=0,dstSavings=0,useDaylight=false,transitions=0,lastRule=null],firstDayOfWeek=1,minimalDaysInFirstWeek=1,ERA=1,YEAR=2026,MONTH=1,WEEK_OF_YEAR=9,WEEK_OF_MONTH=4,DAY_OF_MONTH=24,DAY_OF_YEAR=55,DAY_OF_WEEK=3,DAY_OF_WEEK_IN_MONTH=4,AM_PM=1,HOUR=7,HOUR_OF_DAY=19,MINUTE=19,SECOND=4,MILLISECOND=426,ZONE_OFFSET=0,DST_OFFSET=0]
260224 211904.442|INFO|Thread-28|log|   key: JUDGEMENT_LIST is: [Ledu.csus.ecs.pc2.core.model.Judgement; [Ledu.csus.ecs.pc2.core.model.Judgement;@aee83f4
260224 211904.442|INFO|Thread-28|log|   key: PROBLEM_DATA_FILES is: [Ledu.csus.ecs.pc2.core.model.ProblemDataFiles; [Ledu.csus.ecs.pc2.core.model.ProblemDataFiles;@ed10671
260224 211904.442|INFO|Thread-28|log|   key: LANGUAGE_LIST is: [Ledu.csus.ecs.pc2.core.model.Language; [Ledu.csus.ecs.pc2.core.model.Language;@4bd389cf
260224 211904.442|INFO|Thread-28|log|   key: PROFILE is: edu.csus.ecs.pc2.core.model.Profile Default-917756220166097124
260224 211904.442|INFO|Thread-28|log|   key: BALLOON_SETTINGS_LIST is: [Ledu.csus.ecs.pc2.core.model.BalloonSettings; [Ledu.csus.ecs.pc2.core.model.BalloonSettings;@45da4d1
260224 211904.442|INFO|Thread-28|log|   key: REMOTE_LOGGED_IN_USERS is: [Ledu.csus.ecs.pc2.core.model.ClientId; [Ledu.csus.ecs.pc2.core.model.ClientId;@7ad2668d
260224 211904.442|INFO|Thread-28|log|   key: CLARIFICATION_LIST is: [Ledu.csus.ecs.pc2.core.model.Clarification; [Ledu.csus.ecs.pc2.core.model.Clarification;@7cb61528
260224 211904.442|INFO|Thread-28|log|   key: CONTEST_IDENTIFIER is: java.lang.String Default--8030075252927918473
260224 211904.442|INFO|Thread-28|log|   key: PROBLEM_LIST is: [Ledu.csus.ecs.pc2.core.model.Problem; [Ledu.csus.ecs.pc2.core.model.Problem;@2bfc7680
260224 211904.442|INFO|Thread-28|log|   key: SITE_NUMBER is: java.lang.Integer 1
260224 211904.442|INFO|Thread-28|log|   key: CATEGORY_LIST is: [Ledu.csus.ecs.pc2.core.model.Category; [Ledu.csus.ecs.pc2.core.model.Category;@42ee3402
260224 211904.442|INFO|Thread-28|log|   key: CLIENT_SETTINGS_LIST is: [Ledu.csus.ecs.pc2.core.model.ClientSettings; [Ledu.csus.ecs.pc2.core.model.ClientSettings;@2b61c4dc
260224 211904.442|INFO|Thread-28|log|   key: LOCAL_LOGGED_IN_USERS is: [Ledu.csus.ecs.pc2.core.model.ClientId; [Ledu.csus.ecs.pc2.core.model.ClientId;@67b29bcd
260224 211904.442|INFO|Thread-28|log|   key: CLIENT_ID is: edu.csus.ecs.pc2.core.model.ClientId TEAM1 @ site 1
260224 211904.443|INFO|Thread-28|log|   key: GROUP_LIST is: [Ledu.csus.ecs.pc2.core.model.Group; [Ledu.csus.ecs.pc2.core.model.Group;@2fb2a9cd
260224 211904.443|INFO|Thread-28|log|   key: CONNECTION_HANDLE_ID_LIST is: [Ledu.csus.ecs.pc2.core.transport.ConnectionHandlerID; [Ledu.csus.ecs.pc2.core.transport.ConnectionHandlerID;@1c4fc61d
260224 211904.443|INFO|Thread-28|log|   key: CONTEST_TIME is: edu.csus.ecs.pc2.core.model.ContestTime edu.csus.ecs.pc2.core.model.ContestTime@39adb66c
260224 211904.443|INFO|Thread-28|log|   key: PROFILE_LIST is: [Ledu.csus.ecs.pc2.core.model.Profile; [Ledu.csus.ecs.pc2.core.model.Profile;@4a322e67
260224 211904.443|INFO|Thread-28|log|   key: CONTEST_TIME_LIST is: [Ledu.csus.ecs.pc2.core.model.ContestTime; [Ledu.csus.ecs.pc2.core.model.ContestTime;@70740a2d
260224 211904.443|INFO|Thread-28|log|   key: CONTEST_INFORMATION is: edu.csus.ecs.pc2.core.model.ContestInformation edu.csus.ecs.pc2.core.model.ContestInformation@12e95510
260224 211904.443|INFO|Thread-28|log|   key: SITE_LIST is: [Ledu.csus.ecs.pc2.core.model.Site; [Ledu.csus.ecs.pc2.core.model.Site;@46a38ff7
260224 211904.443|INFO|Thread-28|log|   key: RUN_LIST is: [Ledu.csus.ecs.pc2.core.model.Run; [Ledu.csus.ecs.pc2.core.model.Run;@1db9c052
260224 211904.443|INFO|Thread-28|log|handlePacket start Packet[LOGIN_SUCCESS] #19 SERVER0 @ site 1 -> TEAM1 @ site 1
260224 211904.444|INFO|Thread-28|log|Packet LOGIN_SUCCESS (Seq #19, o#19 ) handlePacket
260224 211904.444|INFO|Thread-28|log|  From: SERVER0 @ site 1, oSERVER0 @ site 1 (lilsaados @ 169.254.83.107) (Contest Id: Default--8030075252927918473)
260224 211904.444|INFO|Thread-28|log|    To: TEAM1 @ site 1
260224 211904.444|INFO|Thread-28|log|   key: ACCOUNT_ARRAY is: [Ledu.csus.ecs.pc2.core.model.Account; [Ledu.csus.ecs.pc2.core.model.Account;@4296d01
260224 211904.444|INFO|Thread-28|log|   key: GENERAL_PROBLEM is: edu.csus.ecs.pc2.core.model.Problem General
260224 211904.444|INFO|Thread-28|log|   key: SERVER_CLOCK_OFFSET is: java.util.GregorianCalendar java.util.GregorianCalendar[time=1771960744426,areFieldsSet=true,areAllFieldsSet=false,lenient=true,zone=sun.util.calendar.ZoneInfo[id="GMT",offset=0,dstSavings=0,useDaylight=false,transitions=0,lastRule=null],firstDayOfWeek=1,minimalDaysInFirstWeek=1,ERA=1,YEAR=2026,MONTH=1,WEEK_OF_YEAR=9,WEEK_OF_MONTH=4,DAY_OF_MONTH=24,DAY_OF_YEAR=55,DAY_OF_WEEK=3,DAY_OF_WEEK_IN_MONTH=4,AM_PM=1,HOUR=7,HOUR_OF_DAY=19,MINUTE=19,SECOND=4,MILLISECOND=426,ZONE_OFFSET=0,DST_OFFSET=0]
260224 211904.444|INFO|Thread-28|log|   key: JUDGEMENT_LIST is: [Ledu.csus.ecs.pc2.core.model.Judgement; [Ledu.csus.ecs.pc2.core.model.Judgement;@aee83f4
260224 211904.444|INFO|Thread-28|log|   key: PROBLEM_DATA_FILES is: [Ledu.csus.ecs.pc2.core.model.ProblemDataFiles; [Ledu.csus.ecs.pc2.core.model.ProblemDataFiles;@ed10671
260224 211904.444|INFO|Thread-28|log|   key: LANGUAGE_LIST is: [Ledu.csus.ecs.pc2.core.model.Language; [Ledu.csus.ecs.pc2.core.model.Language;@4bd389cf
260224 211904.444|INFO|Thread-28|log|   key: PROFILE is: edu.csus.ecs.pc2.core.model.Profile Default-917756220166097124
260224 211904.445|INFO|Thread-28|log|   key: BALLOON_SETTINGS_LIST is: [Ledu.csus.ecs.pc2.core.model.BalloonSettings; [Ledu.csus.ecs.pc2.core.model.BalloonSettings;@45da4d1
260224 211904.445|INFO|Thread-28|log|   key: REMOTE_LOGGED_IN_USERS is: [Ledu.csus.ecs.pc2.core.model.ClientId; [Ledu.csus.ecs.pc2.core.model.ClientId;@7ad2668d
260224 211904.445|INFO|Thread-28|log|   key: CLARIFICATION_LIST is: [Ledu.csus.ecs.pc2.core.model.Clarification; [Ledu.csus.ecs.pc2.core.model.Clarification;@7cb61528
260224 211904.445|INFO|Thread-28|log|   key: CONTEST_IDENTIFIER is: java.lang.String Default--8030075252927918473
260224 211904.445|INFO|Thread-28|log|   key: PROBLEM_LIST is: [Ledu.csus.ecs.pc2.core.model.Problem; [Ledu.csus.ecs.pc2.core.model.Problem;@2bfc7680
260224 211904.445|INFO|Thread-28|log|   key: SITE_NUMBER is: java.lang.Integer 1
260224 211904.445|INFO|Thread-28|log|   key: CATEGORY_LIST is: [Ledu.csus.ecs.pc2.core.model.Category; [Ledu.csus.ecs.pc2.core.model.Category;@42ee3402
260224 211904.445|INFO|Thread-28|log|   key: CLIENT_SETTINGS_LIST is: [Ledu.csus.ecs.pc2.core.model.ClientSettings; [Ledu.csus.ecs.pc2.core.model.ClientSettings;@2b61c4dc
260224 211904.445|INFO|Thread-28|log|   key: LOCAL_LOGGED_IN_USERS is: [Ledu.csus.ecs.pc2.core.model.ClientId; [Ledu.csus.ecs.pc2.core.model.ClientId;@67b29bcd
260224 211904.445|INFO|Thread-28|log|   key: CLIENT_ID is: edu.csus.ecs.pc2.core.model.ClientId TEAM1 @ site 1
260224 211904.445|INFO|Thread-28|log|   key: GROUP_LIST is: [Ledu.csus.ecs.pc2.core.model.Group; [Ledu.csus.ecs.pc2.core.model.Group;@2fb2a9cd
260224 211904.445|INFO|Thread-28|log|   key: CONNECTION_HANDLE_ID_LIST is: [Ledu.csus.ecs.pc2.core.transport.ConnectionHandlerID; [Ledu.csus.ecs.pc2.core.transport.ConnectionHandlerID;@1c4fc61d
260224 211904.445|INFO|Thread-28|log|   key: CONTEST_TIME is: edu.csus.ecs.pc2.core.model.ContestTime edu.csus.ecs.pc2.core.model.ContestTime@39adb66c
260224 211904.445|INFO|Thread-28|log|   key: PROFILE_LIST is: [Ledu.csus.ecs.pc2.core.model.Profile; [Ledu.csus.ecs.pc2.core.model.Profile;@4a322e67
260224 211904.445|INFO|Thread-28|log|   key: CONTEST_TIME_LIST is: [Ledu.csus.ecs.pc2.core.model.ContestTime; [Ledu.csus.ecs.pc2.core.model.ContestTime;@70740a2d
260224 211904.445|INFO|Thread-28|log|   key: CONTEST_INFORMATION is: edu.csus.ecs.pc2.core.model.ContestInformation edu.csus.ecs.pc2.core.model.ContestInformation@12e95510
260224 211904.445|INFO|Thread-28|log|   key: SITE_LIST is: [Ledu.csus.ecs.pc2.core.model.Site; [Ledu.csus.ecs.pc2.core.model.Site;@46a38ff7
260224 211904.445|INFO|Thread-28|log|   key: RUN_LIST is: [Ledu.csus.ecs.pc2.core.model.Run; [Ledu.csus.ecs.pc2.core.model.Run;@1db9c052
260224 212152.045|INFO|Thread-26|log|connectionDropped(ConnectionHandlerID myConnectionID) 
260302 225925.645|CONFIG|qtp477289012-80|log|Now logging to C:\Users\Shahd\git\2shahds_WCF_2026\logs directory.
260302 225925.732|INFO|qtp477289012-80|log|
260302 225925.732|INFO|qtp477289012-80|log|Version 9.10.0 () Java ver 21.0.8 build 7065 Windows 11 10.0 (amd64) 
260302 225925.732|INFO|qtp477289012-80|log|Login: team1 (aka team1)
260302 225925.732|INFO|qtp477289012-80|log|Working directory is C:\Users\Shahd\git\2shahds_WCF_2026
260302 225925.733|INFO|qtp477289012-80|log|Process id is 10724@DESKTOP-5EPLK95
260302 225925.733|INFO|qtp477289012-80|log|Contacting server at localhost:50002 as TEAM1 @ site 0
260302 225925.733|INFO|qtp477289012-80|log|sendLoginRequest start - sending from TEAM1 @ site 0
260302 225925.733|INFO|qtp477289012-80|log|Sending packet to server Packet[LOGIN_REQUEST] #3 TEAM1 @ site 0 -> SERVER0 @ site 0
260302 225925.734|INFO|qtp477289012-80|log|Sent    packet to server Packet[LOGIN_REQUEST] #3 TEAM1 @ site 0 -> SERVER0 @ site 0
260302 225925.734|INFO|Thread-36|log|send(Serializable)
260302 225925.734|INFO|qtp477289012-80|log|sendLoginRequest end - packet sent.
260302 225925.757|INFO|Thread-35|log|public void receive(SealedObject TransportPacket, ConnectionHandlerID connectionHandlerID)
260302 225925.766|INFO|Thread-37|log| receiveObject(S) start got Packet[LOGIN_SUCCESS] #53 SERVER0 @ site 1 -> TEAM1 @ site 1
260302 225925.767|INFO|Thread-37|log|Packet LOGIN_SUCCESS (Seq #53, o#53 ) recieveObject
260302 225925.767|INFO|Thread-37|log|  From: SERVER0 @ site 1, oSERVER0 @ site 1 (DESKTOP-5EPLK95 @ 192.168.0.1) (Contest Id: Default--8496739082754078555)
260302 225925.767|INFO|Thread-37|log|    To: TEAM1 @ site 1
260302 225925.767|INFO|Thread-37|log|   key: PROFILE_LIST is: [Ledu.csus.ecs.pc2.core.model.Profile; [Ledu.csus.ecs.pc2.core.model.Profile;@732d9d6a
260302 225925.767|INFO|Thread-37|log|   key: GENERAL_PROBLEM is: edu.csus.ecs.pc2.core.model.Problem General
260302 225925.768|INFO|Thread-37|log|   key: CLIENT_SETTINGS_LIST is: [Ledu.csus.ecs.pc2.core.model.ClientSettings; [Ledu.csus.ecs.pc2.core.model.ClientSettings;@7dea7d7f
260302 225925.768|INFO|Thread-37|log|   key: CONTEST_TIME is: edu.csus.ecs.pc2.core.model.ContestTime edu.csus.ecs.pc2.core.model.ContestTime@79d5f61a
260302 225925.768|INFO|Thread-37|log|   key: CLARIFICATION_LIST is: [Ledu.csus.ecs.pc2.core.model.Clarification; [Ledu.csus.ecs.pc2.core.model.Clarification;@3cd77744
260302 225925.768|INFO|Thread-37|log|   key: CATEGORY_LIST is: [Ledu.csus.ecs.pc2.core.model.Category; [Ledu.csus.ecs.pc2.core.model.Category;@238e7b79
260302 225925.768|INFO|Thread-37|log|   key: LANGUAGE_LIST is: [Ledu.csus.ecs.pc2.core.model.Language; [Ledu.csus.ecs.pc2.core.model.Language;@da1ebf2
260302 225925.768|INFO|Thread-37|log|   key: REMOTE_LOGGED_IN_USERS is: [Ledu.csus.ecs.pc2.core.model.ClientId; [Ledu.csus.ecs.pc2.core.model.ClientId;@5b12b97a
260302 225925.769|INFO|Thread-37|log|   key: CONTEST_TIME_LIST is: [Ledu.csus.ecs.pc2.core.model.ContestTime; [Ledu.csus.ecs.pc2.core.model.ContestTime;@5cf8880b
260302 225925.769|INFO|Thread-37|log|   key: CONNECTION_HANDLE_ID_LIST is: [Ledu.csus.ecs.pc2.core.transport.ConnectionHandlerID; [Ledu.csus.ecs.pc2.core.transport.ConnectionHandlerID;@c7d755e
260302 225925.769|INFO|Thread-37|log|   key: PROFILE is: edu.csus.ecs.pc2.core.model.Profile Default--2865323470823757023
260302 225925.769|INFO|Thread-37|log|   key: CLIENT_ID is: edu.csus.ecs.pc2.core.model.ClientId TEAM1 @ site 1
260302 225925.769|INFO|Thread-37|log|   key: SITE_NUMBER is: java.lang.Integer 1
260302 225925.769|INFO|Thread-37|log|   key: CONTEST_INFORMATION is: edu.csus.ecs.pc2.core.model.ContestInformation edu.csus.ecs.pc2.core.model.ContestInformation@e01f158
260302 225925.769|INFO|Thread-37|log|   key: SITE_LIST is: [Ledu.csus.ecs.pc2.core.model.Site; [Ledu.csus.ecs.pc2.core.model.Site;@4016508b
260302 225925.769|INFO|Thread-37|log|   key: PROBLEM_DATA_FILES is: [Ledu.csus.ecs.pc2.core.model.ProblemDataFiles; [Ledu.csus.ecs.pc2.core.model.ProblemDataFiles;@58b63052
260302 225925.770|INFO|Thread-37|log|   key: JUDGEMENT_LIST is: [Ledu.csus.ecs.pc2.core.model.Judgement; [Ledu.csus.ecs.pc2.core.model.Judgement;@3f86699f
260302 225925.770|INFO|Thread-37|log|   key: PROBLEM_LIST is: [Ledu.csus.ecs.pc2.core.model.Problem; [Ledu.csus.ecs.pc2.core.model.Problem;@3e8cc406
260302 225925.770|INFO|Thread-37|log|   key: GROUP_LIST is: [Ledu.csus.ecs.pc2.core.model.Group; [Ledu.csus.ecs.pc2.core.model.Group;@4cec5954
260302 225925.770|INFO|Thread-37|log|   key: LOCAL_LOGGED_IN_USERS is: [Ledu.csus.ecs.pc2.core.model.ClientId; [Ledu.csus.ecs.pc2.core.model.ClientId;@2531d43b
260302 225925.770|INFO|Thread-37|log|   key: SERVER_CLOCK_OFFSET is: java.util.GregorianCalendar java.util.GregorianCalendar[time=1772485165745,areFieldsSet=true,areAllFieldsSet=false,lenient=true,zone=sun.util.calendar.ZoneInfo[id="GMT",offset=0,dstSavings=0,useDaylight=false,transitions=0,lastRule=null],firstDayOfWeek=1,minimalDaysInFirstWeek=1,ERA=1,YEAR=2026,MONTH=2,WEEK_OF_YEAR=10,WEEK_OF_MONTH=1,DAY_OF_MONTH=2,DAY_OF_YEAR=61,DAY_OF_WEEK=2,DAY_OF_WEEK_IN_MONTH=1,AM_PM=1,HOUR=8,HOUR_OF_DAY=20,MINUTE=59,SECOND=25,MILLISECOND=745,ZONE_OFFSET=0,DST_OFFSET=0]
260302 225925.770|INFO|Thread-37|log|   key: CONTEST_IDENTIFIER is: java.lang.String Default--8496739082754078555
260302 225925.770|INFO|Thread-37|log|   key: BALLOON_SETTINGS_LIST is: [Ledu.csus.ecs.pc2.core.model.BalloonSettings; [Ledu.csus.ecs.pc2.core.model.BalloonSettings;@29778b93
260302 225925.770|INFO|Thread-37|log|   key: RUN_LIST is: [Ledu.csus.ecs.pc2.core.model.Run; [Ledu.csus.ecs.pc2.core.model.Run;@7183c64f
260302 225925.771|INFO|Thread-37|log|   key: ACCOUNT_ARRAY is: [Ledu.csus.ecs.pc2.core.model.Account; [Ledu.csus.ecs.pc2.core.model.Account;@5f0b07d2
260302 225925.771|INFO|Thread-37|log|handlePacket start Packet[LOGIN_SUCCESS] #53 SERVER0 @ site 1 -> TEAM1 @ site 1
260302 225925.771|INFO|Thread-37|log|Packet LOGIN_SUCCESS (Seq #53, o#53 ) handlePacket
260302 225925.771|INFO|Thread-37|log|  From: SERVER0 @ site 1, oSERVER0 @ site 1 (DESKTOP-5EPLK95 @ 192.168.0.1) (Contest Id: Default--8496739082754078555)
260302 225925.771|INFO|Thread-37|log|    To: TEAM1 @ site 1
260302 225925.771|INFO|Thread-37|log|   key: PROFILE_LIST is: [Ledu.csus.ecs.pc2.core.model.Profile; [Ledu.csus.ecs.pc2.core.model.Profile;@732d9d6a
260302 225925.771|INFO|Thread-37|log|   key: GENERAL_PROBLEM is: edu.csus.ecs.pc2.core.model.Problem General
260302 225925.772|INFO|Thread-37|log|   key: CLIENT_SETTINGS_LIST is: [Ledu.csus.ecs.pc2.core.model.ClientSettings; [Ledu.csus.ecs.pc2.core.model.ClientSettings;@7dea7d7f
260302 225925.772|INFO|Thread-37|log|   key: CONTEST_TIME is: edu.csus.ecs.pc2.core.model.ContestTime edu.csus.ecs.pc2.core.model.ContestTime@79d5f61a
260302 225925.772|INFO|Thread-37|log|   key: CLARIFICATION_LIST is: [Ledu.csus.ecs.pc2.core.model.Clarification; [Ledu.csus.ecs.pc2.core.model.Clarification;@3cd77744
260302 225925.772|INFO|Thread-37|log|   key: CATEGORY_LIST is: [Ledu.csus.ecs.pc2.core.model.Category; [Ledu.csus.ecs.pc2.core.model.Category;@238e7b79
260302 225925.772|INFO|Thread-37|log|   key: LANGUAGE_LIST is: [Ledu.csus.ecs.pc2.core.model.Language; [Ledu.csus.ecs.pc2.core.model.Language;@da1ebf2
260302 225925.772|INFO|Thread-37|log|   key: REMOTE_LOGGED_IN_USERS is: [Ledu.csus.ecs.pc2.core.model.ClientId; [Ledu.csus.ecs.pc2.core.model.ClientId;@5b12b97a
260302 225925.772|INFO|Thread-37|log|   key: CONTEST_TIME_LIST is: [Ledu.csus.ecs.pc2.core.model.ContestTime; [Ledu.csus.ecs.pc2.core.model.ContestTime;@5cf8880b
260302 225925.772|INFO|Thread-37|log|   key: CONNECTION_HANDLE_ID_LIST is: [Ledu.csus.ecs.pc2.core.transport.ConnectionHandlerID; [Ledu.csus.ecs.pc2.core.transport.ConnectionHandlerID;@c7d755e
260302 225925.772|INFO|Thread-37|log|   key: PROFILE is: edu.csus.ecs.pc2.core.model.Profile Default--2865323470823757023
260302 225925.772|INFO|Thread-37|log|   key: CLIENT_ID is: edu.csus.ecs.pc2.core.model.ClientId TEAM1 @ site 1
260302 225925.773|INFO|Thread-37|log|   key: SITE_NUMBER is: java.lang.Integer 1
260302 225925.773|INFO|Thread-37|log|   key: CONTEST_INFORMATION is: edu.csus.ecs.pc2.core.model.ContestInformation edu.csus.ecs.pc2.core.model.ContestInformation@e01f158
260302 225925.773|INFO|Thread-37|log|   key: SITE_LIST is: [Ledu.csus.ecs.pc2.core.model.Site; [Ledu.csus.ecs.pc2.core.model.Site;@4016508b
260302 225925.773|INFO|Thread-37|log|   key: PROBLEM_DATA_FILES is: [Ledu.csus.ecs.pc2.core.model.ProblemDataFiles; [Ledu.csus.ecs.pc2.core.model.ProblemDataFiles;@58b63052
260302 225925.774|INFO|Thread-37|log|   key: JUDGEMENT_LIST is: [Ledu.csus.ecs.pc2.core.model.Judgement; [Ledu.csus.ecs.pc2.core.model.Judgement;@3f86699f
260302 225925.774|INFO|Thread-37|log|   key: PROBLEM_LIST is: [Ledu.csus.ecs.pc2.core.model.Problem; [Ledu.csus.ecs.pc2.core.model.Problem;@3e8cc406
260302 225925.774|INFO|Thread-37|log|   key: GROUP_LIST is: [Ledu.csus.ecs.pc2.core.model.Group; [Ledu.csus.ecs.pc2.core.model.Group;@4cec5954
260302 225925.774|INFO|Thread-37|log|   key: LOCAL_LOGGED_IN_USERS is: [Ledu.csus.ecs.pc2.core.model.ClientId; [Ledu.csus.ecs.pc2.core.model.ClientId;@2531d43b
260302 225925.774|INFO|Thread-37|log|   key: SERVER_CLOCK_OFFSET is: java.util.GregorianCalendar java.util.GregorianCalendar[time=1772485165745,areFieldsSet=true,areAllFieldsSet=false,lenient=true,zone=sun.util.calendar.ZoneInfo[id="GMT",offset=0,dstSavings=0,useDaylight=false,transitions=0,lastRule=null],firstDayOfWeek=1,minimalDaysInFirstWeek=1,ERA=1,YEAR=2026,MONTH=2,WEEK_OF_YEAR=10,WEEK_OF_MONTH=1,DAY_OF_MONTH=2,DAY_OF_YEAR=61,DAY_OF_WEEK=2,DAY_OF_WEEK_IN_MONTH=1,AM_PM=1,HOUR=8,HOUR_OF_DAY=20,MINUTE=59,SECOND=25,MILLISECOND=745,ZONE_OFFSET=0,DST_OFFSET=0]
260302 225925.774|INFO|Thread-37|log|   key: CONTEST_IDENTIFIER is: java.lang.String Default--8496739082754078555
260302 225925.774|INFO|Thread-37|log|   key: BALLOON_SETTINGS_LIST is: [Ledu.csus.ecs.pc2.core.model.BalloonSettings; [Ledu.csus.ecs.pc2.core.model.BalloonSettings;@29778b93
260302 225925.774|INFO|Thread-37|log|   key: RUN_LIST is: [Ledu.csus.ecs.pc2.core.model.Run; [Ledu.csus.ecs.pc2.core.model.Run;@7183c64f
260302 225925.776|INFO|Thread-37|log|   key: ACCOUNT_ARRAY is: [Ledu.csus.ecs.pc2.core.model.Account; [Ledu.csus.ecs.pc2.core.model.Account;@5f0b07d2
260302 230423.793|INFO|Thread-35|log|public void receive(SealedObject TransportPacket, ConnectionHandlerID connectionHandlerID)
