260217 210346.431|CONFIG|qtp1130478920-23|log|Now logging to /home/shahd/eclipse-workspace/wti1/logs directory.
260217 210346.431|INFO|qtp1130478920-23|log|
260217 210346.431|INFO|qtp1130478920-23|log|Version 9.10.0 () Java ver 11.0.30 build 7065 Linux 6.8.0-90-generic (amd64) 
260217 210346.432|INFO|qtp1130478920-23|log|Login: team1 (aka team1)
260217 210346.432|INFO|qtp1130478920-23|log|Working directory is /home/shahd/eclipse-workspace/wti1
260217 210346.432|INFO|qtp1130478920-23|log|Process id is 71985@shahoda
260217 210346.433|INFO|qtp1130478920-23|log|Contacting server at localhost:50002 as TEAM1 @ site 0
260217 210346.433|INFO|qtp1130478920-23|log|sendLoginRequest start - sending from TEAM1 @ site 0
260217 210346.434|INFO|qtp1130478920-23|log|Sending packet to server Packet[LOGIN_REQUEST] #3 TEAM1 @ site 0 -> SERVER0 @ site 0
260217 210346.434|INFO|qtp1130478920-23|log|Sent    packet to server Packet[LOGIN_REQUEST] #3 TEAM1 @ site 0 -> SERVER0 @ site 0
260217 210346.434|INFO|Thread-17|log|send(Serializable)
260217 210346.435|INFO|qtp1130478920-23|log|sendLoginRequest end - packet sent.
260217 210346.474|INFO|Thread-16|log|receiveUnencrypted(TransportWrapper, ConnectionHandlerID=Socket[addr=localhost/127.0.0.1,port=50002,localport=55068]--3727251246153623004)
260217 210346.479|INFO|Thread-16|log|receiveUnencrypted Made a secret key for Socket[addr=localhost/127.0.0.1,port=50002,localport=55068]--3727251246153623004 key is com.sun.crypto.provider.DESKey@1803d
260217 210346.479|INFO|Thread-16|log|Generating Unencrypted Public Key Packet
260217 210346.480|INFO|Thread-16|log|checking key:= SunJCE Diffie-Hellman Public Key:
y:
    2dd0503d 1b7c427c b6b63e18 9bda7469 c3b96a27 39f4bb43 d9073a1a 333ecc72
    8881ca41 00ac65b7 44a68771 33ce355e 287ad24b 044b9b51 39d7e6ba 92c1b1ad
    0eccdb5d 6a9231d5 f02ea5b3 26d327fb 9cfc9651 367578e2 28a023c0 0047064e
    77dd717e 6d062a17 bea20259 65a5e779 0af047ad 9ce03a93 19279299 73b973a1
p:
    f488fd58 4e49dbcd 20b49de4 9107366b 336c380d 451d0f7c 88b31c7c 5b2d8ef6
    f3c923c0 43f0a55b 188d8ebb 558cb85d 38d334fd 7c175743 a31d186c de33212c
    b52aff3c e1b12940 18118d7c 84a70a72 d686c403 19c80729 7aca950c d9969fab
    d00a509b 0246d308 3d66a45d 419f9c7c bd894b22 1926baab a25ec355 e92f78c7
g:
    02
l:
    512
260217 210346.481|INFO|Thread-16|log|packet:= edu.csus.ecs.pc2.core.transport.TransportWrapper@6df14669
260217 210346.573|INFO|Thread-16|log|public void receive(SealedObject TransportPacket, ConnectionHandlerID connectionHandlerID)
260217 210346.587|INFO|Thread-18|log| receiveObject(S) start got Packet[LOGIN_SUCCESS] #31 SERVER0 @ site 1 -> TEAM1 @ site 1
260217 210346.588|INFO|Thread-18|log|Packet LOGIN_SUCCESS (Seq #31, o#31 ) recieveObject
260217 210346.588|INFO|Thread-18|log|  From: SERVER0 @ site 1, oSERVER0 @ site 1 (shahoda @ 127.0.1.1) (Contest Id: Default--6159007321590187439)
260217 210346.589|INFO|Thread-18|log|    To: TEAM1 @ site 1
260217 210346.589|INFO|Thread-18|log|   key: PROFILE_LIST is: [Ledu.csus.ecs.pc2.core.model.Profile; [Ledu.csus.ecs.pc2.core.model.Profile;@61cd1078
260217 210346.589|INFO|Thread-18|log|   key: GENERAL_PROBLEM is: edu.csus.ecs.pc2.core.model.Problem General
260217 210346.589|INFO|Thread-18|log|   key: CLIENT_SETTINGS_LIST is: [Ledu.csus.ecs.pc2.core.model.ClientSettings; [Ledu.csus.ecs.pc2.core.model.ClientSettings;@6f0af231
260217 210346.589|INFO|Thread-18|log|   key: CONTEST_TIME is: edu.csus.ecs.pc2.core.model.ContestTime edu.csus.ecs.pc2.core.model.ContestTime@6b357b08
260217 210346.590|INFO|Thread-18|log|   key: CLARIFICATION_LIST is: [Ledu.csus.ecs.pc2.core.model.Clarification; [Ledu.csus.ecs.pc2.core.model.Clarification;@2e37f80a
260217 210346.590|INFO|Thread-18|log|   key: CATEGORY_LIST is: [Ledu.csus.ecs.pc2.core.model.Category; [Ledu.csus.ecs.pc2.core.model.Category;@27f06364
260217 210346.590|INFO|Thread-18|log|   key: LANGUAGE_LIST is: [Ledu.csus.ecs.pc2.core.model.Language; [Ledu.csus.ecs.pc2.core.model.Language;@1f5396d1
260217 210346.590|INFO|Thread-18|log|   key: REMOTE_LOGGED_IN_USERS is: [Ledu.csus.ecs.pc2.core.model.ClientId; [Ledu.csus.ecs.pc2.core.model.ClientId;@5f7e5308
260217 210346.590|INFO|Thread-18|log|   key: CONTEST_TIME_LIST is: [Ledu.csus.ecs.pc2.core.model.ContestTime; [Ledu.csus.ecs.pc2.core.model.ContestTime;@4e180745
260217 210346.591|INFO|Thread-18|log|   key: CONNECTION_HANDLE_ID_LIST is: [Ledu.csus.ecs.pc2.core.transport.ConnectionHandlerID; [Ledu.csus.ecs.pc2.core.transport.ConnectionHandlerID;@6ad7b6a1
260217 210346.591|INFO|Thread-18|log|   key: PROFILE is: edu.csus.ecs.pc2.core.model.Profile Default--6159007321590187439
260217 210346.591|INFO|Thread-18|log|   key: CLIENT_ID is: edu.csus.ecs.pc2.core.model.ClientId TEAM1 @ site 1
260217 210346.591|INFO|Thread-18|log|   key: SITE_NUMBER is: java.lang.Integer 1
260217 210346.591|INFO|Thread-18|log|   key: CONTEST_INFORMATION is: edu.csus.ecs.pc2.core.model.ContestInformation edu.csus.ecs.pc2.core.model.ContestInformation@69315034
260217 210346.591|INFO|Thread-18|log|   key: SITE_LIST is: [Ledu.csus.ecs.pc2.core.model.Site; [Ledu.csus.ecs.pc2.core.model.Site;@447ab809
260217 210346.592|INFO|Thread-18|log|   key: PROBLEM_DATA_FILES is: [Ledu.csus.ecs.pc2.core.model.ProblemDataFiles; [Ledu.csus.ecs.pc2.core.model.ProblemDataFiles;@4a56bdec
260217 210346.592|INFO|Thread-18|log|   key: JUDGEMENT_LIST is: [Ledu.csus.ecs.pc2.core.model.Judgement; [Ledu.csus.ecs.pc2.core.model.Judgement;@1d6368b9
260217 210346.592|INFO|Thread-18|log|   key: PROBLEM_LIST is: [Ledu.csus.ecs.pc2.core.model.Problem; [Ledu.csus.ecs.pc2.core.model.Problem;@7eb02bd1
260217 210346.592|INFO|Thread-18|log|   key: GROUP_LIST is: [Ledu.csus.ecs.pc2.core.model.Group; [Ledu.csus.ecs.pc2.core.model.Group;@6f9b6efe
260217 210346.592|INFO|Thread-18|log|   key: LOCAL_LOGGED_IN_USERS is: [Ledu.csus.ecs.pc2.core.model.ClientId; [Ledu.csus.ecs.pc2.core.model.ClientId;@10dd173c
260217 210346.592|INFO|Thread-18|log|   key: SERVER_CLOCK_OFFSET is: java.util.GregorianCalendar java.util.GregorianCalendar[time=1771355026528,areFieldsSet=true,areAllFieldsSet=false,lenient=true,zone=sun.util.calendar.ZoneInfo[id="GMT",offset=0,dstSavings=0,useDaylight=false,transitions=0,lastRule=null],firstDayOfWeek=1,minimalDaysInFirstWeek=1,ERA=1,YEAR=2026,MONTH=1,WEEK_OF_YEAR=8,WEEK_OF_MONTH=3,DAY_OF_MONTH=17,DAY_OF_YEAR=48,DAY_OF_WEEK=3,DAY_OF_WEEK_IN_MONTH=3,AM_PM=1,HOUR=7,HOUR_OF_DAY=19,MINUTE=3,SECOND=46,MILLISECOND=528,ZONE_OFFSET=0,DST_OFFSET=0]
260217 210346.592|INFO|Thread-18|log|   key: CONTEST_IDENTIFIER is: java.lang.String Default--6159007321590187439
260217 210346.593|INFO|Thread-18|log|   key: BALLOON_SETTINGS_LIST is: [Ledu.csus.ecs.pc2.core.model.BalloonSettings; [Ledu.csus.ecs.pc2.core.model.BalloonSettings;@16fd933e
260217 210346.593|INFO|Thread-18|log|   key: RUN_LIST is: [Ledu.csus.ecs.pc2.core.model.Run; [Ledu.csus.ecs.pc2.core.model.Run;@69ecdc93
260217 210346.593|INFO|Thread-18|log|   key: ACCOUNT_ARRAY is: [Ledu.csus.ecs.pc2.core.model.Account; [Ledu.csus.ecs.pc2.core.model.Account;@5d34b3ce
260217 210346.593|INFO|Thread-18|log|handlePacket start Packet[LOGIN_SUCCESS] #31 SERVER0 @ site 1 -> TEAM1 @ site 1
260217 210346.593|INFO|Thread-18|log|Packet LOGIN_SUCCESS (Seq #31, o#31 ) handlePacket
260217 210346.593|INFO|Thread-18|log|  From: SERVER0 @ site 1, oSERVER0 @ site 1 (shahoda @ 127.0.1.1) (Contest Id: Default--6159007321590187439)
260217 210346.593|INFO|Thread-18|log|    To: TEAM1 @ site 1
260217 210346.594|INFO|Thread-18|log|   key: PROFILE_LIST is: [Ledu.csus.ecs.pc2.core.model.Profile; [Ledu.csus.ecs.pc2.core.model.Profile;@61cd1078
260217 210346.594|INFO|Thread-18|log|   key: GENERAL_PROBLEM is: edu.csus.ecs.pc2.core.model.Problem General
260217 210346.594|INFO|Thread-18|log|   key: CLIENT_SETTINGS_LIST is: [Ledu.csus.ecs.pc2.core.model.ClientSettings; [Ledu.csus.ecs.pc2.core.model.ClientSettings;@6f0af231
260217 210346.594|INFO|Thread-18|log|   key: CONTEST_TIME is: edu.csus.ecs.pc2.core.model.ContestTime edu.csus.ecs.pc2.core.model.ContestTime@6b357b08
260217 210346.594|INFO|Thread-18|log|   key: CLARIFICATION_LIST is: [Ledu.csus.ecs.pc2.core.model.Clarification; [Ledu.csus.ecs.pc2.core.model.Clarification;@2e37f80a
260217 210346.595|INFO|Thread-18|log|   key: CATEGORY_LIST is: [Ledu.csus.ecs.pc2.core.model.Category; [Ledu.csus.ecs.pc2.core.model.Category;@27f06364
260217 210346.595|INFO|Thread-18|log|   key: LANGUAGE_LIST is: [Ledu.csus.ecs.pc2.core.model.Language; [Ledu.csus.ecs.pc2.core.model.Language;@1f5396d1
260217 210346.595|INFO|Thread-18|log|   key: REMOTE_LOGGED_IN_USERS is: [Ledu.csus.ecs.pc2.core.model.ClientId; [Ledu.csus.ecs.pc2.core.model.ClientId;@5f7e5308
260217 210346.595|INFO|Thread-18|log|   key: CONTEST_TIME_LIST is: [Ledu.csus.ecs.pc2.core.model.ContestTime; [Ledu.csus.ecs.pc2.core.model.ContestTime;@4e180745
260217 210346.595|INFO|Thread-18|log|   key: CONNECTION_HANDLE_ID_LIST is: [Ledu.csus.ecs.pc2.core.transport.ConnectionHandlerID; [Ledu.csus.ecs.pc2.core.transport.ConnectionHandlerID;@6ad7b6a1
260217 210346.596|INFO|Thread-18|log|   key: PROFILE is: edu.csus.ecs.pc2.core.model.Profile Default--6159007321590187439
260217 210346.596|INFO|Thread-18|log|   key: CLIENT_ID is: edu.csus.ecs.pc2.core.model.ClientId TEAM1 @ site 1
260217 210346.596|INFO|Thread-18|log|   key: SITE_NUMBER is: java.lang.Integer 1
260217 210346.596|INFO|Thread-18|log|   key: CONTEST_INFORMATION is: edu.csus.ecs.pc2.core.model.ContestInformation edu.csus.ecs.pc2.core.model.ContestInformation@69315034
260217 210346.597|INFO|Thread-18|log|   key: SITE_LIST is: [Ledu.csus.ecs.pc2.core.model.Site; [Ledu.csus.ecs.pc2.core.model.Site;@447ab809
260217 210346.597|INFO|Thread-18|log|   key: PROBLEM_DATA_FILES is: [Ledu.csus.ecs.pc2.core.model.ProblemDataFiles; [Ledu.csus.ecs.pc2.core.model.ProblemDataFiles;@4a56bdec
260217 210346.597|INFO|Thread-18|log|   key: JUDGEMENT_LIST is: [Ledu.csus.ecs.pc2.core.model.Judgement; [Ledu.csus.ecs.pc2.core.model.Judgement;@1d6368b9
260217 210346.597|INFO|Thread-18|log|   key: PROBLEM_LIST is: [Ledu.csus.ecs.pc2.core.model.Problem; [Ledu.csus.ecs.pc2.core.model.Problem;@7eb02bd1
260217 210346.598|INFO|Thread-18|log|   key: GROUP_LIST is: [Ledu.csus.ecs.pc2.core.model.Group; [Ledu.csus.ecs.pc2.core.model.Group;@6f9b6efe
260217 210346.598|INFO|Thread-18|log|   key: LOCAL_LOGGED_IN_USERS is: [Ledu.csus.ecs.pc2.core.model.ClientId; [Ledu.csus.ecs.pc2.core.model.ClientId;@10dd173c
260217 210346.598|INFO|Thread-18|log|   key: SERVER_CLOCK_OFFSET is: java.util.GregorianCalendar java.util.GregorianCalendar[time=1771355026528,areFieldsSet=true,areAllFieldsSet=false,lenient=true,zone=sun.util.calendar.ZoneInfo[id="GMT",offset=0,dstSavings=0,useDaylight=false,transitions=0,lastRule=null],firstDayOfWeek=1,minimalDaysInFirstWeek=1,ERA=1,YEAR=2026,MONTH=1,WEEK_OF_YEAR=8,WEEK_OF_MONTH=3,DAY_OF_MONTH=17,DAY_OF_YEAR=48,DAY_OF_WEEK=3,DAY_OF_WEEK_IN_MONTH=3,AM_PM=1,HOUR=7,HOUR_OF_DAY=19,MINUTE=3,SECOND=46,MILLISECOND=528,ZONE_OFFSET=0,DST_OFFSET=0]
260217 210346.598|INFO|Thread-18|log|   key: CONTEST_IDENTIFIER is: java.lang.String Default--6159007321590187439
260217 210346.598|INFO|Thread-18|log|   key: BALLOON_SETTINGS_LIST is: [Ledu.csus.ecs.pc2.core.model.BalloonSettings; [Ledu.csus.ecs.pc2.core.model.BalloonSettings;@16fd933e
260217 210346.599|INFO|Thread-18|log|   key: RUN_LIST is: [Ledu.csus.ecs.pc2.core.model.Run; [Ledu.csus.ecs.pc2.core.model.Run;@69ecdc93
260217 210346.599|INFO|Thread-18|log|   key: ACCOUNT_ARRAY is: [Ledu.csus.ecs.pc2.core.model.Account; [Ledu.csus.ecs.pc2.core.model.Account;@5d34b3ce
260217 210346.941|INFO|Thread-19|log|send(Serializable)
260217 210346.992|INFO|Thread-16|log|connectionDropped(ConnectionHandlerID myConnectionID) 
260221 232141.720|CONFIG|qtp1130478920-14|log|Now logging to /home/shahd/eclipse-workspace/wti1/logs directory.
260221 232141.721|INFO|qtp1130478920-14|log|
260221 232141.721|INFO|qtp1130478920-14|log|Version 9.10.0 () Java ver 11.0.30 build 7065 Linux 6.8.0-94-generic (amd64) 
260221 232141.721|INFO|qtp1130478920-14|log|Login: team1 (aka team1)
260221 232141.722|INFO|qtp1130478920-14|log|Working directory is /home/shahd/eclipse-workspace/wti1
260221 232141.722|INFO|qtp1130478920-14|log|Process id is 39643@shahoda
260221 232141.723|INFO|qtp1130478920-14|log|Contacting server at localhost:50002 as TEAM1 @ site 0
260221 232141.723|INFO|qtp1130478920-14|log|sendLoginRequest start - sending from TEAM1 @ site 0
260221 232141.724|INFO|qtp1130478920-14|log|Sending packet to server Packet[LOGIN_REQUEST] #2 TEAM1 @ site 0 -> SERVER0 @ site 0
260221 232141.725|INFO|qtp1130478920-14|log|Sent    packet to server Packet[LOGIN_REQUEST] #2 TEAM1 @ site 0 -> SERVER0 @ site 0
260221 232141.725|INFO|qtp1130478920-14|log|sendLoginRequest end - packet sent.
260221 232141.724|INFO|Thread-16|log|send(Serializable)
260221 232141.768|INFO|Thread-15|log|receiveUnencrypted(TransportWrapper, ConnectionHandlerID=Socket[addr=localhost/127.0.0.1,port=50002,localport=51288]--3896010026944029467)
260221 232141.772|INFO|Thread-15|log|receiveUnencrypted Made a secret key for Socket[addr=localhost/127.0.0.1,port=50002,localport=51288]--3896010026944029467 key is com.sun.crypto.provider.DESKey@186ba
260221 232141.772|INFO|Thread-15|log|Generating Unencrypted Public Key Packet
260221 232141.773|INFO|Thread-15|log|checking key:= SunJCE Diffie-Hellman Public Key:
y:
    dcfbeb11 f6496678 9a0d11eb 140985ca 83090b80 f15fddb3 78514620 ea90daec
    eeb08182 cd4eaaeb fcb9c09a bd598d40 5bf73884 31a76b5c e9cad765 013e1aed
    5128b4a3 054c5870 d3838adf 4a5d8309 f565ba28 046a63c0 625c2002 e98b84f4
    42db9515 c6a7061c ffa7ce5e a689e72b e3396fa7 765b7e0f 67d5c12a 5be291e3
p:
    f488fd58 4e49dbcd 20b49de4 9107366b 336c380d 451d0f7c 88b31c7c 5b2d8ef6
    f3c923c0 43f0a55b 188d8ebb 558cb85d 38d334fd 7c175743 a31d186c de33212c
    b52aff3c e1b12940 18118d7c 84a70a72 d686c403 19c80729 7aca950c d9969fab
    d00a509b 0246d308 3d66a45d 419f9c7c bd894b22 1926baab a25ec355 e92f78c7
g:
    02
l:
    512
260221 232141.773|INFO|Thread-15|log|packet:= edu.csus.ecs.pc2.core.transport.TransportWrapper@33c3514a
260221 232141.885|INFO|Thread-15|log|public void receive(SealedObject TransportPacket, ConnectionHandlerID connectionHandlerID)
260221 232141.903|INFO|Thread-17|log| receiveObject(S) start got Packet[LOGIN_SUCCESS] #26 SERVER0 @ site 1 -> TEAM1 @ site 1
260221 232141.908|INFO|Thread-17|log|Packet LOGIN_SUCCESS (Seq #26, o#26 ) recieveObject
260221 232141.909|INFO|Thread-17|log|  From: SERVER0 @ site 1, oSERVER0 @ site 1 (shahoda @ 127.0.1.1) (Contest Id: Default--6159007321590187439)
260221 232141.909|INFO|Thread-17|log|    To: TEAM1 @ site 1
260221 232141.909|INFO|Thread-17|log|   key: PROFILE_LIST is: [Ledu.csus.ecs.pc2.core.model.Profile; [Ledu.csus.ecs.pc2.core.model.Profile;@2a1341fd
260221 232141.910|INFO|Thread-17|log|   key: GENERAL_PROBLEM is: edu.csus.ecs.pc2.core.model.Problem General
260221 232141.910|INFO|Thread-17|log|   key: CLIENT_SETTINGS_LIST is: [Ledu.csus.ecs.pc2.core.model.ClientSettings; [Ledu.csus.ecs.pc2.core.model.ClientSettings;@24d4bacf
260221 232141.910|INFO|Thread-17|log|   key: CONTEST_TIME is: edu.csus.ecs.pc2.core.model.ContestTime edu.csus.ecs.pc2.core.model.ContestTime@20eb2a8d
260221 232141.911|INFO|Thread-17|log|   key: CLARIFICATION_LIST is: [Ledu.csus.ecs.pc2.core.model.Clarification; [Ledu.csus.ecs.pc2.core.model.Clarification;@65e9b0f4
260221 232141.911|INFO|Thread-17|log|   key: CATEGORY_LIST is: [Ledu.csus.ecs.pc2.core.model.Category; [Ledu.csus.ecs.pc2.core.model.Category;@5545191d
260221 232141.911|INFO|Thread-17|log|   key: LANGUAGE_LIST is: [Ledu.csus.ecs.pc2.core.model.Language; [Ledu.csus.ecs.pc2.core.model.Language;@5446d3b8
260221 232141.911|INFO|Thread-17|log|   key: REMOTE_LOGGED_IN_USERS is: [Ledu.csus.ecs.pc2.core.model.ClientId; [Ledu.csus.ecs.pc2.core.model.ClientId;@2d0024ff
260221 232141.912|INFO|Thread-17|log|   key: CONTEST_TIME_LIST is: [Ledu.csus.ecs.pc2.core.model.ContestTime; [Ledu.csus.ecs.pc2.core.model.ContestTime;@5c64fbb
260221 232141.912|INFO|Thread-17|log|   key: CONNECTION_HANDLE_ID_LIST is: [Ledu.csus.ecs.pc2.core.transport.ConnectionHandlerID; [Ledu.csus.ecs.pc2.core.transport.ConnectionHandlerID;@783633ef
260221 232141.912|INFO|Thread-17|log|   key: PROFILE is: edu.csus.ecs.pc2.core.model.Profile Default--6159007321590187439
260221 232141.912|INFO|Thread-17|log|   key: CLIENT_ID is: edu.csus.ecs.pc2.core.model.ClientId TEAM1 @ site 1
260221 232141.912|INFO|Thread-17|log|   key: SITE_NUMBER is: java.lang.Integer 1
260221 232141.913|INFO|Thread-17|log|   key: CONTEST_INFORMATION is: edu.csus.ecs.pc2.core.model.ContestInformation edu.csus.ecs.pc2.core.model.ContestInformation@1a8ff442
260221 232141.913|INFO|Thread-17|log|   key: SITE_LIST is: [Ledu.csus.ecs.pc2.core.model.Site; [Ledu.csus.ecs.pc2.core.model.Site;@36040c30
260221 232141.913|INFO|Thread-17|log|   key: PROBLEM_DATA_FILES is: [Ledu.csus.ecs.pc2.core.model.ProblemDataFiles; [Ledu.csus.ecs.pc2.core.model.ProblemDataFiles;@18836dc
260221 232141.914|INFO|Thread-17|log|   key: JUDGEMENT_LIST is: [Ledu.csus.ecs.pc2.core.model.Judgement; [Ledu.csus.ecs.pc2.core.model.Judgement;@48e8c449
260221 232141.914|INFO|Thread-17|log|   key: PROBLEM_LIST is: [Ledu.csus.ecs.pc2.core.model.Problem; [Ledu.csus.ecs.pc2.core.model.Problem;@2da004f2
260221 232141.914|INFO|Thread-17|log|   key: GROUP_LIST is: [Ledu.csus.ecs.pc2.core.model.Group; [Ledu.csus.ecs.pc2.core.model.Group;@3b53e8fa
260221 232141.914|INFO|Thread-17|log|   key: LOCAL_LOGGED_IN_USERS is: [Ledu.csus.ecs.pc2.core.model.ClientId; [Ledu.csus.ecs.pc2.core.model.ClientId;@7bad179a
260221 232141.915|INFO|Thread-17|log|   key: SERVER_CLOCK_OFFSET is: java.util.GregorianCalendar java.util.GregorianCalendar[time=1771708901835,areFieldsSet=true,areAllFieldsSet=false,lenient=true,zone=sun.util.calendar.ZoneInfo[id="GMT",offset=0,dstSavings=0,useDaylight=false,transitions=0,lastRule=null],firstDayOfWeek=1,minimalDaysInFirstWeek=1,ERA=1,YEAR=2026,MONTH=1,WEEK_OF_YEAR=8,WEEK_OF_MONTH=3,DAY_OF_MONTH=21,DAY_OF_YEAR=52,DAY_OF_WEEK=7,DAY_OF_WEEK_IN_MONTH=3,AM_PM=1,HOUR=9,HOUR_OF_DAY=21,MINUTE=21,SECOND=41,MILLISECOND=835,ZONE_OFFSET=0,DST_OFFSET=0]
260221 232141.915|INFO|Thread-17|log|   key: CONTEST_IDENTIFIER is: java.lang.String Default--6159007321590187439
260221 232141.915|INFO|Thread-17|log|   key: BALLOON_SETTINGS_LIST is: [Ledu.csus.ecs.pc2.core.model.BalloonSettings; [Ledu.csus.ecs.pc2.core.model.BalloonSettings;@75695e2a
260221 232141.915|INFO|Thread-17|log|   key: RUN_LIST is: [Ledu.csus.ecs.pc2.core.model.Run; [Ledu.csus.ecs.pc2.core.model.Run;@58c343e1
260221 232141.915|INFO|Thread-17|log|   key: ACCOUNT_ARRAY is: [Ledu.csus.ecs.pc2.core.model.Account; [Ledu.csus.ecs.pc2.core.model.Account;@7cf3643b
260221 232141.916|INFO|Thread-17|log|handlePacket start Packet[LOGIN_SUCCESS] #26 SERVER0 @ site 1 -> TEAM1 @ site 1
260221 232141.916|INFO|Thread-17|log|Packet LOGIN_SUCCESS (Seq #26, o#26 ) handlePacket
260221 232141.916|INFO|Thread-17|log|  From: SERVER0 @ site 1, oSERVER0 @ site 1 (shahoda @ 127.0.1.1) (Contest Id: Default--6159007321590187439)
260221 232141.916|INFO|Thread-17|log|    To: TEAM1 @ site 1
260221 232141.917|INFO|Thread-17|log|   key: PROFILE_LIST is: [Ledu.csus.ecs.pc2.core.model.Profile; [Ledu.csus.ecs.pc2.core.model.Profile;@2a1341fd
260221 232141.917|INFO|Thread-17|log|   key: GENERAL_PROBLEM is: edu.csus.ecs.pc2.core.model.Problem General
260221 232141.917|INFO|Thread-17|log|   key: CLIENT_SETTINGS_LIST is: [Ledu.csus.ecs.pc2.core.model.ClientSettings; [Ledu.csus.ecs.pc2.core.model.ClientSettings;@24d4bacf
260221 232141.917|INFO|Thread-17|log|   key: CONTEST_TIME is: edu.csus.ecs.pc2.core.model.ContestTime edu.csus.ecs.pc2.core.model.ContestTime@20eb2a8d
260221 232141.917|INFO|Thread-17|log|   key: CLARIFICATION_LIST is: [Ledu.csus.ecs.pc2.core.model.Clarification; [Ledu.csus.ecs.pc2.core.model.Clarification;@65e9b0f4
260221 232141.917|INFO|Thread-17|log|   key: CATEGORY_LIST is: [Ledu.csus.ecs.pc2.core.model.Category; [Ledu.csus.ecs.pc2.core.model.Category;@5545191d
260221 232141.918|INFO|Thread-17|log|   key: LANGUAGE_LIST is: [Ledu.csus.ecs.pc2.core.model.Language; [Ledu.csus.ecs.pc2.core.model.Language;@5446d3b8
260221 232141.918|INFO|Thread-17|log|   key: REMOTE_LOGGED_IN_USERS is: [Ledu.csus.ecs.pc2.core.model.ClientId; [Ledu.csus.ecs.pc2.core.model.ClientId;@2d0024ff
260221 232141.918|INFO|Thread-17|log|   key: CONTEST_TIME_LIST is: [Ledu.csus.ecs.pc2.core.model.ContestTime; [Ledu.csus.ecs.pc2.core.model.ContestTime;@5c64fbb
260221 232141.918|INFO|Thread-17|log|   key: CONNECTION_HANDLE_ID_LIST is: [Ledu.csus.ecs.pc2.core.transport.ConnectionHandlerID; [Ledu.csus.ecs.pc2.core.transport.ConnectionHandlerID;@783633ef
260221 232141.918|INFO|Thread-17|log|   key: PROFILE is: edu.csus.ecs.pc2.core.model.Profile Default--6159007321590187439
260221 232141.919|INFO|Thread-17|log|   key: CLIENT_ID is: edu.csus.ecs.pc2.core.model.ClientId TEAM1 @ site 1
260221 232141.919|INFO|Thread-17|log|   key: SITE_NUMBER is: java.lang.Integer 1
260221 232141.919|INFO|Thread-17|log|   key: CONTEST_INFORMATION is: edu.csus.ecs.pc2.core.model.ContestInformation edu.csus.ecs.pc2.core.model.ContestInformation@1a8ff442
260221 232141.919|INFO|Thread-17|log|   key: SITE_LIST is: [Ledu.csus.ecs.pc2.core.model.Site; [Ledu.csus.ecs.pc2.core.model.Site;@36040c30
260221 232141.919|INFO|Thread-17|log|   key: PROBLEM_DATA_FILES is: [Ledu.csus.ecs.pc2.core.model.ProblemDataFiles; [Ledu.csus.ecs.pc2.core.model.ProblemDataFiles;@18836dc
260221 232141.919|INFO|Thread-17|log|   key: JUDGEMENT_LIST is: [Ledu.csus.ecs.pc2.core.model.Judgement; [Ledu.csus.ecs.pc2.core.model.Judgement;@48e8c449
260221 232141.919|INFO|Thread-17|log|   key: PROBLEM_LIST is: [Ledu.csus.ecs.pc2.core.model.Problem; [Ledu.csus.ecs.pc2.core.model.Problem;@2da004f2
260221 232141.920|INFO|Thread-17|log|   key: GROUP_LIST is: [Ledu.csus.ecs.pc2.core.model.Group; [Ledu.csus.ecs.pc2.core.model.Group;@3b53e8fa
260221 232141.920|INFO|Thread-17|log|   key: LOCAL_LOGGED_IN_USERS is: [Ledu.csus.ecs.pc2.core.model.ClientId; [Ledu.csus.ecs.pc2.core.model.ClientId;@7bad179a
260221 232141.920|INFO|Thread-17|log|   key: SERVER_CLOCK_OFFSET is: java.util.GregorianCalendar java.util.GregorianCalendar[time=1771708901835,areFieldsSet=true,areAllFieldsSet=false,lenient=true,zone=sun.util.calendar.ZoneInfo[id="GMT",offset=0,dstSavings=0,useDaylight=false,transitions=0,lastRule=null],firstDayOfWeek=1,minimalDaysInFirstWeek=1,ERA=1,YEAR=2026,MONTH=1,WEEK_OF_YEAR=8,WEEK_OF_MONTH=3,DAY_OF_MONTH=21,DAY_OF_YEAR=52,DAY_OF_WEEK=7,DAY_OF_WEEK_IN_MONTH=3,AM_PM=1,HOUR=9,HOUR_OF_DAY=21,MINUTE=21,SECOND=41,MILLISECOND=835,ZONE_OFFSET=0,DST_OFFSET=0]
260221 232141.920|INFO|Thread-17|log|   key: CONTEST_IDENTIFIER is: java.lang.String Default--6159007321590187439
260221 232141.920|INFO|Thread-17|log|   key: BALLOON_SETTINGS_LIST is: [Ledu.csus.ecs.pc2.core.model.BalloonSettings; [Ledu.csus.ecs.pc2.core.model.BalloonSettings;@75695e2a
260221 232141.921|INFO|Thread-17|log|   key: RUN_LIST is: [Ledu.csus.ecs.pc2.core.model.Run; [Ledu.csus.ecs.pc2.core.model.Run;@58c343e1
260221 232141.921|INFO|Thread-17|log|   key: ACCOUNT_ARRAY is: [Ledu.csus.ecs.pc2.core.model.Account; [Ledu.csus.ecs.pc2.core.model.Account;@7cf3643b
260221 235533.476|CONFIG|qtp1130478920-13|log|Now logging to /home/shahd/eclipse-workspace/wti1/logs directory.
260221 235533.476|INFO|qtp1130478920-13|log|
260221 235533.477|INFO|qtp1130478920-13|log|Version 9.10.0 () Java ver 11.0.30 build 7065 Linux 6.8.0-94-generic (amd64) 
260221 235533.477|INFO|qtp1130478920-13|log|Login: team1 (aka team1)
260221 235533.477|INFO|qtp1130478920-13|log|Working directory is /home/shahd/eclipse-workspace/wti1
260221 235533.478|INFO|qtp1130478920-13|log|Process id is 43835@shahoda
260221 235533.478|INFO|qtp1130478920-13|log|Contacting server at localhost:50002 as TEAM1 @ site 0
260221 235533.479|INFO|qtp1130478920-13|log|sendLoginRequest start - sending from TEAM1 @ site 0
260221 235533.479|INFO|qtp1130478920-13|log|Sending packet to server Packet[LOGIN_REQUEST] #2 TEAM1 @ site 0 -> SERVER0 @ site 0
260221 235533.480|INFO|qtp1130478920-13|log|Sent    packet to server Packet[LOGIN_REQUEST] #2 TEAM1 @ site 0 -> SERVER0 @ site 0
260221 235533.480|INFO|qtp1130478920-13|log|sendLoginRequest end - packet sent.
260221 235533.480|INFO|Thread-16|log|send(Serializable)
260221 235533.518|INFO|Thread-15|log|receiveUnencrypted(TransportWrapper, ConnectionHandlerID=Socket[addr=localhost/127.0.0.1,port=50002,localport=47356]--6088091243336526854)
260221 235533.523|INFO|Thread-15|log|receiveUnencrypted Made a secret key for Socket[addr=localhost/127.0.0.1,port=50002,localport=47356]--6088091243336526854 key is com.sun.crypto.provider.DESKey@fffe78a8
260221 235533.523|INFO|Thread-15|log|Generating Unencrypted Public Key Packet
260221 235533.524|INFO|Thread-15|log|checking key:= SunJCE Diffie-Hellman Public Key:
y:
    8f9dc3ef 6c7bc6fc 4096415a 76cf95ce d1da4448 355bd01d 3f1e6145 8d4b59ea
    a6eaa3f2 0d128489 418420ac e44ab32c c0988832 3f96eab7 b53855d3 274193d0
    5130d6a1 f579a508 bd227b26 1d3c3b6e fb768803 123d072b 16e71dba d2c39a9e
    4e6478c5 2e99bc8d 1734d847 3b11fdb6 185f62f1 d82bf19c 00a1662c 72e71ae7
p:
    f488fd58 4e49dbcd 20b49de4 9107366b 336c380d 451d0f7c 88b31c7c 5b2d8ef6
    f3c923c0 43f0a55b 188d8ebb 558cb85d 38d334fd 7c175743 a31d186c de33212c
    b52aff3c e1b12940 18118d7c 84a70a72 d686c403 19c80729 7aca950c d9969fab
    d00a509b 0246d308 3d66a45d 419f9c7c bd894b22 1926baab a25ec355 e92f78c7
g:
    02
l:
    512
260221 235533.524|INFO|Thread-15|log|packet:= edu.csus.ecs.pc2.core.transport.TransportWrapper@2a1341fd
260221 235533.627|INFO|Thread-15|log|public void receive(SealedObject TransportPacket, ConnectionHandlerID connectionHandlerID)
260221 235533.648|INFO|Thread-17|log| receiveObject(S) start got Packet[LOGIN_SUCCESS] #58 SERVER0 @ site 1 -> TEAM1 @ site 1
260221 235533.653|INFO|Thread-17|log|Packet LOGIN_SUCCESS (Seq #58, o#58 ) recieveObject
260221 235533.654|INFO|Thread-17|log|  From: SERVER0 @ site 1, oSERVER0 @ site 1 (shahoda @ 127.0.1.1) (Contest Id: Default--6159007321590187439)
260221 235533.654|INFO|Thread-17|log|    To: TEAM1 @ site 1
260221 235533.654|INFO|Thread-17|log|   key: PROFILE_LIST is: [Ledu.csus.ecs.pc2.core.model.Profile; [Ledu.csus.ecs.pc2.core.model.Profile;@27711ef4
260221 235533.655|INFO|Thread-17|log|   key: GENERAL_PROBLEM is: edu.csus.ecs.pc2.core.model.Problem General
260221 235533.655|INFO|Thread-17|log|   key: CLIENT_SETTINGS_LIST is: [Ledu.csus.ecs.pc2.core.model.ClientSettings; [Ledu.csus.ecs.pc2.core.model.ClientSettings;@29b6e46a
260221 235533.655|INFO|Thread-17|log|   key: CONTEST_TIME is: edu.csus.ecs.pc2.core.model.ContestTime edu.csus.ecs.pc2.core.model.ContestTime@2d897584
260221 235533.655|INFO|Thread-17|log|   key: CLARIFICATION_LIST is: [Ledu.csus.ecs.pc2.core.model.Clarification; [Ledu.csus.ecs.pc2.core.model.Clarification;@688bee51
260221 235533.656|INFO|Thread-17|log|   key: CATEGORY_LIST is: [Ledu.csus.ecs.pc2.core.model.Category; [Ledu.csus.ecs.pc2.core.model.Category;@47a2cb0a
260221 235533.656|INFO|Thread-17|log|   key: LANGUAGE_LIST is: [Ledu.csus.ecs.pc2.core.model.Language; [Ledu.csus.ecs.pc2.core.model.Language;@5929e220
260221 235533.656|INFO|Thread-17|log|   key: REMOTE_LOGGED_IN_USERS is: [Ledu.csus.ecs.pc2.core.model.ClientId; [Ledu.csus.ecs.pc2.core.model.ClientId;@3fea99d4
260221 235533.656|INFO|Thread-17|log|   key: CONTEST_TIME_LIST is: [Ledu.csus.ecs.pc2.core.model.ContestTime; [Ledu.csus.ecs.pc2.core.model.ContestTime;@8a4111e
260221 235533.657|INFO|Thread-17|log|   key: CONNECTION_HANDLE_ID_LIST is: [Ledu.csus.ecs.pc2.core.transport.ConnectionHandlerID; [Ledu.csus.ecs.pc2.core.transport.ConnectionHandlerID;@590f719b
260221 235533.657|INFO|Thread-17|log|   key: PROFILE is: edu.csus.ecs.pc2.core.model.Profile Default--6159007321590187439
260221 235533.657|INFO|Thread-17|log|   key: CLIENT_ID is: edu.csus.ecs.pc2.core.model.ClientId TEAM1 @ site 1
260221 235533.657|INFO|Thread-17|log|   key: SITE_NUMBER is: java.lang.Integer 1
260221 235533.658|INFO|Thread-17|log|   key: CONTEST_INFORMATION is: edu.csus.ecs.pc2.core.model.ContestInformation edu.csus.ecs.pc2.core.model.ContestInformation@4f21a078
260221 235533.658|INFO|Thread-17|log|   key: SITE_LIST is: [Ledu.csus.ecs.pc2.core.model.Site; [Ledu.csus.ecs.pc2.core.model.Site;@24eeb471
260221 235533.658|INFO|Thread-17|log|   key: PROBLEM_DATA_FILES is: [Ledu.csus.ecs.pc2.core.model.ProblemDataFiles; [Ledu.csus.ecs.pc2.core.model.ProblemDataFiles;@cea6d13
260221 235533.658|INFO|Thread-17|log|   key: JUDGEMENT_LIST is: [Ledu.csus.ecs.pc2.core.model.Judgement; [Ledu.csus.ecs.pc2.core.model.Judgement;@2e4b56bc
260221 235533.659|INFO|Thread-17|log|   key: PROBLEM_LIST is: [Ledu.csus.ecs.pc2.core.model.Problem; [Ledu.csus.ecs.pc2.core.model.Problem;@6c2b016d
260221 235533.659|INFO|Thread-17|log|   key: GROUP_LIST is: [Ledu.csus.ecs.pc2.core.model.Group; [Ledu.csus.ecs.pc2.core.model.Group;@3db76da5
260221 235533.659|INFO|Thread-17|log|   key: LOCAL_LOGGED_IN_USERS is: [Ledu.csus.ecs.pc2.core.model.ClientId; [Ledu.csus.ecs.pc2.core.model.ClientId;@62ea1df5
260221 235533.660|INFO|Thread-17|log|   key: SERVER_CLOCK_OFFSET is: java.util.GregorianCalendar java.util.GregorianCalendar[time=1771710933580,areFieldsSet=true,areAllFieldsSet=false,lenient=true,zone=sun.util.calendar.ZoneInfo[id="GMT",offset=0,dstSavings=0,useDaylight=false,transitions=0,lastRule=null],firstDayOfWeek=1,minimalDaysInFirstWeek=1,ERA=1,YEAR=2026,MONTH=1,WEEK_OF_YEAR=8,WEEK_OF_MONTH=3,DAY_OF_MONTH=21,DAY_OF_YEAR=52,DAY_OF_WEEK=7,DAY_OF_WEEK_IN_MONTH=3,AM_PM=1,HOUR=9,HOUR_OF_DAY=21,MINUTE=55,SECOND=33,MILLISECOND=580,ZONE_OFFSET=0,DST_OFFSET=0]
260221 235533.660|INFO|Thread-17|log|   key: CONTEST_IDENTIFIER is: java.lang.String Default--6159007321590187439
260221 235533.660|INFO|Thread-17|log|   key: BALLOON_SETTINGS_LIST is: [Ledu.csus.ecs.pc2.core.model.BalloonSettings; [Ledu.csus.ecs.pc2.core.model.BalloonSettings;@16e049a2
260221 235533.660|INFO|Thread-17|log|   key: RUN_LIST is: [Ledu.csus.ecs.pc2.core.model.Run; [Ledu.csus.ecs.pc2.core.model.Run;@2274027a
260221 235533.661|INFO|Thread-17|log|   key: ACCOUNT_ARRAY is: [Ledu.csus.ecs.pc2.core.model.Account; [Ledu.csus.ecs.pc2.core.model.Account;@242889d4
260221 235533.661|INFO|Thread-17|log|handlePacket start Packet[LOGIN_SUCCESS] #58 SERVER0 @ site 1 -> TEAM1 @ site 1
260221 235533.661|INFO|Thread-17|log|Packet LOGIN_SUCCESS (Seq #58, o#58 ) handlePacket
260221 235533.661|INFO|Thread-17|log|  From: SERVER0 @ site 1, oSERVER0 @ site 1 (shahoda @ 127.0.1.1) (Contest Id: Default--6159007321590187439)
260221 235533.662|INFO|Thread-17|log|    To: TEAM1 @ site 1
260221 235533.662|INFO|Thread-17|log|   key: PROFILE_LIST is: [Ledu.csus.ecs.pc2.core.model.Profile; [Ledu.csus.ecs.pc2.core.model.Profile;@27711ef4
260221 235533.662|INFO|Thread-17|log|   key: GENERAL_PROBLEM is: edu.csus.ecs.pc2.core.model.Problem General
260221 235533.662|INFO|Thread-17|log|   key: CLIENT_SETTINGS_LIST is: [Ledu.csus.ecs.pc2.core.model.ClientSettings; [Ledu.csus.ecs.pc2.core.model.ClientSettings;@29b6e46a
260221 235533.663|INFO|Thread-17|log|   key: CONTEST_TIME is: edu.csus.ecs.pc2.core.model.ContestTime edu.csus.ecs.pc2.core.model.ContestTime@2d897584
260221 235533.663|INFO|Thread-17|log|   key: CLARIFICATION_LIST is: [Ledu.csus.ecs.pc2.core.model.Clarification; [Ledu.csus.ecs.pc2.core.model.Clarification;@688bee51
260221 235533.664|INFO|Thread-17|log|   key: CATEGORY_LIST is: [Ledu.csus.ecs.pc2.core.model.Category; [Ledu.csus.ecs.pc2.core.model.Category;@47a2cb0a
260221 235533.664|INFO|Thread-17|log|   key: LANGUAGE_LIST is: [Ledu.csus.ecs.pc2.core.model.Language; [Ledu.csus.ecs.pc2.core.model.Language;@5929e220
260221 235533.664|INFO|Thread-17|log|   key: REMOTE_LOGGED_IN_USERS is: [Ledu.csus.ecs.pc2.core.model.ClientId; [Ledu.csus.ecs.pc2.core.model.ClientId;@3fea99d4
260221 235533.664|INFO|Thread-17|log|   key: CONTEST_TIME_LIST is: [Ledu.csus.ecs.pc2.core.model.ContestTime; [Ledu.csus.ecs.pc2.core.model.ContestTime;@8a4111e
260221 235533.665|INFO|Thread-17|log|   key: CONNECTION_HANDLE_ID_LIST is: [Ledu.csus.ecs.pc2.core.transport.ConnectionHandlerID; [Ledu.csus.ecs.pc2.core.transport.ConnectionHandlerID;@590f719b
260221 235533.665|INFO|Thread-17|log|   key: PROFILE is: edu.csus.ecs.pc2.core.model.Profile Default--6159007321590187439
260221 235533.665|INFO|Thread-17|log|   key: CLIENT_ID is: edu.csus.ecs.pc2.core.model.ClientId TEAM1 @ site 1
260221 235533.665|INFO|Thread-17|log|   key: SITE_NUMBER is: java.lang.Integer 1
260221 235533.666|INFO|Thread-17|log|   key: CONTEST_INFORMATION is: edu.csus.ecs.pc2.core.model.ContestInformation edu.csus.ecs.pc2.core.model.ContestInformation@4f21a078
260221 235533.666|INFO|Thread-17|log|   key: SITE_LIST is: [Ledu.csus.ecs.pc2.core.model.Site; [Ledu.csus.ecs.pc2.core.model.Site;@24eeb471
260221 235533.666|INFO|Thread-17|log|   key: PROBLEM_DATA_FILES is: [Ledu.csus.ecs.pc2.core.model.ProblemDataFiles; [Ledu.csus.ecs.pc2.core.model.ProblemDataFiles;@cea6d13
260221 235533.666|INFO|Thread-17|log|   key: JUDGEMENT_LIST is: [Ledu.csus.ecs.pc2.core.model.Judgement; [Ledu.csus.ecs.pc2.core.model.Judgement;@2e4b56bc
260221 235533.667|INFO|Thread-17|log|   key: PROBLEM_LIST is: [Ledu.csus.ecs.pc2.core.model.Problem; [Ledu.csus.ecs.pc2.core.model.Problem;@6c2b016d
260221 235533.667|INFO|Thread-17|log|   key: GROUP_LIST is: [Ledu.csus.ecs.pc2.core.model.Group; [Ledu.csus.ecs.pc2.core.model.Group;@3db76da5
260221 235533.667|INFO|Thread-17|log|   key: LOCAL_LOGGED_IN_USERS is: [Ledu.csus.ecs.pc2.core.model.ClientId; [Ledu.csus.ecs.pc2.core.model.ClientId;@62ea1df5
260221 235533.667|INFO|Thread-17|log|   key: SERVER_CLOCK_OFFSET is: java.util.GregorianCalendar java.util.GregorianCalendar[time=1771710933580,areFieldsSet=true,areAllFieldsSet=false,lenient=true,zone=sun.util.calendar.ZoneInfo[id="GMT",offset=0,dstSavings=0,useDaylight=false,transitions=0,lastRule=null],firstDayOfWeek=1,minimalDaysInFirstWeek=1,ERA=1,YEAR=2026,MONTH=1,WEEK_OF_YEAR=8,WEEK_OF_MONTH=3,DAY_OF_MONTH=21,DAY_OF_YEAR=52,DAY_OF_WEEK=7,DAY_OF_WEEK_IN_MONTH=3,AM_PM=1,HOUR=9,HOUR_OF_DAY=21,MINUTE=55,SECOND=33,MILLISECOND=580,ZONE_OFFSET=0,DST_OFFSET=0]
260221 235533.668|INFO|Thread-17|log|   key: CONTEST_IDENTIFIER is: java.lang.String Default--6159007321590187439
260221 235533.668|INFO|Thread-17|log|   key: BALLOON_SETTINGS_LIST is: [Ledu.csus.ecs.pc2.core.model.BalloonSettings; [Ledu.csus.ecs.pc2.core.model.BalloonSettings;@16e049a2
260221 235533.668|INFO|Thread-17|log|   key: RUN_LIST is: [Ledu.csus.ecs.pc2.core.model.Run; [Ledu.csus.ecs.pc2.core.model.Run;@2274027a
260221 235533.668|INFO|Thread-17|log|   key: ACCOUNT_ARRAY is: [Ledu.csus.ecs.pc2.core.model.Account; [Ledu.csus.ecs.pc2.core.model.Account;@242889d4
260221 235548.243|INFO|Thread-15|log|connectionDropped(ConnectionHandlerID myConnectionID) 
260222 012842.801|CONFIG|qtp477289012-39|log|Now logging to C:\Users\Shahd\git\2shahds_WCF_2026\logs directory.
260222 012842.804|INFO|qtp477289012-39|log|
260222 012842.806|INFO|qtp477289012-39|log|Version 9.10.0 () Java ver 21.0.8 build 7065 Windows 11 10.0 (amd64) 
260222 012842.806|INFO|qtp477289012-39|log|Login: team1 (aka team1)
260222 012842.807|INFO|qtp477289012-39|log|Working directory is C:\Users\Shahd\git\2shahds_WCF_2026
260222 012842.808|INFO|qtp477289012-39|log|Process id is 31660@DESKTOP-5EPLK95
260222 012842.808|INFO|qtp477289012-39|log|Contacting server at localhost:50002 as TEAM1 @ site 0
260222 012842.808|INFO|qtp477289012-39|log|sendLoginRequest start - sending from TEAM1 @ site 0
260222 012842.808|INFO|Thread-24|log|packet:= edu.csus.ecs.pc2.core.transport.TransportWrapper@6e3934ce
260222 012842.808|INFO|qtp477289012-39|log|Sending packet to server Packet[LOGIN_REQUEST] #2 TEAM1 @ site 0 -> SERVER0 @ site 0
260222 012842.810|INFO|qtp477289012-39|log|Sent    packet to server Packet[LOGIN_REQUEST] #2 TEAM1 @ site 0 -> SERVER0 @ site 0
260222 012842.811|INFO|qtp477289012-39|log|sendLoginRequest end - packet sent.
260222 012842.811|INFO|Thread-25|log|send(Serializable)
260222 012842.850|INFO|Thread-24|log|public void receive(SealedObject TransportPacket, ConnectionHandlerID connectionHandlerID)
260222 012842.872|INFO|Thread-26|log| receiveObject(S) start got Packet[LOGIN_SUCCESS] #11 SERVER0 @ site 1 -> TEAM1 @ site 1
260222 012842.880|INFO|Thread-26|log|Packet LOGIN_SUCCESS (Seq #11, o#11 ) recieveObject
260222 012842.880|INFO|Thread-26|log|  From: SERVER0 @ site 1, oSERVER0 @ site 1 (DESKTOP-5EPLK95 @ 192.168.0.1) (Contest Id: Default--8496739082754078555)
260222 012842.881|INFO|Thread-26|log|    To: TEAM1 @ site 1
260222 012842.881|INFO|Thread-26|log|   key: PROFILE_LIST is: [Ledu.csus.ecs.pc2.core.model.Profile; [Ledu.csus.ecs.pc2.core.model.Profile;@7473c1fa
260222 012842.882|INFO|Thread-26|log|   key: GENERAL_PROBLEM is: edu.csus.ecs.pc2.core.model.Problem General
260222 012842.882|INFO|Thread-26|log|   key: CLIENT_SETTINGS_LIST is: [Ledu.csus.ecs.pc2.core.model.ClientSettings; [Ledu.csus.ecs.pc2.core.model.ClientSettings;@7ab43104
260222 012842.882|INFO|Thread-26|log|   key: CONTEST_TIME is: edu.csus.ecs.pc2.core.model.ContestTime edu.csus.ecs.pc2.core.model.ContestTime@7e8baa8a
260222 012842.882|INFO|Thread-26|log|   key: CLARIFICATION_LIST is: [Ledu.csus.ecs.pc2.core.model.Clarification; [Ledu.csus.ecs.pc2.core.model.Clarification;@3b893b3f
260222 012842.883|INFO|Thread-26|log|   key: CATEGORY_LIST is: [Ledu.csus.ecs.pc2.core.model.Category; [Ledu.csus.ecs.pc2.core.model.Category;@511f41a5
260222 012842.883|INFO|Thread-26|log|   key: LANGUAGE_LIST is: [Ledu.csus.ecs.pc2.core.model.Language; [Ledu.csus.ecs.pc2.core.model.Language;@a786693
260222 012842.883|INFO|Thread-26|log|   key: REMOTE_LOGGED_IN_USERS is: [Ledu.csus.ecs.pc2.core.model.ClientId; [Ledu.csus.ecs.pc2.core.model.ClientId;@290442ac
260222 012842.883|INFO|Thread-26|log|   key: CONTEST_TIME_LIST is: [Ledu.csus.ecs.pc2.core.model.ContestTime; [Ledu.csus.ecs.pc2.core.model.ContestTime;@5ba6c470
260222 012842.883|INFO|Thread-26|log|   key: CONNECTION_HANDLE_ID_LIST is: [Ledu.csus.ecs.pc2.core.transport.ConnectionHandlerID; [Ledu.csus.ecs.pc2.core.transport.ConnectionHandlerID;@701fb4c8
260222 012842.883|INFO|Thread-26|log|   key: PROFILE is: edu.csus.ecs.pc2.core.model.Profile Default--2865323470823757023
260222 012842.883|INFO|Thread-26|log|   key: CLIENT_ID is: edu.csus.ecs.pc2.core.model.ClientId TEAM1 @ site 1
260222 012842.883|INFO|Thread-26|log|   key: SITE_NUMBER is: java.lang.Integer 1
260222 012842.883|INFO|Thread-26|log|   key: CONTEST_INFORMATION is: edu.csus.ecs.pc2.core.model.ContestInformation edu.csus.ecs.pc2.core.model.ContestInformation@399a18a6
260222 012842.883|INFO|Thread-26|log|   key: SITE_LIST is: [Ledu.csus.ecs.pc2.core.model.Site; [Ledu.csus.ecs.pc2.core.model.Site;@32002c1b
260222 012842.883|INFO|Thread-26|log|   key: PROBLEM_DATA_FILES is: [Ledu.csus.ecs.pc2.core.model.ProblemDataFiles; [Ledu.csus.ecs.pc2.core.model.ProblemDataFiles;@5fe8fb6f
260222 012842.884|INFO|Thread-26|log|   key: JUDGEMENT_LIST is: [Ledu.csus.ecs.pc2.core.model.Judgement; [Ledu.csus.ecs.pc2.core.model.Judgement;@525cadae
260222 012842.884|INFO|Thread-26|log|   key: PROBLEM_LIST is: [Ledu.csus.ecs.pc2.core.model.Problem; [Ledu.csus.ecs.pc2.core.model.Problem;@3beac06b
260222 012842.884|INFO|Thread-26|log|   key: GROUP_LIST is: [Ledu.csus.ecs.pc2.core.model.Group; [Ledu.csus.ecs.pc2.core.model.Group;@83953f9
260222 012842.884|INFO|Thread-26|log|   key: LOCAL_LOGGED_IN_USERS is: [Ledu.csus.ecs.pc2.core.model.ClientId; [Ledu.csus.ecs.pc2.core.model.ClientId;@1092f212
260222 012842.884|INFO|Thread-26|log|   key: SERVER_CLOCK_OFFSET is: java.util.GregorianCalendar java.util.GregorianCalendar[time=1771716522842,areFieldsSet=true,areAllFieldsSet=false,lenient=true,zone=sun.util.calendar.ZoneInfo[id="GMT",offset=0,dstSavings=0,useDaylight=false,transitions=0,lastRule=null],firstDayOfWeek=1,minimalDaysInFirstWeek=1,ERA=1,YEAR=2026,MONTH=1,WEEK_OF_YEAR=8,WEEK_OF_MONTH=3,DAY_OF_MONTH=21,DAY_OF_YEAR=52,DAY_OF_WEEK=7,DAY_OF_WEEK_IN_MONTH=3,AM_PM=1,HOUR=11,HOUR_OF_DAY=23,MINUTE=28,SECOND=42,MILLISECOND=842,ZONE_OFFSET=0,DST_OFFSET=0]
260222 012842.884|INFO|Thread-26|log|   key: CONTEST_IDENTIFIER is: java.lang.String Default--8496739082754078555
260222 012842.884|INFO|Thread-26|log|   key: BALLOON_SETTINGS_LIST is: [Ledu.csus.ecs.pc2.core.model.BalloonSettings; [Ledu.csus.ecs.pc2.core.model.BalloonSettings;@27941c73
260222 012842.885|INFO|Thread-26|log|   key: RUN_LIST is: [Ledu.csus.ecs.pc2.core.model.Run; [Ledu.csus.ecs.pc2.core.model.Run;@4a106972
260222 012842.885|INFO|Thread-26|log|   key: ACCOUNT_ARRAY is: [Ledu.csus.ecs.pc2.core.model.Account; [Ledu.csus.ecs.pc2.core.model.Account;@8f45d52
260222 012842.885|INFO|Thread-26|log|handlePacket start Packet[LOGIN_SUCCESS] #11 SERVER0 @ site 1 -> TEAM1 @ site 1
260222 012842.885|INFO|Thread-26|log|Packet LOGIN_SUCCESS (Seq #11, o#11 ) handlePacket
260222 012842.885|INFO|Thread-26|log|  From: SERVER0 @ site 1, oSERVER0 @ site 1 (DESKTOP-5EPLK95 @ 192.168.0.1) (Contest Id: Default--8496739082754078555)
260222 012842.885|INFO|Thread-26|log|    To: TEAM1 @ site 1
260222 012842.885|INFO|Thread-26|log|   key: PROFILE_LIST is: [Ledu.csus.ecs.pc2.core.model.Profile; [Ledu.csus.ecs.pc2.core.model.Profile;@7473c1fa
260222 012842.885|INFO|Thread-26|log|   key: GENERAL_PROBLEM is: edu.csus.ecs.pc2.core.model.Problem General
260222 012842.885|INFO|Thread-26|log|   key: CLIENT_SETTINGS_LIST is: [Ledu.csus.ecs.pc2.core.model.ClientSettings; [Ledu.csus.ecs.pc2.core.model.ClientSettings;@7ab43104
260222 012842.885|INFO|Thread-26|log|   key: CONTEST_TIME is: edu.csus.ecs.pc2.core.model.ContestTime edu.csus.ecs.pc2.core.model.ContestTime@7e8baa8a
260222 012842.885|INFO|Thread-26|log|   key: CLARIFICATION_LIST is: [Ledu.csus.ecs.pc2.core.model.Clarification; [Ledu.csus.ecs.pc2.core.model.Clarification;@3b893b3f
260222 012842.886|INFO|Thread-26|log|   key: CATEGORY_LIST is: [Ledu.csus.ecs.pc2.core.model.Category; [Ledu.csus.ecs.pc2.core.model.Category;@511f41a5
260222 012842.886|INFO|Thread-26|log|   key: LANGUAGE_LIST is: [Ledu.csus.ecs.pc2.core.model.Language; [Ledu.csus.ecs.pc2.core.model.Language;@a786693
260222 012842.886|INFO|Thread-26|log|   key: REMOTE_LOGGED_IN_USERS is: [Ledu.csus.ecs.pc2.core.model.ClientId; [Ledu.csus.ecs.pc2.core.model.ClientId;@290442ac
260222 012842.886|INFO|Thread-26|log|   key: CONTEST_TIME_LIST is: [Ledu.csus.ecs.pc2.core.model.ContestTime; [Ledu.csus.ecs.pc2.core.model.ContestTime;@5ba6c470
260222 012842.886|INFO|Thread-26|log|   key: CONNECTION_HANDLE_ID_LIST is: [Ledu.csus.ecs.pc2.core.transport.ConnectionHandlerID; [Ledu.csus.ecs.pc2.core.transport.ConnectionHandlerID;@701fb4c8
260222 012842.886|INFO|Thread-26|log|   key: PROFILE is: edu.csus.ecs.pc2.core.model.Profile Default--2865323470823757023
260222 012842.886|INFO|Thread-26|log|   key: CLIENT_ID is: edu.csus.ecs.pc2.core.model.ClientId TEAM1 @ site 1
260222 012842.886|INFO|Thread-26|log|   key: SITE_NUMBER is: java.lang.Integer 1
260222 012842.886|INFO|Thread-26|log|   key: CONTEST_INFORMATION is: edu.csus.ecs.pc2.core.model.ContestInformation edu.csus.ecs.pc2.core.model.ContestInformation@399a18a6
260222 012842.886|INFO|Thread-26|log|   key: SITE_LIST is: [Ledu.csus.ecs.pc2.core.model.Site; [Ledu.csus.ecs.pc2.core.model.Site;@32002c1b
260222 012842.886|INFO|Thread-26|log|   key: PROBLEM_DATA_FILES is: [Ledu.csus.ecs.pc2.core.model.ProblemDataFiles; [Ledu.csus.ecs.pc2.core.model.ProblemDataFiles;@5fe8fb6f
260222 012842.887|INFO|Thread-26|log|   key: JUDGEMENT_LIST is: [Ledu.csus.ecs.pc2.core.model.Judgement; [Ledu.csus.ecs.pc2.core.model.Judgement;@525cadae
260222 012842.887|INFO|Thread-26|log|   key: PROBLEM_LIST is: [Ledu.csus.ecs.pc2.core.model.Problem; [Ledu.csus.ecs.pc2.core.model.Problem;@3beac06b
260222 012842.887|INFO|Thread-26|log|   key: GROUP_LIST is: [Ledu.csus.ecs.pc2.core.model.Group; [Ledu.csus.ecs.pc2.core.model.Group;@83953f9
260222 012842.887|INFO|Thread-26|log|   key: LOCAL_LOGGED_IN_USERS is: [Ledu.csus.ecs.pc2.core.model.ClientId; [Ledu.csus.ecs.pc2.core.model.ClientId;@1092f212
260222 012842.887|INFO|Thread-26|log|   key: SERVER_CLOCK_OFFSET is: java.util.GregorianCalendar java.util.GregorianCalendar[time=1771716522842,areFieldsSet=true,areAllFieldsSet=false,lenient=true,zone=sun.util.calendar.ZoneInfo[id="GMT",offset=0,dstSavings=0,useDaylight=false,transitions=0,lastRule=null],firstDayOfWeek=1,minimalDaysInFirstWeek=1,ERA=1,YEAR=2026,MONTH=1,WEEK_OF_YEAR=8,WEEK_OF_MONTH=3,DAY_OF_MONTH=21,DAY_OF_YEAR=52,DAY_OF_WEEK=7,DAY_OF_WEEK_IN_MONTH=3,AM_PM=1,HOUR=11,HOUR_OF_DAY=23,MINUTE=28,SECOND=42,MILLISECOND=842,ZONE_OFFSET=0,DST_OFFSET=0]
260222 012842.887|INFO|Thread-26|log|   key: CONTEST_IDENTIFIER is: java.lang.String Default--8496739082754078555
260222 012842.887|INFO|Thread-26|log|   key: BALLOON_SETTINGS_LIST is: [Ledu.csus.ecs.pc2.core.model.BalloonSettings; [Ledu.csus.ecs.pc2.core.model.BalloonSettings;@27941c73
260222 012842.888|INFO|Thread-26|log|   key: RUN_LIST is: [Ledu.csus.ecs.pc2.core.model.Run; [Ledu.csus.ecs.pc2.core.model.Run;@4a106972
260222 012842.888|INFO|Thread-26|log|   key: ACCOUNT_ARRAY is: [Ledu.csus.ecs.pc2.core.model.Account; [Ledu.csus.ecs.pc2.core.model.Account;@8f45d52
260222 012844.633|INFO|Thread-24|log|connectionDropped(ConnectionHandlerID myConnectionID) 
260222 015326.791|CONFIG|qtp477289012-41|log|Now logging to C:\Users\Shahd\git\2shahds_WCF_2026\logs directory.
260222 015326.792|INFO|qtp477289012-41|log|
260222 015326.792|INFO|qtp477289012-41|log|Version 9.10.0 () Java ver 21.0.8 build 7065 Windows 11 10.0 (amd64) 
260222 015326.793|INFO|qtp477289012-41|log|Login: team1 (aka team1)
260222 015326.793|INFO|qtp477289012-41|log|Working directory is C:\Users\Shahd\git\2shahds_WCF_2026
260222 015326.793|INFO|qtp477289012-41|log|Process id is 7032@DESKTOP-5EPLK95
260222 015326.793|INFO|qtp477289012-41|log|Contacting server at localhost:50002 as TEAM1 @ site 0
260222 015326.794|INFO|qtp477289012-41|log|sendLoginRequest start - sending from TEAM1 @ site 0
260222 015326.795|INFO|qtp477289012-41|log|Sending packet to server Packet[LOGIN_REQUEST] #2 TEAM1 @ site 0 -> SERVER0 @ site 0
260222 015326.795|INFO|qtp477289012-41|log|Sent    packet to server Packet[LOGIN_REQUEST] #2 TEAM1 @ site 0 -> SERVER0 @ site 0
260222 015326.796|INFO|qtp477289012-41|log|sendLoginRequest end - packet sent.
260222 015326.796|INFO|Thread-28|log|send(Serializable)
260222 015326.799|INFO|Thread-27|log|receiveUnencrypted Made a secret key for Socket[addr=localhost/127.0.0.1,port=50002,localport=63240]--1718995102440622167 key is com.sun.crypto.provider.DESKey@186a5
260222 015326.799|INFO|Thread-27|log|Generating Unencrypted Public Key Packet
260222 015326.800|INFO|Thread-27|log|checking key:= SunJCE Diffie-Hellman Public Key:
y:
    1a5bf497 2dd4d9d8 2dc215d3 1cfa9a6a 066fd7ac 5cd4a239 fac9a5dd cc22549c
    ac779a9c 5aa69850 38fe4ed4 b5563fa8 078bf182 80eb7094 64bd1f4a 6be43f6b
    380a76f0 55409ec2 b1483097 496a9414 5cee3984 0ec81e84 70a59e90 83a7c0f9
    7594c041 e2b3ecc0 0b11e986 b4898ef9 526f466c f1dadd9d e1387cdf 8cfe46a4
p:
    f488fd58 4e49dbcd 20b49de4 9107366b 336c380d 451d0f7c 88b31c7c 5b2d8ef6
    f3c923c0 43f0a55b 188d8ebb 558cb85d 38d334fd 7c175743 a31d186c de33212c
    b52aff3c e1b12940 18118d7c 84a70a72 d686c403 19c80729 7aca950c d9969fab
    d00a509b 0246d308 3d66a45d 419f9c7c bd894b22 1926baab a25ec355 e92f78c7
g:
    02
l:
    512
260222 015326.800|INFO|Thread-27|log|packet:= edu.csus.ecs.pc2.core.transport.TransportWrapper@5466b1c5
260222 015326.832|INFO|Thread-27|log|public void receive(SealedObject TransportPacket, ConnectionHandlerID connectionHandlerID)
260222 015326.841|INFO|Thread-29|log| receiveObject(S) start got Packet[LOGIN_SUCCESS] #43 SERVER0 @ site 1 -> TEAM1 @ site 1
260222 015326.842|INFO|Thread-29|log|Packet LOGIN_SUCCESS (Seq #43, o#43 ) recieveObject
260222 015326.842|INFO|Thread-29|log|  From: SERVER0 @ site 1, oSERVER0 @ site 1 (DESKTOP-5EPLK95 @ 192.168.0.1) (Contest Id: Default--8496739082754078555)
260222 015326.842|INFO|Thread-29|log|    To: TEAM1 @ site 1
260222 015326.843|INFO|Thread-29|log|   key: PROFILE_LIST is: [Ledu.csus.ecs.pc2.core.model.Profile; [Ledu.csus.ecs.pc2.core.model.Profile;@7a62f558
260222 015326.843|INFO|Thread-29|log|   key: GENERAL_PROBLEM is: edu.csus.ecs.pc2.core.model.Problem General
260222 015326.843|INFO|Thread-29|log|   key: CLIENT_SETTINGS_LIST is: [Ledu.csus.ecs.pc2.core.model.ClientSettings; [Ledu.csus.ecs.pc2.core.model.ClientSettings;@74a50464
260222 015326.843|INFO|Thread-29|log|   key: CONTEST_TIME is: edu.csus.ecs.pc2.core.model.ContestTime edu.csus.ecs.pc2.core.model.ContestTime@709a9e28
260222 015326.843|INFO|Thread-29|log|   key: CLARIFICATION_LIST is: [Ledu.csus.ecs.pc2.core.model.Clarification; [Ledu.csus.ecs.pc2.core.model.Clarification;@35980e5f
260222 015326.843|INFO|Thread-29|log|   key: CATEGORY_LIST is: [Ledu.csus.ecs.pc2.core.model.Category; [Ledu.csus.ecs.pc2.core.model.Category;@583de581
260222 015326.844|INFO|Thread-29|log|   key: LANGUAGE_LIST is: [Ledu.csus.ecs.pc2.core.model.Language; [Ledu.csus.ecs.pc2.core.model.Language;@4675cc6
260222 015326.844|INFO|Thread-29|log|   key: REMOTE_LOGGED_IN_USERS is: [Ledu.csus.ecs.pc2.core.model.ClientId; [Ledu.csus.ecs.pc2.core.model.ClientId;@2028e9bc
260222 015326.844|INFO|Thread-29|log|   key: CONTEST_TIME_LIST is: [Ledu.csus.ecs.pc2.core.model.ContestTime; [Ledu.csus.ecs.pc2.core.model.ContestTime;@55b7f110
260222 015326.844|INFO|Thread-29|log|   key: CONNECTION_HANDLE_ID_LIST is: [Ledu.csus.ecs.pc2.core.transport.ConnectionHandlerID; [Ledu.csus.ecs.pc2.core.transport.ConnectionHandlerID;@629107ca
260222 015326.845|INFO|Thread-29|log|   key: PROFILE is: edu.csus.ecs.pc2.core.model.Profile Default--2865323470823757023
260222 015326.845|INFO|Thread-29|log|   key: CLIENT_ID is: edu.csus.ecs.pc2.core.model.ClientId TEAM1 @ site 1
260222 015326.845|INFO|Thread-29|log|   key: SITE_NUMBER is: java.lang.Integer 1
260222 015326.846|INFO|Thread-29|log|   key: CONTEST_INFORMATION is: edu.csus.ecs.pc2.core.model.ContestInformation edu.csus.ecs.pc2.core.model.ContestInformation@5c2ee632
260222 015326.846|INFO|Thread-29|log|   key: SITE_LIST is: [Ledu.csus.ecs.pc2.core.model.Site; [Ledu.csus.ecs.pc2.core.model.Site;@3b2c8102
260222 015326.846|INFO|Thread-29|log|   key: PROBLEM_DATA_FILES is: [Ledu.csus.ecs.pc2.core.model.ProblemDataFiles; [Ledu.csus.ecs.pc2.core.model.ProblemDataFiles;@51f9c806
260222 015326.846|INFO|Thread-29|log|   key: JUDGEMENT_LIST is: [Ledu.csus.ecs.pc2.core.model.Judgement; [Ledu.csus.ecs.pc2.core.model.Judgement;@3bbc2aa4
260222 015326.846|INFO|Thread-29|log|   key: PROBLEM_LIST is: [Ledu.csus.ecs.pc2.core.model.Problem; [Ledu.csus.ecs.pc2.core.model.Problem;@10884497
260222 015326.846|INFO|Thread-29|log|   key: GROUP_LIST is: [Ledu.csus.ecs.pc2.core.model.Group; [Ledu.csus.ecs.pc2.core.model.Group;@4ff3f315
260222 015326.847|INFO|Thread-29|log|   key: LOCAL_LOGGED_IN_USERS is: [Ledu.csus.ecs.pc2.core.model.ClientId; [Ledu.csus.ecs.pc2.core.model.ClientId;@5055bb15
260222 015326.847|INFO|Thread-29|log|   key: SERVER_CLOCK_OFFSET is: java.util.GregorianCalendar java.util.GregorianCalendar[time=1771718006819,areFieldsSet=true,areAllFieldsSet=false,lenient=true,zone=sun.util.calendar.ZoneInfo[id="GMT",offset=0,dstSavings=0,useDaylight=false,transitions=0,lastRule=null],firstDayOfWeek=1,minimalDaysInFirstWeek=1,ERA=1,YEAR=2026,MONTH=1,WEEK_OF_YEAR=8,WEEK_OF_MONTH=3,DAY_OF_MONTH=21,DAY_OF_YEAR=52,DAY_OF_WEEK=7,DAY_OF_WEEK_IN_MONTH=3,AM_PM=1,HOUR=11,HOUR_OF_DAY=23,MINUTE=53,SECOND=26,MILLISECOND=819,ZONE_OFFSET=0,DST_OFFSET=0]
260222 015326.847|INFO|Thread-29|log|   key: CONTEST_IDENTIFIER is: java.lang.String Default--8496739082754078555
260222 015326.847|INFO|Thread-29|log|   key: BALLOON_SETTINGS_LIST is: [Ledu.csus.ecs.pc2.core.model.BalloonSettings; [Ledu.csus.ecs.pc2.core.model.BalloonSettings;@a6652b1
260222 015326.847|INFO|Thread-29|log|   key: RUN_LIST is: [Ledu.csus.ecs.pc2.core.model.Run; [Ledu.csus.ecs.pc2.core.model.Run;@58981396
260222 015326.847|INFO|Thread-29|log|   key: ACCOUNT_ARRAY is: [Ledu.csus.ecs.pc2.core.model.Account; [Ledu.csus.ecs.pc2.core.model.Account;@82338cb
260222 015326.847|INFO|Thread-29|log|handlePacket start Packet[LOGIN_SUCCESS] #43 SERVER0 @ site 1 -> TEAM1 @ site 1
260222 015326.847|INFO|Thread-29|log|Packet LOGIN_SUCCESS (Seq #43, o#43 ) handlePacket
260222 015326.848|INFO|Thread-29|log|  From: SERVER0 @ site 1, oSERVER0 @ site 1 (DESKTOP-5EPLK95 @ 192.168.0.1) (Contest Id: Default--8496739082754078555)
260222 015326.848|INFO|Thread-29|log|    To: TEAM1 @ site 1
260222 015326.848|INFO|Thread-29|log|   key: PROFILE_LIST is: [Ledu.csus.ecs.pc2.core.model.Profile; [Ledu.csus.ecs.pc2.core.model.Profile;@7a62f558
260222 015326.848|INFO|Thread-29|log|   key: GENERAL_PROBLEM is: edu.csus.ecs.pc2.core.model.Problem General
260222 015326.848|INFO|Thread-29|log|   key: CLIENT_SETTINGS_LIST is: [Ledu.csus.ecs.pc2.core.model.ClientSettings; [Ledu.csus.ecs.pc2.core.model.ClientSettings;@74a50464
260222 015326.848|INFO|Thread-29|log|   key: CONTEST_TIME is: edu.csus.ecs.pc2.core.model.ContestTime edu.csus.ecs.pc2.core.model.ContestTime@709a9e28
260222 015326.849|INFO|Thread-29|log|   key: CLARIFICATION_LIST is: [Ledu.csus.ecs.pc2.core.model.Clarification; [Ledu.csus.ecs.pc2.core.model.Clarification;@35980e5f
260222 015326.849|INFO|Thread-29|log|   key: CATEGORY_LIST is: [Ledu.csus.ecs.pc2.core.model.Category; [Ledu.csus.ecs.pc2.core.model.Category;@583de581
260222 015326.849|INFO|Thread-29|log|   key: LANGUAGE_LIST is: [Ledu.csus.ecs.pc2.core.model.Language; [Ledu.csus.ecs.pc2.core.model.Language;@4675cc6
260222 015326.849|INFO|Thread-29|log|   key: REMOTE_LOGGED_IN_USERS is: [Ledu.csus.ecs.pc2.core.model.ClientId; [Ledu.csus.ecs.pc2.core.model.ClientId;@2028e9bc
260222 015326.849|INFO|Thread-29|log|   key: CONTEST_TIME_LIST is: [Ledu.csus.ecs.pc2.core.model.ContestTime; [Ledu.csus.ecs.pc2.core.model.ContestTime;@55b7f110
260222 015326.849|INFO|Thread-29|log|   key: CONNECTION_HANDLE_ID_LIST is: [Ledu.csus.ecs.pc2.core.transport.ConnectionHandlerID; [Ledu.csus.ecs.pc2.core.transport.ConnectionHandlerID;@629107ca
260222 015326.849|INFO|Thread-29|log|   key: PROFILE is: edu.csus.ecs.pc2.core.model.Profile Default--2865323470823757023
260222 015326.850|INFO|Thread-29|log|   key: CLIENT_ID is: edu.csus.ecs.pc2.core.model.ClientId TEAM1 @ site 1
260222 015326.850|INFO|Thread-29|log|   key: SITE_NUMBER is: java.lang.Integer 1
260222 015326.850|INFO|Thread-29|log|   key: CONTEST_INFORMATION is: edu.csus.ecs.pc2.core.model.ContestInformation edu.csus.ecs.pc2.core.model.ContestInformation@5c2ee632
260222 015326.851|INFO|Thread-29|log|   key: SITE_LIST is: [Ledu.csus.ecs.pc2.core.model.Site; [Ledu.csus.ecs.pc2.core.model.Site;@3b2c8102
260222 015326.851|INFO|Thread-29|log|   key: PROBLEM_DATA_FILES is: [Ledu.csus.ecs.pc2.core.model.ProblemDataFiles; [Ledu.csus.ecs.pc2.core.model.ProblemDataFiles;@51f9c806
260222 015326.851|INFO|Thread-29|log|   key: JUDGEMENT_LIST is: [Ledu.csus.ecs.pc2.core.model.Judgement; [Ledu.csus.ecs.pc2.core.model.Judgement;@3bbc2aa4
260222 015326.851|INFO|Thread-29|log|   key: PROBLEM_LIST is: [Ledu.csus.ecs.pc2.core.model.Problem; [Ledu.csus.ecs.pc2.core.model.Problem;@10884497
260222 015326.852|INFO|Thread-29|log|   key: GROUP_LIST is: [Ledu.csus.ecs.pc2.core.model.Group; [Ledu.csus.ecs.pc2.core.model.Group;@4ff3f315
260222 015326.852|INFO|Thread-29|log|   key: LOCAL_LOGGED_IN_USERS is: [Ledu.csus.ecs.pc2.core.model.ClientId; [Ledu.csus.ecs.pc2.core.model.ClientId;@5055bb15
260222 015326.852|INFO|Thread-29|log|   key: SERVER_CLOCK_OFFSET is: java.util.GregorianCalendar java.util.GregorianCalendar[time=1771718006819,areFieldsSet=true,areAllFieldsSet=false,lenient=true,zone=sun.util.calendar.ZoneInfo[id="GMT",offset=0,dstSavings=0,useDaylight=false,transitions=0,lastRule=null],firstDayOfWeek=1,minimalDaysInFirstWeek=1,ERA=1,YEAR=2026,MONTH=1,WEEK_OF_YEAR=8,WEEK_OF_MONTH=3,DAY_OF_MONTH=21,DAY_OF_YEAR=52,DAY_OF_WEEK=7,DAY_OF_WEEK_IN_MONTH=3,AM_PM=1,HOUR=11,HOUR_OF_DAY=23,MINUTE=53,SECOND=26,MILLISECOND=819,ZONE_OFFSET=0,DST_OFFSET=0]
260222 015326.852|INFO|Thread-29|log|   key: CONTEST_IDENTIFIER is: java.lang.String Default--8496739082754078555
260222 015326.852|INFO|Thread-29|log|   key: BALLOON_SETTINGS_LIST is: [Ledu.csus.ecs.pc2.core.model.BalloonSettings; [Ledu.csus.ecs.pc2.core.model.BalloonSettings;@a6652b1
260222 015326.853|INFO|Thread-29|log|   key: RUN_LIST is: [Ledu.csus.ecs.pc2.core.model.Run; [Ledu.csus.ecs.pc2.core.model.Run;@58981396
260222 015326.853|INFO|Thread-29|log|   key: ACCOUNT_ARRAY is: [Ledu.csus.ecs.pc2.core.model.Account; [Ledu.csus.ecs.pc2.core.model.Account;@82338cb
260222 025118.629|CONFIG|qtp477289012-61|log|Now logging to C:\Users\Shahd\git\2shahds_WCF_2026\logs directory.
260222 025118.630|INFO|qtp477289012-61|log|
260222 025118.632|INFO|qtp477289012-61|log|Version 9.10.0 () Java ver 21.0.8 build 7065 Windows 11 10.0 (amd64) 
260222 025118.633|INFO|qtp477289012-61|log|Login: team1 (aka team1)
260222 025118.634|INFO|qtp477289012-61|log|Working directory is C:\Users\Shahd\git\2shahds_WCF_2026
260222 025118.634|INFO|qtp477289012-61|log|Process id is 22780@DESKTOP-5EPLK95
260222 025118.634|INFO|qtp477289012-61|log|Contacting server at localhost:50002 as TEAM1 @ site 0
260222 025118.635|INFO|Thread-23|log|receiveUnencrypted(TransportWrapper, ConnectionHandlerID=Socket[addr=localhost/127.0.0.1,port=50002,localport=50465]--1830163885056149554)
260222 025118.635|INFO|qtp477289012-61|log|sendLoginRequest start - sending from TEAM1 @ site 0
260222 025118.635|INFO|qtp477289012-61|log|Sending packet to server Packet[LOGIN_REQUEST] #2 TEAM1 @ site 0 -> SERVER0 @ site 0
260222 025118.636|INFO|qtp477289012-61|log|Sent    packet to server Packet[LOGIN_REQUEST] #2 TEAM1 @ site 0 -> SERVER0 @ site 0
260222 025118.636|INFO|qtp477289012-61|log|sendLoginRequest end - packet sent.
260222 025118.636|INFO|Thread-24|log|send(Serializable)
260222 025118.641|INFO|Thread-23|log|receiveUnencrypted Made a secret key for Socket[addr=localhost/127.0.0.1,port=50002,localport=50465]--1830163885056149554 key is com.sun.crypto.provider.DESKey@fffe7901
260222 025118.642|INFO|Thread-23|log|Generating Unencrypted Public Key Packet
260222 025118.642|INFO|Thread-23|log|checking key:= SunJCE Diffie-Hellman Public Key:
y:
    242ac2e2 364dbe94 6f4bda5b ee40c85b 6c43fd41 e2c9e2e4 b291ad94 a9783a2d
    c124d8e5 c61642cd 04ed6f02 54350154 12b7e4e4 941c3554 b43c69e0 aef9bd43
    7ac70f8e 6afafb73 c955c379 b81c96bb f839b7b4 681e22af bd510c3d 43c47ef9
    093c5b90 97428e7f b1450907 5c1d7dcc 00fcf8ee 3e6b9004 f7319879 cdb3f542
p:
    f488fd58 4e49dbcd 20b49de4 9107366b 336c380d 451d0f7c 88b31c7c 5b2d8ef6
    f3c923c0 43f0a55b 188d8ebb 558cb85d 38d334fd 7c175743 a31d186c de33212c
    b52aff3c e1b12940 18118d7c 84a70a72 d686c403 19c80729 7aca950c d9969fab
    d00a509b 0246d308 3d66a45d 419f9c7c bd894b22 1926baab a25ec355 e92f78c7
g:
    02
l:
    512
260222 025118.642|INFO|Thread-23|log|packet:= edu.csus.ecs.pc2.core.transport.TransportWrapper@4606b7b
260222 025118.656|INFO|Thread-23|log|public void receive(SealedObject TransportPacket, ConnectionHandlerID connectionHandlerID)
260222 025118.660|INFO|Thread-25|log| receiveObject(S) start got Packet[LOGIN_FAILED] #96 SERVER0 @ site 1 -> TEAM1 @ site 0
260222 025118.662|INFO|Thread-25|log|Packet LOGIN_FAILED (Seq #96, o#96 ) recieveObject
260222 025118.662|INFO|Thread-25|log|  From: SERVER0 @ site 1, oSERVER0 @ site 1 (DESKTOP-5EPLK95 @ 192.168.0.1) (Contest Id: Default--8496739082754078555)
260222 025118.663|INFO|Thread-25|log|    To: TEAM1 @ site 0
260222 025118.663|INFO|Thread-25|log|   key: MESSAGE_STRING is: java.lang.String Invalid password
260222 025118.664|INFO|Thread-25|log|handlePacket start Packet[LOGIN_FAILED] #96 SERVER0 @ site 1 -> TEAM1 @ site 0
260222 025118.664|INFO|Thread-25|log|Packet LOGIN_FAILED (Seq #96, o#96 ) handlePacket
260222 025118.664|INFO|Thread-25|log|  From: SERVER0 @ site 1, oSERVER0 @ site 1 (DESKTOP-5EPLK95 @ 192.168.0.1) (Contest Id: Default--8496739082754078555)
260222 025118.664|INFO|Thread-25|log|    To: TEAM1 @ site 0
260222 025118.665|INFO|Thread-25|log|   key: MESSAGE_STRING is: java.lang.String Invalid password
260222 025118.667|INFO|Thread-25|log| receiveObject(S) end   got Packet[LOGIN_FAILED] #96 SERVER0 @ site 1 -> TEAM1 @ site 0
260222 025206.423|INFO|Thread-23|log|connectionDropped(ConnectionHandlerID myConnectionID) 
