260224 212135.660|CONFIG|qtp38997010-18|log|Now logging to C:\Users\Lenovo\git\2shahds_WCF_2026\logs directory.
260224 212135.660|INFO|qtp38997010-18|log|
260224 212135.660|INFO|qtp38997010-18|log|Version 9.10.0 () Java ver 1.8.0_51 build 7065 Windows 8.1 6.3 (amd64) 
260224 212135.660|INFO|qtp38997010-18|log|Login: team2 (aka team2)
260224 212135.660|INFO|qtp38997010-18|log|Working directory is C:\Users\Lenovo\git\2shahds_WCF_2026
260224 212135.660|INFO|qtp38997010-18|log|Process id is 23624@lilsaados
260224 212135.661|INFO|qtp38997010-18|log|Contacting server at localhost:50002 as TEAM2 @ site 0
260224 212135.661|INFO|qtp38997010-18|log|sendLoginRequest start - sending from TEAM2 @ site 0
260224 212135.661|INFO|qtp38997010-18|log|Sending packet to server Packet[LOGIN_REQUEST] #7 TEAM2 @ site 0 -> SERVER0 @ site 0
260224 212135.661|INFO|Thread-38|log|receiveUnencrypted(TransportWrapper, ConnectionHandlerID=Socket[addr=localhost/127.0.0.1,port=50002,localport=49251]-5252721054836339348)
260224 212135.662|INFO|Thread-39|log|send(Serializable)
260224 212135.662|INFO|qtp38997010-18|log|Sent    packet to server Packet[LOGIN_REQUEST] #7 TEAM2 @ site 0 -> SERVER0 @ site 0
260224 212135.662|INFO|qtp38997010-18|log|sendLoginRequest end - packet sent.
260224 212135.665|INFO|Thread-38|log|receiveUnencrypted Made a secret key for Socket[addr=localhost/127.0.0.1,port=50002,localport=49251]-5252721054836339348 key is com.sun.crypto.provider.DESKey@18571
260224 212135.665|INFO|Thread-38|log|Generating Unencrypted Public Key Packet
260224 212135.665|INFO|Thread-38|log|checking key:= SunJCE Diffie-Hellman Public Key:
y:
    cb344a2f 7df42dc4 3d2eb8ca 00f18c50 d93bfb33 fee52422 692a5469 aca3e49d
    ebc00301 eb91b7ec e4b1b5f4 8db73c9e 215c02a1 55d1e35f e89a5b3c ee1ccae2
    1678c344 904e571f 999f2147 af745bc4 28619178 1bf26f78 8148e5b4 e9279da4
    54dec378 4139a520 09b2cf9d 360d6bf8 e34c2aa0 d015756a fffc4a51 0f1a3f32
p:
    f488fd58 4e49dbcd 20b49de4 9107366b 336c380d 451d0f7c 88b31c7c 5b2d8ef6
    f3c923c0 43f0a55b 188d8ebb 558cb85d 38d334fd 7c175743 a31d186c de33212c
    b52aff3c e1b12940 18118d7c 84a70a72 d686c403 19c80729 7aca950c d9969fab
    d00a509b 0246d308 3d66a45d 419f9c7c bd894b22 1926baab a25ec355 e92f78c7
g:
    02
l:
    512
260224 212135.665|INFO|Thread-38|log|packet:= edu.csus.ecs.pc2.core.transport.TransportWrapper@456ece1d
260224 212135.685|INFO|Thread-38|log|public void receive(SealedObject TransportPacket, ConnectionHandlerID connectionHandlerID)
260224 212135.695|INFO|Thread-40|log| receiveObject(S) start got Packet[LOGIN_SUCCESS] #35 SERVER0 @ site 1 -> TEAM2 @ site 1
260224 212135.695|INFO|Thread-40|log|Packet LOGIN_SUCCESS (Seq #35, o#35 ) recieveObject
260224 212135.695|INFO|Thread-40|log|  From: SERVER0 @ site 1, oSERVER0 @ site 1 (lilsaados @ 169.254.83.107) (Contest Id: Default--8030075252927918473)
260224 212135.695|INFO|Thread-40|log|    To: TEAM2 @ site 1
260224 212135.695|INFO|Thread-40|log|   key: ACCOUNT_ARRAY is: [Ledu.csus.ecs.pc2.core.model.Account; [Ledu.csus.ecs.pc2.core.model.Account;@5e311e1a
260224 212135.695|INFO|Thread-40|log|   key: GENERAL_PROBLEM is: edu.csus.ecs.pc2.core.model.Problem General
260224 212135.695|INFO|Thread-40|log|   key: SERVER_CLOCK_OFFSET is: java.util.GregorianCalendar java.util.GregorianCalendar[time=1771960895678,areFieldsSet=true,areAllFieldsSet=false,lenient=true,zone=sun.util.calendar.ZoneInfo[id="GMT",offset=0,dstSavings=0,useDaylight=false,transitions=0,lastRule=null],firstDayOfWeek=1,minimalDaysInFirstWeek=1,ERA=1,YEAR=2026,MONTH=1,WEEK_OF_YEAR=9,WEEK_OF_MONTH=4,DAY_OF_MONTH=24,DAY_OF_YEAR=55,DAY_OF_WEEK=3,DAY_OF_WEEK_IN_MONTH=4,AM_PM=1,HOUR=7,HOUR_OF_DAY=19,MINUTE=21,SECOND=35,MILLISECOND=678,ZONE_OFFSET=0,DST_OFFSET=0]
260224 212135.695|INFO|Thread-40|log|   key: JUDGEMENT_LIST is: [Ledu.csus.ecs.pc2.core.model.Judgement; [Ledu.csus.ecs.pc2.core.model.Judgement;@50f6fbac
260224 212135.695|INFO|Thread-40|log|   key: PROBLEM_DATA_FILES is: [Ledu.csus.ecs.pc2.core.model.ProblemDataFiles; [Ledu.csus.ecs.pc2.core.model.ProblemDataFiles;@54c9756a
260224 212135.697|INFO|Thread-40|log|   key: LANGUAGE_LIST is: [Ledu.csus.ecs.pc2.core.model.Language; [Ledu.csus.ecs.pc2.core.model.Language;@11cbf197
260224 212135.697|INFO|Thread-40|log|   key: PROFILE is: edu.csus.ecs.pc2.core.model.Profile Default-917756220166097124
260224 212135.697|INFO|Thread-40|log|   key: BALLOON_SETTINGS_LIST is: [Ledu.csus.ecs.pc2.core.model.BalloonSettings; [Ledu.csus.ecs.pc2.core.model.BalloonSettings;@475cfc7a
260224 212135.697|INFO|Thread-40|log|   key: REMOTE_LOGGED_IN_USERS is: [Ledu.csus.ecs.pc2.core.model.ClientId; [Ledu.csus.ecs.pc2.core.model.ClientId;@209044a6
260224 212135.697|INFO|Thread-40|log|   key: CLARIFICATION_LIST is: [Ledu.csus.ecs.pc2.core.model.Clarification; [Ledu.csus.ecs.pc2.core.model.Clarification;@3fed17fb
260224 212135.697|INFO|Thread-40|log|   key: CONTEST_IDENTIFIER is: java.lang.String Default--8030075252927918473
260224 212135.697|INFO|Thread-40|log|   key: PROBLEM_LIST is: [Ledu.csus.ecs.pc2.core.model.Problem; [Ledu.csus.ecs.pc2.core.model.Problem;@71e40ed8
260224 212135.697|INFO|Thread-40|log|   key: SITE_NUMBER is: java.lang.Integer 1
260224 212135.697|INFO|Thread-40|log|   key: CATEGORY_LIST is: [Ledu.csus.ecs.pc2.core.model.Category; [Ledu.csus.ecs.pc2.core.model.Category;@51fb83b2
260224 212135.697|INFO|Thread-40|log|   key: CLIENT_SETTINGS_LIST is: [Ledu.csus.ecs.pc2.core.model.ClientSettings; [Ledu.csus.ecs.pc2.core.model.ClientSettings;@736c485f
260224 212135.697|INFO|Thread-40|log|   key: LOCAL_LOGGED_IN_USERS is: [Ledu.csus.ecs.pc2.core.model.ClientId; [Ledu.csus.ecs.pc2.core.model.ClientId;@24e9db06
260224 212135.697|INFO|Thread-40|log|   key: CLIENT_ID is: edu.csus.ecs.pc2.core.model.ClientId TEAM2 @ site 1
260224 212135.697|INFO|Thread-40|log|   key: GROUP_LIST is: [Ledu.csus.ecs.pc2.core.model.Group; [Ledu.csus.ecs.pc2.core.model.Group;@75aa938d
260224 212135.697|INFO|Thread-40|log|   key: CONNECTION_HANDLE_ID_LIST is: [Ledu.csus.ecs.pc2.core.transport.ConnectionHandlerID; [Ledu.csus.ecs.pc2.core.transport.ConnectionHandlerID;@78c16899
260224 212135.697|INFO|Thread-40|log|   key: CONTEST_TIME is: edu.csus.ecs.pc2.core.model.ContestTime edu.csus.ecs.pc2.core.model.ContestTime@69fee96e
260224 212135.697|INFO|Thread-40|log|   key: PROFILE_LIST is: [Ledu.csus.ecs.pc2.core.model.Profile; [Ledu.csus.ecs.pc2.core.model.Profile;@3252ebc
260224 212135.697|INFO|Thread-40|log|   key: CONTEST_TIME_LIST is: [Ledu.csus.ecs.pc2.core.model.ContestTime; [Ledu.csus.ecs.pc2.core.model.ContestTime;@2232e3ae
260224 212135.697|INFO|Thread-40|log|   key: CONTEST_INFORMATION is: edu.csus.ecs.pc2.core.model.ContestInformation edu.csus.ecs.pc2.core.model.ContestInformation@5144c2d1
260224 212135.697|INFO|Thread-40|log|   key: SITE_LIST is: [Ledu.csus.ecs.pc2.core.model.Site; [Ledu.csus.ecs.pc2.core.model.Site;@4feff40e
260224 212135.697|INFO|Thread-40|log|   key: RUN_LIST is: [Ledu.csus.ecs.pc2.core.model.Run; [Ledu.csus.ecs.pc2.core.model.Run;@65957381
260224 212135.697|INFO|Thread-40|log|handlePacket start Packet[LOGIN_SUCCESS] #35 SERVER0 @ site 1 -> TEAM2 @ site 1
260224 212135.697|INFO|Thread-40|log|Packet LOGIN_SUCCESS (Seq #35, o#35 ) handlePacket
260224 212135.697|INFO|Thread-40|log|  From: SERVER0 @ site 1, oSERVER0 @ site 1 (lilsaados @ 169.254.83.107) (Contest Id: Default--8030075252927918473)
260224 212135.698|INFO|Thread-40|log|    To: TEAM2 @ site 1
260224 212135.698|INFO|Thread-40|log|   key: ACCOUNT_ARRAY is: [Ledu.csus.ecs.pc2.core.model.Account; [Ledu.csus.ecs.pc2.core.model.Account;@5e311e1a
260224 212135.698|INFO|Thread-40|log|   key: GENERAL_PROBLEM is: edu.csus.ecs.pc2.core.model.Problem General
260224 212135.698|INFO|Thread-40|log|   key: SERVER_CLOCK_OFFSET is: java.util.GregorianCalendar java.util.GregorianCalendar[time=1771960895678,areFieldsSet=true,areAllFieldsSet=false,lenient=true,zone=sun.util.calendar.ZoneInfo[id="GMT",offset=0,dstSavings=0,useDaylight=false,transitions=0,lastRule=null],firstDayOfWeek=1,minimalDaysInFirstWeek=1,ERA=1,YEAR=2026,MONTH=1,WEEK_OF_YEAR=9,WEEK_OF_MONTH=4,DAY_OF_MONTH=24,DAY_OF_YEAR=55,DAY_OF_WEEK=3,DAY_OF_WEEK_IN_MONTH=4,AM_PM=1,HOUR=7,HOUR_OF_DAY=19,MINUTE=21,SECOND=35,MILLISECOND=678,ZONE_OFFSET=0,DST_OFFSET=0]
260224 212135.698|INFO|Thread-40|log|   key: JUDGEMENT_LIST is: [Ledu.csus.ecs.pc2.core.model.Judgement; [Ledu.csus.ecs.pc2.core.model.Judgement;@50f6fbac
260224 212135.698|INFO|Thread-40|log|   key: PROBLEM_DATA_FILES is: [Ledu.csus.ecs.pc2.core.model.ProblemDataFiles; [Ledu.csus.ecs.pc2.core.model.ProblemDataFiles;@54c9756a
260224 212135.698|INFO|Thread-40|log|   key: LANGUAGE_LIST is: [Ledu.csus.ecs.pc2.core.model.Language; [Ledu.csus.ecs.pc2.core.model.Language;@11cbf197
260224 212135.698|INFO|Thread-40|log|   key: PROFILE is: edu.csus.ecs.pc2.core.model.Profile Default-917756220166097124
260224 212135.698|INFO|Thread-40|log|   key: BALLOON_SETTINGS_LIST is: [Ledu.csus.ecs.pc2.core.model.BalloonSettings; [Ledu.csus.ecs.pc2.core.model.BalloonSettings;@475cfc7a
260224 212135.698|INFO|Thread-40|log|   key: REMOTE_LOGGED_IN_USERS is: [Ledu.csus.ecs.pc2.core.model.ClientId; [Ledu.csus.ecs.pc2.core.model.ClientId;@209044a6
260224 212135.698|INFO|Thread-40|log|   key: CLARIFICATION_LIST is: [Ledu.csus.ecs.pc2.core.model.Clarification; [Ledu.csus.ecs.pc2.core.model.Clarification;@3fed17fb
260224 212135.698|INFO|Thread-40|log|   key: CONTEST_IDENTIFIER is: java.lang.String Default--8030075252927918473
260224 212135.698|INFO|Thread-40|log|   key: PROBLEM_LIST is: [Ledu.csus.ecs.pc2.core.model.Problem; [Ledu.csus.ecs.pc2.core.model.Problem;@71e40ed8
260224 212135.698|INFO|Thread-40|log|   key: SITE_NUMBER is: java.lang.Integer 1
260224 212135.698|INFO|Thread-40|log|   key: CATEGORY_LIST is: [Ledu.csus.ecs.pc2.core.model.Category; [Ledu.csus.ecs.pc2.core.model.Category;@51fb83b2
260224 212135.698|INFO|Thread-40|log|   key: CLIENT_SETTINGS_LIST is: [Ledu.csus.ecs.pc2.core.model.ClientSettings; [Ledu.csus.ecs.pc2.core.model.ClientSettings;@736c485f
260224 212135.698|INFO|Thread-40|log|   key: LOCAL_LOGGED_IN_USERS is: [Ledu.csus.ecs.pc2.core.model.ClientId; [Ledu.csus.ecs.pc2.core.model.ClientId;@24e9db06
260224 212135.698|INFO|Thread-40|log|   key: CLIENT_ID is: edu.csus.ecs.pc2.core.model.ClientId TEAM2 @ site 1
260224 212135.698|INFO|Thread-40|log|   key: GROUP_LIST is: [Ledu.csus.ecs.pc2.core.model.Group; [Ledu.csus.ecs.pc2.core.model.Group;@75aa938d
260224 212135.698|INFO|Thread-40|log|   key: CONNECTION_HANDLE_ID_LIST is: [Ledu.csus.ecs.pc2.core.transport.ConnectionHandlerID; [Ledu.csus.ecs.pc2.core.transport.ConnectionHandlerID;@78c16899
260224 212135.698|INFO|Thread-40|log|   key: CONTEST_TIME is: edu.csus.ecs.pc2.core.model.ContestTime edu.csus.ecs.pc2.core.model.ContestTime@69fee96e
260224 212135.698|INFO|Thread-40|log|   key: PROFILE_LIST is: [Ledu.csus.ecs.pc2.core.model.Profile; [Ledu.csus.ecs.pc2.core.model.Profile;@3252ebc
260224 212135.698|INFO|Thread-40|log|   key: CONTEST_TIME_LIST is: [Ledu.csus.ecs.pc2.core.model.ContestTime; [Ledu.csus.ecs.pc2.core.model.ContestTime;@2232e3ae
260224 212135.698|INFO|Thread-40|log|   key: CONTEST_INFORMATION is: edu.csus.ecs.pc2.core.model.ContestInformation edu.csus.ecs.pc2.core.model.ContestInformation@5144c2d1
260224 212135.698|INFO|Thread-40|log|   key: SITE_LIST is: [Ledu.csus.ecs.pc2.core.model.Site; [Ledu.csus.ecs.pc2.core.model.Site;@4feff40e
260224 212135.698|INFO|Thread-40|log|   key: RUN_LIST is: [Ledu.csus.ecs.pc2.core.model.Run; [Ledu.csus.ecs.pc2.core.model.Run;@65957381
